pci_intrs:18:config:cpu	128
pci_intrs:18:config:name	pcieb18
pci_intrs:18:config:pil	9
pci_intrs:18:config:type	msi
pci_intrs:19:config:cpu	8
pci_intrs:19:config:name	pcieb9
pci_intrs:19:config:pil	9
pci_intrs:19:config:type	msi
pci_intrs:20:config:cpu	16
pci_intrs:20:config:name	mpt_sas0
pci_intrs:20:config:pil	5
pci_intrs:20:config:type	msix
pci_intrs:21:config:cpu	24
pci_intrs:21:config:name	mpt_sas0
pci_intrs:21:config:pil	5
pci_intrs:21:config:type	msix
pci_intrs:22:config:cpu	32
pci_intrs:22:config:name	mpt_sas0
pci_intrs:22:config:pil	5
pci_intrs:22:config:type	msix
pci_intrs:23:config:cpu	40
pci_intrs:23:config:name	mpt_sas0
pci_intrs:23:config:pil	5
pci_intrs:23:config:type	msix
pci_intrs:24:config:cpu	48
pci_intrs:24:config:name	mpt_sas0
pci_intrs:24:config:pil	5
pci_intrs:24:config:type	msix
pci_intrs:25:config:cpu	56
pci_intrs:25:config:name	mpt_sas0
pci_intrs:25:config:pil	5
pci_intrs:25:config:type	msix
pci_intrs:26:config:cpu	64
pci_intrs:26:config:name	mpt_sas0
pci_intrs:26:config:pil	5
pci_intrs:26:config:type	msix
pci_intrs:27:config:cpu	72
pci_intrs:27:config:name	mpt_sas0
pci_intrs:27:config:pil	5
pci_intrs:27:config:type	msix
pci_intrs:28:config:cpu	80
pci_intrs:28:config:name	mpt_sas0
pci_intrs:28:config:pil	5
pci_intrs:28:config:type	msix
pci_intrs:29:config:cpu	88
pci_intrs:29:config:name	mpt_sas0
pci_intrs:29:config:pil	5
pci_intrs:29:config:type	msix
pci_intrs:30:config:cpu	96
pci_intrs:30:config:name	mpt_sas0
pci_intrs:30:config:pil	5
pci_intrs:30:config:type	msix
pci_intrs:31:config:cpu	104
pci_intrs:31:config:name	mpt_sas0
pci_intrs:31:config:pil	5
pci_intrs:31:config:type	msix
pci_intrs:32:config:cpu	112
pci_intrs:32:config:name	mpt_sas0
pci_intrs:32:config:pil	5
pci_intrs:32:config:type	msix
pci_intrs:33:config:cpu	120
pci_intrs:33:config:name	mpt_sas0
pci_intrs:33:config:pil	5
pci_intrs:33:config:type	msix
pci_intrs:34:config:cpu	9
pci_intrs:34:config:name	mpt_sas0
pci_intrs:34:config:pil	5
pci_intrs:34:config:type	msix
pci_intrs:35:config:cpu	17
pci_intrs:35:config:name	mpt_sas0
pci_intrs:35:config:pil	5
pci_intrs:35:config:type	msix
pci_intrs:36:config:cpu	0
pci_intrs:36:config:name	pcieb2
pci_intrs:36:config:pil	9
pci_intrs:36:config:type	msi
pci_intrs:37:config:cpu	1
pci_intrs:37:config:name	pcieb3
pci_intrs:37:config:pil	9
pci_intrs:37:config:type	msi
pci_intrs:38:config:cpu	25
pci_intrs:38:config:name	pcieb4
pci_intrs:38:config:pil	9
pci_intrs:38:config:type	msi
pci_intrs:39:config:cpu	33
pci_intrs:39:config:name	pcieb5
pci_intrs:39:config:pil	9
pci_intrs:39:config:type	msi
pci_intrs:40:config:cpu	41
pci_intrs:40:config:name	pcieb8
pci_intrs:40:config:pil	9
pci_intrs:40:config:type	msi
pci_intrs:41:config:cpu	49
pci_intrs:41:config:name	pcieb10
pci_intrs:41:config:pil	9
pci_intrs:41:config:type	msi
pci_intrs:42:config:cpu	136
pci_intrs:42:config:name	pcieb13
pci_intrs:42:config:pil	9
pci_intrs:42:config:type	msi
pci_intrs:43:config:cpu	144
pci_intrs:43:config:name	pcieb14
pci_intrs:43:config:pil	9
pci_intrs:43:config:type	msi
pci_intrs:44:config:cpu	152
pci_intrs:44:config:name	pcieb15
pci_intrs:44:config:pil	9
pci_intrs:44:config:type	msi
pci_intrs:45:config:cpu	160
pci_intrs:45:config:name	pcieb19
pci_intrs:45:config:pil	9
pci_intrs:45:config:type	msi
pci_intrs:46:config:cpu	168
pci_intrs:46:config:name	pcieb20
pci_intrs:46:config:pil	9
pci_intrs:46:config:type	msi
pci_intrs:47:config:cpu	176
pci_intrs:47:config:name	pcieb21
pci_intrs:47:config:pil	9
pci_intrs:47:config:type	msi
pci_intrs:48:config:cpu	184
pci_intrs:48:config:name	emlxs0
pci_intrs:48:config:pil	6
pci_intrs:48:config:type	msix
pci_intrs:49:config:cpu	192
pci_intrs:49:config:name	emlxs0
pci_intrs:49:config:pil	6
pci_intrs:49:config:type	msix
pci_intrs:50:config:cpu	200
pci_intrs:50:config:name	emlxs0
pci_intrs:50:config:pil	6
pci_intrs:50:config:type	msix
pci_intrs:51:config:cpu	208
pci_intrs:51:config:name	emlxs0
pci_intrs:51:config:pil	6
pci_intrs:51:config:type	msix
pci_intrs:52:config:cpu	216
pci_intrs:52:config:name	emlxs0
pci_intrs:52:config:pil	6
pci_intrs:52:config:type	msix
pci_intrs:53:config:cpu	224
pci_intrs:53:config:name	emlxs0
pci_intrs:53:config:pil	6
pci_intrs:53:config:type	msix
pci_intrs:54:config:cpu	232
pci_intrs:54:config:name	emlxs0
pci_intrs:54:config:pil	6
pci_intrs:54:config:type	msix
pci_intrs:55:config:cpu	240
pci_intrs:55:config:name	emlxs0
pci_intrs:55:config:pil	6
pci_intrs:55:config:type	msix
pci_intrs:88:config:cpu	249
pci_intrs:88:config:name	emlxs2
pci_intrs:88:config:pil	6
pci_intrs:88:config:type	msix
pci_intrs:89:config:cpu	130
pci_intrs:89:config:name	emlxs2
pci_intrs:89:config:pil	6
pci_intrs:89:config:type	msix
pci_intrs:90:config:cpu	138
pci_intrs:90:config:name	emlxs2
pci_intrs:90:config:pil	6
pci_intrs:90:config:type	msix
pci_intrs:91:config:cpu	146
pci_intrs:91:config:name	emlxs2
pci_intrs:91:config:pil	6
pci_intrs:91:config:type	msix
pci_intrs:92:config:cpu	154
pci_intrs:92:config:name	emlxs2
pci_intrs:92:config:pil	6
pci_intrs:92:config:type	msix
pci_intrs:93:config:cpu	162
pci_intrs:93:config:name	emlxs2
pci_intrs:93:config:pil	6
pci_intrs:93:config:type	msix
pci_intrs:94:config:cpu	170
pci_intrs:94:config:name	emlxs2
pci_intrs:94:config:pil	6
pci_intrs:94:config:type	msix
pci_intrs:95:config:cpu	178
pci_intrs:95:config:name	emlxs2
pci_intrs:95:config:pil	6
pci_intrs:95:config:type	msix
pci_intrs:156:config:cpu	30
pci_intrs:156:config:name	ixgbe1
pci_intrs:156:config:pil	6
pci_intrs:156:config:type	msix
pci_intrs:157:config:cpu	38
pci_intrs:157:config:name	ixgbe1
pci_intrs:157:config:pil	6
pci_intrs:157:config:type	msix
pci_intrs:180:config:cpu	90
pci_intrs:180:config:name	xhci0
pci_intrs:180:config:pil	9
pci_intrs:180:config:type	msix
pci_intrs:188:config:cpu	31
pci_intrs:188:config:name	ixgbe6
pci_intrs:188:config:pil	6
pci_intrs:188:config:type	msix
pci_intrs:189:config:cpu	39
pci_intrs:189:config:name	ixgbe6
pci_intrs:189:config:pil	6
pci_intrs:189:config:type	msix
pci_intrs:201:config:cpu	187
pci_intrs:201:config:name	emlxs4
pci_intrs:201:config:pil	6
pci_intrs:201:config:type	msix
pci_intrs:202:config:cpu	195
pci_intrs:202:config:name	emlxs4
pci_intrs:202:config:pil	6
pci_intrs:202:config:type	msix
pci_intrs:203:config:cpu	203
pci_intrs:203:config:name	emlxs4
pci_intrs:203:config:pil	6
pci_intrs:203:config:type	msix
pci_intrs:204:config:cpu	211
pci_intrs:204:config:name	emlxs4
pci_intrs:204:config:pil	6
pci_intrs:204:config:type	msix
pci_intrs:205:config:cpu	219
pci_intrs:205:config:name	emlxs4
pci_intrs:205:config:pil	6
pci_intrs:205:config:type	msix
pci_intrs:206:config:cpu	227
pci_intrs:206:config:name	emlxs4
pci_intrs:206:config:pil	6
pci_intrs:206:config:type	msix
pci_intrs:207:config:cpu	235
pci_intrs:207:config:name	emlxs4
pci_intrs:207:config:pil	6
pci_intrs:207:config:type	msix
pci_intrs:208:config:cpu	243
pci_intrs:208:config:name	emlxs4
pci_intrs:208:config:pil	6
pci_intrs:208:config:type	msix
pci_intrs:353:config:cpu	251
pci_intrs:353:config:name	emlxs6
pci_intrs:353:config:pil	6
pci_intrs:353:config:type	msix
pci_intrs:354:config:cpu	132
pci_intrs:354:config:name	emlxs6
pci_intrs:354:config:pil	6
pci_intrs:354:config:type	msix
pci_intrs:355:config:cpu	140
pci_intrs:355:config:name	emlxs6
pci_intrs:355:config:pil	6
pci_intrs:355:config:type	msix
pci_intrs:356:config:cpu	148
pci_intrs:356:config:name	emlxs6
pci_intrs:356:config:pil	6
pci_intrs:356:config:type	msix
pci_intrs:357:config:cpu	156
pci_intrs:357:config:name	emlxs6
pci_intrs:357:config:pil	6
pci_intrs:357:config:type	msix
pci_intrs:358:config:cpu	164
pci_intrs:358:config:name	emlxs6
pci_intrs:358:config:pil	6
pci_intrs:358:config:type	msix
pci_intrs:359:config:cpu	172
pci_intrs:359:config:name	emlxs6
pci_intrs:359:config:pil	6
pci_intrs:359:config:type	msix
pci_intrs:360:config:cpu	180
pci_intrs:360:config:name	emlxs6
pci_intrs:360:config:pil	6
pci_intrs:360:config:type	msix
pci_intrs:361:config:cpu	67
pci_intrs:361:config:name	ixgbe1
pci_intrs:361:config:pil	6
pci_intrs:361:config:type	msix
pci_intrs:362:config:cpu	59
pci_intrs:362:config:name	ixgbe1
pci_intrs:362:config:pil	6
pci_intrs:362:config:type	msix
pci_intrs:363:config:cpu	54
pci_intrs:363:config:name	ixgbe1
pci_intrs:363:config:pil	6
pci_intrs:363:config:type	msix
pci_intrs:364:config:cpu	46
pci_intrs:364:config:name	ixgbe1
pci_intrs:364:config:pil	6
pci_intrs:364:config:type	msix
pci_intrs:365:config:cpu	23
pci_intrs:365:config:name	ixgbe1
pci_intrs:365:config:pil	6
pci_intrs:365:config:type	msix
pci_intrs:366:config:cpu	15
pci_intrs:366:config:name	ixgbe1
pci_intrs:366:config:pil	6
pci_intrs:366:config:type	msix
pci_intrs:367:config:cpu	83
pci_intrs:367:config:name	ixgbe1
pci_intrs:367:config:pil	6
pci_intrs:367:config:type	msix
pci_intrs:368:config:cpu	75
pci_intrs:368:config:name	ixgbe1
pci_intrs:368:config:pil	6
pci_intrs:368:config:type	msix
pci_intrs:369:config:cpu	118
pci_intrs:369:config:name	ixgbe0
pci_intrs:369:config:pil	6
pci_intrs:369:config:type	msix
pci_intrs:370:config:cpu	110
pci_intrs:370:config:name	ixgbe0
pci_intrs:370:config:pil	6
pci_intrs:370:config:type	msix
pci_intrs:371:config:cpu	102
pci_intrs:371:config:name	ixgbe0
pci_intrs:371:config:pil	6
pci_intrs:371:config:type	msix
pci_intrs:372:config:cpu	94
pci_intrs:372:config:name	ixgbe0
pci_intrs:372:config:pil	6
pci_intrs:372:config:type	msix
pci_intrs:373:config:cpu	82
pci_intrs:373:config:name	ixgbe0
pci_intrs:373:config:pil	6
pci_intrs:373:config:type	msix
pci_intrs:374:config:cpu	74
pci_intrs:374:config:name	ixgbe0
pci_intrs:374:config:pil	6
pci_intrs:374:config:type	msix
pci_intrs:375:config:cpu	66
pci_intrs:375:config:name	ixgbe0
pci_intrs:375:config:pil	6
pci_intrs:375:config:type	msix
pci_intrs:376:config:cpu	58
pci_intrs:376:config:name	ixgbe0
pci_intrs:376:config:pil	6
pci_intrs:376:config:type	msix
pci_intrs:377:config:cpu	3
pci_intrs:377:config:name	ixgbe0
pci_intrs:377:config:pil	6
pci_intrs:377:config:type	msix
pci_intrs:378:config:cpu	126
pci_intrs:378:config:name	ixgbe0
pci_intrs:378:config:pil	6
pci_intrs:378:config:type	msix
pci_intrs:379:config:cpu	104
pci_intrs:379:config:name	ixgbe7
pci_intrs:379:config:pil	6
pci_intrs:379:config:type	msix
pci_intrs:380:config:cpu	96
pci_intrs:380:config:name	ixgbe7
pci_intrs:380:config:pil	6
pci_intrs:380:config:type	msix
pci_intrs:381:config:cpu	89
pci_intrs:381:config:name	ixgbe7
pci_intrs:381:config:pil	6
pci_intrs:381:config:type	msix
pci_intrs:382:config:cpu	81
pci_intrs:382:config:name	ixgbe7
pci_intrs:382:config:pil	6
pci_intrs:382:config:type	msix
pci_intrs:383:config:cpu	73
pci_intrs:383:config:name	ixgbe7
pci_intrs:383:config:pil	6
pci_intrs:383:config:type	msix
pci_intrs:384:config:cpu	65
pci_intrs:384:config:name	ixgbe7
pci_intrs:384:config:pil	6
pci_intrs:384:config:type	msix
pci_intrs:385:config:cpu	57
pci_intrs:385:config:name	ixgbe7
pci_intrs:385:config:pil	6
pci_intrs:385:config:type	msix
pci_intrs:386:config:cpu	50
pci_intrs:386:config:name	ixgbe7
pci_intrs:386:config:pil	6
pci_intrs:386:config:type	msix
pci_intrs:387:config:cpu	120
pci_intrs:387:config:name	ixgbe7
pci_intrs:387:config:pil	6
pci_intrs:387:config:type	msix
pci_intrs:388:config:cpu	112
pci_intrs:388:config:name	ixgbe7
pci_intrs:388:config:pil	6
pci_intrs:388:config:type	msix
pci_intrs:389:config:cpu	17
pci_intrs:389:config:name	ixgbe6
pci_intrs:389:config:pil	6
pci_intrs:389:config:type	msix
pci_intrs:390:config:cpu	9
pci_intrs:390:config:name	ixgbe6
pci_intrs:390:config:pil	6
pci_intrs:390:config:type	msix
pci_intrs:391:config:cpu	6
pci_intrs:391:config:name	ixgbe6
pci_intrs:391:config:pil	6
pci_intrs:391:config:type	msix
pci_intrs:392:config:cpu	124
pci_intrs:392:config:name	ixgbe6
pci_intrs:392:config:pil	6
pci_intrs:392:config:type	msix
pci_intrs:393:config:cpu	116
pci_intrs:393:config:name	ixgbe6
pci_intrs:393:config:pil	6
pci_intrs:393:config:type	msix
pci_intrs:394:config:cpu	108
pci_intrs:394:config:name	ixgbe6
pci_intrs:394:config:pil	6
pci_intrs:394:config:type	msix
pci_intrs:395:config:cpu	100
pci_intrs:395:config:name	ixgbe6
pci_intrs:395:config:pil	6
pci_intrs:395:config:type	msix
pci_intrs:396:config:cpu	42
pci_intrs:396:config:name	ixgbe6
pci_intrs:396:config:pil	6
pci_intrs:396:config:type	msix
pci_intrs:410:config:cpu	165
pci_intrs:410:config:name	mpt_sas1
pci_intrs:410:config:pil	5
pci_intrs:410:config:type	msix
pci_intrs:413:config:cpu	185
pci_intrs:413:config:name	emlxs1
pci_intrs:413:config:pil	6
pci_intrs:413:config:type	msix
pci_intrs:414:config:cpu	196
pci_intrs:414:config:name	emlxs3
pci_intrs:414:config:pil	6
pci_intrs:414:config:type	msix
pci_intrs:415:config:cpu	204
pci_intrs:415:config:name	emlxs7
pci_intrs:415:config:pil	6
pci_intrs:415:config:type	msix
pci_intrs:416:config:cpu	212
pci_intrs:416:config:name	emlxs5
pci_intrs:416:config:pil	6
pci_intrs:416:config:type	msix
pci_intrs:417:config:cpu	220
pci_intrs:417:config:name	emlxs3
pci_intrs:417:config:pil	6
pci_intrs:417:config:type	msix
pci_intrs:418:config:cpu	228
pci_intrs:418:config:name	emlxs7
pci_intrs:418:config:pil	6
pci_intrs:418:config:type	msix
pci_intrs:419:config:cpu	236
pci_intrs:419:config:name	emlxs5
pci_intrs:419:config:pil	6
pci_intrs:419:config:type	msix
pci_intrs:420:config:cpu	244
pci_intrs:420:config:name	emlxs3
pci_intrs:420:config:pil	6
pci_intrs:420:config:type	msix
pci_intrs:421:config:cpu	253
pci_intrs:421:config:name	emlxs7
pci_intrs:421:config:pil	6
pci_intrs:421:config:type	msix
pci_intrs:422:config:cpu	128
pci_intrs:422:config:name	emlxs5
pci_intrs:422:config:pil	6
pci_intrs:422:config:type	msix
pci_intrs:423:config:cpu	142
pci_intrs:423:config:name	emlxs3
pci_intrs:423:config:pil	6
pci_intrs:423:config:type	msix
pci_intrs:424:config:cpu	150
pci_intrs:424:config:name	emlxs7
pci_intrs:424:config:pil	6
pci_intrs:424:config:type	msix
pci_intrs:425:config:cpu	158
pci_intrs:425:config:name	emlxs5
pci_intrs:425:config:pil	6
pci_intrs:425:config:type	msix
pci_intrs:426:config:cpu	166
pci_intrs:426:config:name	emlxs7
pci_intrs:426:config:pil	6
pci_intrs:426:config:type	msix
pci_intrs:427:config:cpu	168
pci_intrs:427:config:name	emlxs3
pci_intrs:427:config:pil	6
pci_intrs:427:config:type	msix
pci_intrs:428:config:cpu	176
pci_intrs:428:config:name	emlxs7
pci_intrs:428:config:pil	6
pci_intrs:428:config:type	msix
pci_intrs:429:config:cpu	188
pci_intrs:429:config:name	emlxs5
pci_intrs:429:config:pil	6
pci_intrs:429:config:type	msix
pci_intrs:430:config:cpu	197
pci_intrs:430:config:name	emlxs3
pci_intrs:430:config:pil	6
pci_intrs:430:config:type	msix
pci_intrs:431:config:cpu	205
pci_intrs:431:config:name	emlxs7
pci_intrs:431:config:pil	6
pci_intrs:431:config:type	msix
pci_intrs:432:config:cpu	213
pci_intrs:432:config:name	emlxs5
pci_intrs:432:config:pil	6
pci_intrs:432:config:type	msix
pci_intrs:433:config:cpu	221
pci_intrs:433:config:name	emlxs3
pci_intrs:433:config:pil	6
pci_intrs:433:config:type	msix
pci_intrs:434:config:cpu	229
pci_intrs:434:config:name	emlxs5
pci_intrs:434:config:pil	6
pci_intrs:434:config:type	msix
pci_intrs:435:config:cpu	237
pci_intrs:435:config:name	emlxs7
pci_intrs:435:config:pil	6
pci_intrs:435:config:type	msix
pci_intrs:436:config:cpu	245
pci_intrs:436:config:name	emlxs5
pci_intrs:436:config:pil	6
pci_intrs:436:config:type	msix
pci_intrs:437:config:cpu	249
pci_intrs:437:config:name	emlxs3
pci_intrs:437:config:pil	6
pci_intrs:437:config:type	msix
pci_intrs:438:config:cpu	129
pci_intrs:438:config:name	emlxs1
pci_intrs:438:config:pil	6
pci_intrs:438:config:type	msix
pci_intrs:439:config:cpu	136
pci_intrs:439:config:name	emlxs1
pci_intrs:439:config:pil	6
pci_intrs:439:config:type	msix
pci_intrs:440:config:cpu	144
pci_intrs:440:config:name	emlxs1
pci_intrs:440:config:pil	6
pci_intrs:440:config:type	msix
pci_intrs:441:config:cpu	152
pci_intrs:441:config:name	emlxs1
pci_intrs:441:config:pil	6
pci_intrs:441:config:type	msix
pci_intrs:442:config:cpu	167
pci_intrs:442:config:name	emlxs1
pci_intrs:442:config:pil	6
pci_intrs:442:config:type	msix
pci_intrs:443:config:cpu	169
pci_intrs:443:config:name	emlxs1
pci_intrs:443:config:pil	6
pci_intrs:443:config:type	msix
pci_intrs:444:config:cpu	177
pci_intrs:444:config:name	emlxs1
pci_intrs:444:config:pil	6
pci_intrs:444:config:type	msix
pci_intrs:445:config:cpu	186
pci_intrs:445:config:name	mpt_sas1
pci_intrs:445:config:pil	5
pci_intrs:445:config:type	msix
pci_intrs:446:config:cpu	193
pci_intrs:446:config:name	mpt_sas1
pci_intrs:446:config:pil	5
pci_intrs:446:config:type	msix
pci_intrs:447:config:cpu	201
pci_intrs:447:config:name	mpt_sas1
pci_intrs:447:config:pil	5
pci_intrs:447:config:type	msix
pci_intrs:448:config:cpu	209
pci_intrs:448:config:name	mpt_sas1
pci_intrs:448:config:pil	5
pci_intrs:448:config:type	msix
pci_intrs:449:config:cpu	217
pci_intrs:449:config:name	mpt_sas1
pci_intrs:449:config:pil	5
pci_intrs:449:config:type	msix
pci_intrs:450:config:cpu	225
pci_intrs:450:config:name	mpt_sas1
pci_intrs:450:config:pil	5
pci_intrs:450:config:type	msix
pci_intrs:451:config:cpu	233
pci_intrs:451:config:name	mpt_sas1
pci_intrs:451:config:pil	5
pci_intrs:451:config:type	msix
pci_intrs:452:config:cpu	241
pci_intrs:452:config:name	mpt_sas1
pci_intrs:452:config:pil	5
pci_intrs:452:config:type	msix
pci_intrs:453:config:cpu	254
pci_intrs:453:config:name	mpt_sas1
pci_intrs:453:config:pil	5
pci_intrs:453:config:type	msix
pci_intrs:454:config:cpu	134
pci_intrs:454:config:name	mpt_sas1
pci_intrs:454:config:pil	5
pci_intrs:454:config:type	msix
pci_intrs:455:config:cpu	143
pci_intrs:455:config:name	mpt_sas1
pci_intrs:455:config:pil	5
pci_intrs:455:config:type	msix
pci_intrs:456:config:cpu	151
pci_intrs:456:config:name	mpt_sas1
pci_intrs:456:config:pil	5
pci_intrs:456:config:type	msix
pci_intrs:457:config:cpu	159
pci_intrs:457:config:name	mpt_sas1
pci_intrs:457:config:pil	5
pci_intrs:457:config:type	msix
pci_intrs:458:config:cpu	174
pci_intrs:458:config:name	mpt_sas1
pci_intrs:458:config:pil	5
pci_intrs:458:config:type	msix
pci_intrs:459:config:cpu	182
pci_intrs:459:config:name	mpt_sas1
pci_intrs:459:config:pil	5
pci_intrs:459:config:type	msix
pci_intrs:460:config:cpu	184
pci_intrs:460:config:name	ixgbe9
pci_intrs:460:config:pil	6
pci_intrs:460:config:type	msix
pci_intrs:461:config:cpu	194
pci_intrs:461:config:name	ixgbe9
pci_intrs:461:config:pil	6
pci_intrs:461:config:type	msix
pci_intrs:462:config:cpu	202
pci_intrs:462:config:name	ixgbe9
pci_intrs:462:config:pil	6
pci_intrs:462:config:type	msix
pci_intrs:463:config:cpu	210
pci_intrs:463:config:name	ixgbe9
pci_intrs:463:config:pil	6
pci_intrs:463:config:type	msix
pci_intrs:464:config:cpu	218
pci_intrs:464:config:name	ixgbe9
pci_intrs:464:config:pil	6
pci_intrs:464:config:type	msix
pci_intrs:465:config:cpu	226
pci_intrs:465:config:name	ixgbe9
pci_intrs:465:config:pil	6
pci_intrs:465:config:type	msix
pci_intrs:466:config:cpu	234
pci_intrs:466:config:name	ixgbe9
pci_intrs:466:config:pil	6
pci_intrs:466:config:type	msix
pci_intrs:467:config:cpu	242
pci_intrs:467:config:name	ixgbe9
pci_intrs:467:config:pil	6
pci_intrs:467:config:type	msix
pci_intrs:468:config:cpu	248
pci_intrs:468:config:name	ixgbe9
pci_intrs:468:config:pil	6
pci_intrs:468:config:type	msix
pci_intrs:469:config:cpu	131
pci_intrs:469:config:name	ixgbe9
pci_intrs:469:config:pil	6
pci_intrs:469:config:type	msix
pci_intrs:470:config:cpu	137
pci_intrs:470:config:name	ixgbe9
pci_intrs:470:config:pil	6
pci_intrs:470:config:type	msix
pci_intrs:471:config:cpu	145
pci_intrs:471:config:name	ixgbe9
pci_intrs:471:config:pil	6
pci_intrs:471:config:type	msix
pci_intrs:472:config:cpu	153
pci_intrs:472:config:name	ixgbe9
pci_intrs:472:config:pil	6
pci_intrs:472:config:type	msix
pci_intrs:473:config:cpu	161
pci_intrs:473:config:name	ixgbe9
pci_intrs:473:config:pil	6
pci_intrs:473:config:type	msix
pci_intrs:474:config:cpu	171
pci_intrs:474:config:name	ixgbe9
pci_intrs:474:config:pil	6
pci_intrs:474:config:type	msix
pci_intrs:475:config:cpu	179
pci_intrs:475:config:name	ixgbe9
pci_intrs:475:config:pil	6
pci_intrs:475:config:type	msix
pci_intrs:476:config:cpu	2
pci_intrs:476:config:name	ixgbe5
pci_intrs:476:config:pil	6
pci_intrs:476:config:type	msix
pci_intrs:477:config:cpu	10
pci_intrs:477:config:name	ixgbe5
pci_intrs:477:config:pil	6
pci_intrs:477:config:type	msix
pci_intrs:478:config:cpu	18
pci_intrs:478:config:name	ixgbe5
pci_intrs:478:config:pil	6
pci_intrs:478:config:type	msix
pci_intrs:479:config:cpu	26
pci_intrs:479:config:name	ixgbe5
pci_intrs:479:config:pil	6
pci_intrs:479:config:type	msix
pci_intrs:480:config:cpu	34
pci_intrs:480:config:name	ixgbe5
pci_intrs:480:config:pil	6
pci_intrs:480:config:type	msix
pci_intrs:481:config:cpu	40
pci_intrs:481:config:name	ixgbe5
pci_intrs:481:config:pil	6
pci_intrs:481:config:type	msix
pci_intrs:482:config:cpu	48
pci_intrs:482:config:name	ixgbe5
pci_intrs:482:config:pil	6
pci_intrs:482:config:type	msix
pci_intrs:483:config:cpu	60
pci_intrs:483:config:name	ixgbe5
pci_intrs:483:config:pil	6
pci_intrs:483:config:type	msix
pci_intrs:484:config:cpu	68
pci_intrs:484:config:name	ixgbe5
pci_intrs:484:config:pil	6
pci_intrs:484:config:type	msix
pci_intrs:485:config:cpu	76
pci_intrs:485:config:name	ixgbe5
pci_intrs:485:config:pil	6
pci_intrs:485:config:type	msix
pci_intrs:486:config:cpu	84
pci_intrs:486:config:name	ixgbe5
pci_intrs:486:config:pil	6
pci_intrs:486:config:type	msix
pci_intrs:487:config:cpu	91
pci_intrs:487:config:name	ixgbe5
pci_intrs:487:config:pil	6
pci_intrs:487:config:type	msix
pci_intrs:488:config:cpu	97
pci_intrs:488:config:name	ixgbe5
pci_intrs:488:config:pil	6
pci_intrs:488:config:type	msix
pci_intrs:489:config:cpu	105
pci_intrs:489:config:name	ixgbe5
pci_intrs:489:config:pil	6
pci_intrs:489:config:type	msix
pci_intrs:490:config:cpu	113
pci_intrs:490:config:name	ixgbe5
pci_intrs:490:config:pil	6
pci_intrs:490:config:type	msix
pci_intrs:491:config:cpu	121
pci_intrs:491:config:name	ixgbe5
pci_intrs:491:config:pil	6
pci_intrs:491:config:type	msix
pci_intrs:492:config:cpu	0
pci_intrs:492:config:name	ixgbe2
pci_intrs:492:config:pil	6
pci_intrs:492:config:type	msix
pci_intrs:493:config:cpu	11
pci_intrs:493:config:name	ixgbe2
pci_intrs:493:config:pil	6
pci_intrs:493:config:type	msix
pci_intrs:494:config:cpu	19
pci_intrs:494:config:name	ixgbe2
pci_intrs:494:config:pil	6
pci_intrs:494:config:type	msix
pci_intrs:495:config:cpu	27
pci_intrs:495:config:name	ixgbe2
pci_intrs:495:config:pil	6
pci_intrs:495:config:type	msix
pci_intrs:496:config:cpu	35
pci_intrs:496:config:name	ixgbe2
pci_intrs:496:config:pil	6
pci_intrs:496:config:type	msix
pci_intrs:497:config:cpu	43
pci_intrs:497:config:name	ixgbe2
pci_intrs:497:config:pil	6
pci_intrs:497:config:type	msix
pci_intrs:498:config:cpu	51
pci_intrs:498:config:name	ixgbe2
pci_intrs:498:config:pil	6
pci_intrs:498:config:type	msix
pci_intrs:499:config:cpu	61
pci_intrs:499:config:name	ixgbe2
pci_intrs:499:config:pil	6
pci_intrs:499:config:type	msix
pci_intrs:500:config:cpu	69
pci_intrs:500:config:name	ixgbe2
pci_intrs:500:config:pil	6
pci_intrs:500:config:type	msix
pci_intrs:501:config:cpu	77
pci_intrs:501:config:name	ixgbe2
pci_intrs:501:config:pil	6
pci_intrs:501:config:type	msix
pci_intrs:502:config:cpu	85
pci_intrs:502:config:name	ixgbe2
pci_intrs:502:config:pil	6
pci_intrs:502:config:type	msix
pci_intrs:503:config:cpu	92
pci_intrs:503:config:name	ixgbe2
pci_intrs:503:config:pil	6
pci_intrs:503:config:type	msix
pci_intrs:504:config:cpu	98
pci_intrs:504:config:name	ixgbe2
pci_intrs:504:config:pil	6
pci_intrs:504:config:type	msix
pci_intrs:505:config:cpu	106
pci_intrs:505:config:name	ixgbe2
pci_intrs:505:config:pil	6
pci_intrs:505:config:type	msix
pci_intrs:506:config:cpu	114
pci_intrs:506:config:name	ixgbe2
pci_intrs:506:config:pil	6
pci_intrs:506:config:type	msix
pci_intrs:507:config:cpu	122
pci_intrs:507:config:name	ixgbe2
pci_intrs:507:config:pil	6
pci_intrs:507:config:type	msix
pci_intrs:508:config:cpu	4
pci_intrs:508:config:name	ixgbe4
pci_intrs:508:config:pil	6
pci_intrs:508:config:type	msix
pci_intrs:509:config:cpu	12
pci_intrs:509:config:name	ixgbe4
pci_intrs:509:config:pil	6
pci_intrs:509:config:type	msix
pci_intrs:510:config:cpu	20
pci_intrs:510:config:name	ixgbe4
pci_intrs:510:config:pil	6
pci_intrs:510:config:type	msix
pci_intrs:511:config:cpu	28
pci_intrs:511:config:name	ixgbe4
pci_intrs:511:config:pil	6
pci_intrs:511:config:type	msix
pci_intrs:512:config:cpu	36
pci_intrs:512:config:name	ixgbe4
pci_intrs:512:config:pil	6
pci_intrs:512:config:type	msix
pci_intrs:513:config:cpu	41
pci_intrs:513:config:name	ixgbe4
pci_intrs:513:config:pil	6
pci_intrs:513:config:type	msix
pci_intrs:514:config:cpu	49
pci_intrs:514:config:name	ixgbe4
pci_intrs:514:config:pil	6
pci_intrs:514:config:type	msix
pci_intrs:515:config:cpu	56
pci_intrs:515:config:name	ixgbe4
pci_intrs:515:config:pil	6
pci_intrs:515:config:type	msix
pci_intrs:516:config:cpu	64
pci_intrs:516:config:name	ixgbe4
pci_intrs:516:config:pil	6
pci_intrs:516:config:type	msix
pci_intrs:517:config:cpu	72
pci_intrs:517:config:name	ixgbe4
pci_intrs:517:config:pil	6
pci_intrs:517:config:type	msix
pci_intrs:518:config:cpu	80
pci_intrs:518:config:name	ixgbe4
pci_intrs:518:config:pil	6
pci_intrs:518:config:type	msix
pci_intrs:519:config:cpu	88
pci_intrs:519:config:name	ixgbe4
pci_intrs:519:config:pil	6
pci_intrs:519:config:type	msix
pci_intrs:520:config:cpu	97
pci_intrs:520:config:name	ixgbe4
pci_intrs:520:config:pil	6
pci_intrs:520:config:type	msix
pci_intrs:521:config:cpu	105
pci_intrs:521:config:name	ixgbe4
pci_intrs:521:config:pil	6
pci_intrs:521:config:type	msix
pci_intrs:522:config:cpu	113
pci_intrs:522:config:name	ixgbe4
pci_intrs:522:config:pil	6
pci_intrs:522:config:type	msix
pci_intrs:523:config:cpu	121
pci_intrs:523:config:name	ixgbe4
pci_intrs:523:config:pil	6
pci_intrs:523:config:type	msix
pci_intrs:524:config:cpu	1
pci_intrs:524:config:name	ixgbe3
pci_intrs:524:config:pil	6
pci_intrs:524:config:type	msix
pci_intrs:525:config:cpu	13
pci_intrs:525:config:name	ixgbe3
pci_intrs:525:config:pil	6
pci_intrs:525:config:type	msix
pci_intrs:526:config:cpu	21
pci_intrs:526:config:name	ixgbe3
pci_intrs:526:config:pil	6
pci_intrs:526:config:type	msix
pci_intrs:527:config:cpu	29
pci_intrs:527:config:name	ixgbe3
pci_intrs:527:config:pil	6
pci_intrs:527:config:type	msix
pci_intrs:528:config:cpu	37
pci_intrs:528:config:name	ixgbe3
pci_intrs:528:config:pil	6
pci_intrs:528:config:type	msix
pci_intrs:529:config:cpu	44
pci_intrs:529:config:name	ixgbe3
pci_intrs:529:config:pil	6
pci_intrs:529:config:type	msix
pci_intrs:530:config:cpu	52
pci_intrs:530:config:name	ixgbe3
pci_intrs:530:config:pil	6
pci_intrs:530:config:type	msix
pci_intrs:531:config:cpu	58
pci_intrs:531:config:name	ixgbe3
pci_intrs:531:config:pil	6
pci_intrs:531:config:type	msix
pci_intrs:532:config:cpu	66
pci_intrs:532:config:name	ixgbe3
pci_intrs:532:config:pil	6
pci_intrs:532:config:type	msix
pci_intrs:533:config:cpu	74
pci_intrs:533:config:name	ixgbe3
pci_intrs:533:config:pil	6
pci_intrs:533:config:type	msix
pci_intrs:534:config:cpu	82
pci_intrs:534:config:name	ixgbe3
pci_intrs:534:config:pil	6
pci_intrs:534:config:type	msix
pci_intrs:535:config:cpu	90
pci_intrs:535:config:name	ixgbe3
pci_intrs:535:config:pil	6
pci_intrs:535:config:type	msix
pci_intrs:536:config:cpu	99
pci_intrs:536:config:name	ixgbe3
pci_intrs:536:config:pil	6
pci_intrs:536:config:type	msix
pci_intrs:537:config:cpu	107
pci_intrs:537:config:name	ixgbe3
pci_intrs:537:config:pil	6
pci_intrs:537:config:type	msix
pci_intrs:538:config:cpu	115
pci_intrs:538:config:name	ixgbe3
pci_intrs:538:config:pil	6
pci_intrs:538:config:type	msix
pci_intrs:539:config:cpu	123
pci_intrs:539:config:name	ixgbe3
pci_intrs:539:config:pil	6
pci_intrs:539:config:type	msix
pci_intrs:540:config:cpu	185
pci_intrs:540:config:name	ixgbe8
pci_intrs:540:config:pil	6
pci_intrs:540:config:type	msix
pci_intrs:541:config:cpu	192
pci_intrs:541:config:name	ixgbe8
pci_intrs:541:config:pil	6
pci_intrs:541:config:type	msix
pci_intrs:542:config:cpu	200
pci_intrs:542:config:name	ixgbe8
pci_intrs:542:config:pil	6
pci_intrs:542:config:type	msix
pci_intrs:543:config:cpu	208
pci_intrs:543:config:name	ixgbe8
pci_intrs:543:config:pil	6
pci_intrs:543:config:type	msix
pci_intrs:544:config:cpu	216
pci_intrs:544:config:name	ixgbe8
pci_intrs:544:config:pil	6
pci_intrs:544:config:type	msix
pci_intrs:545:config:cpu	224
pci_intrs:545:config:name	ixgbe8
pci_intrs:545:config:pil	6
pci_intrs:545:config:type	msix
pci_intrs:546:config:cpu	232
pci_intrs:546:config:name	ixgbe8
pci_intrs:546:config:pil	6
pci_intrs:546:config:type	msix
pci_intrs:547:config:cpu	240
pci_intrs:547:config:name	ixgbe8
pci_intrs:547:config:pil	6
pci_intrs:547:config:type	msix
pci_intrs:548:config:cpu	250
pci_intrs:548:config:name	ixgbe8
pci_intrs:548:config:pil	6
pci_intrs:548:config:type	msix
pci_intrs:549:config:cpu	129
pci_intrs:549:config:name	ixgbe8
pci_intrs:549:config:pil	6
pci_intrs:549:config:type	msix
pci_intrs:550:config:cpu	139
pci_intrs:550:config:name	ixgbe8
pci_intrs:550:config:pil	6
pci_intrs:550:config:type	msix
pci_intrs:551:config:cpu	147
pci_intrs:551:config:name	ixgbe8
pci_intrs:551:config:pil	6
pci_intrs:551:config:type	msix
pci_intrs:552:config:cpu	155
pci_intrs:552:config:name	ixgbe8
pci_intrs:552:config:pil	6
pci_intrs:552:config:type	msix
pci_intrs:553:config:cpu	163
pci_intrs:553:config:name	ixgbe8
pci_intrs:553:config:pil	6
pci_intrs:553:config:type	msix
pci_intrs:554:config:cpu	169
pci_intrs:554:config:name	ixgbe8
pci_intrs:554:config:pil	6
pci_intrs:554:config:type	msix
pci_intrs:555:config:cpu	177
pci_intrs:555:config:name	ixgbe8
pci_intrs:555:config:pil	6
pci_intrs:555:config:type	msix
