pci_intrs:2:config:cpu	1
pci_intrs:2:config:name	mpt_sas0
pci_intrs:2:config:pil	5
pci_intrs:2:config:type	msi
pci_intrs:4:config:cpu	0
pci_intrs:4:config:name	ast0
pci_intrs:4:config:pil	9
pci_intrs:4:config:type	fixed
pci_intrs:6:config:cpu	0
pci_intrs:6:config:name	ehci0
pci_intrs:6:config:pil	9
pci_intrs:6:config:type	fixed
pci_intrs:7:config:cpu	0
pci_intrs:7:config:name	ohci0
pci_intrs:7:config:pil	9
pci_intrs:7:config:type	fixed
pci_intrs:8:config:cpu	0
pci_intrs:8:config:name	ohci1
pci_intrs:8:config:pil	9
pci_intrs:8:config:type	fixed
pci_intrs:17:config:cpu	8
pci_intrs:17:config:name	pcieb3
pci_intrs:17:config:pil	9
pci_intrs:17:config:type	msi
pci_intrs:18:config:cpu	16
pci_intrs:18:config:name	pcieb6
pci_intrs:18:config:pil	9
pci_intrs:18:config:type	msi
pci_intrs:19:config:cpu	24
pci_intrs:19:config:name	pcieb10
pci_intrs:19:config:pil	9
pci_intrs:19:config:type	msi
pci_intrs:20:config:cpu	32
pci_intrs:20:config:name	pcieb4
pci_intrs:20:config:pil	9
pci_intrs:20:config:type	msi
pci_intrs:21:config:cpu	40
pci_intrs:21:config:name	pcieb5
pci_intrs:21:config:pil	9
pci_intrs:21:config:type	msi
pci_intrs:22:config:cpu	48
pci_intrs:22:config:name	pcieb8
pci_intrs:22:config:pil	9
pci_intrs:22:config:type	msi
pci_intrs:23:config:cpu	56
pci_intrs:23:config:name	pcieb9
pci_intrs:23:config:pil	9
pci_intrs:23:config:type	msi
pci_intrs:24:config:cpu	9
pci_intrs:24:config:name	pcieb14
pci_intrs:24:config:pil	9
pci_intrs:24:config:type	msi
pci_intrs:25:config:cpu	17
pci_intrs:25:config:name	pcieb15
pci_intrs:25:config:pil	9
pci_intrs:25:config:type	msi
pci_intrs:26:config:cpu	25
pci_intrs:26:config:name	pcieb16
pci_intrs:26:config:pil	9
pci_intrs:26:config:type	msi
pci_intrs:27:config:cpu	33
pci_intrs:27:config:name	pcieb17
pci_intrs:27:config:pil	9
pci_intrs:27:config:type	msi
pci_intrs:28:config:cpu	64
pci_intrs:28:config:name	pcieb21
pci_intrs:28:config:pil	9
pci_intrs:28:config:type	msi
pci_intrs:29:config:cpu	72
pci_intrs:29:config:name	pcieb22
pci_intrs:29:config:pil	9
pci_intrs:29:config:type	msi
pci_intrs:30:config:cpu	80
pci_intrs:30:config:name	pcieb23
pci_intrs:30:config:pil	9
pci_intrs:30:config:type	msi
pci_intrs:31:config:cpu	88
pci_intrs:31:config:name	pcieb25
pci_intrs:31:config:pil	9
pci_intrs:31:config:type	msi
pci_intrs:32:config:cpu	96
pci_intrs:32:config:name	pcieb26
pci_intrs:32:config:pil	9
pci_intrs:32:config:type	msi
pci_intrs:33:config:cpu	104
pci_intrs:33:config:name	pcieb27
pci_intrs:33:config:pil	9
pci_intrs:33:config:type	msi
pci_intrs:34:config:cpu	112
pci_intrs:34:config:name	pcieb29
pci_intrs:34:config:pil	9
pci_intrs:34:config:type	msi
pci_intrs:35:config:cpu	120
pci_intrs:35:config:name	pcieb30
pci_intrs:35:config:pil	9
pci_intrs:35:config:type	msi
pci_intrs:36:config:cpu	65
pci_intrs:36:config:name	pcieb31
pci_intrs:36:config:pil	9
pci_intrs:36:config:type	msi
pci_intrs:37:config:cpu	128
pci_intrs:37:config:name	pcieb35
pci_intrs:37:config:pil	9
pci_intrs:37:config:type	msi
pci_intrs:38:config:cpu	136
pci_intrs:38:config:name	pcieb36
pci_intrs:38:config:pil	9
pci_intrs:38:config:type	msi
pci_intrs:39:config:cpu	144
pci_intrs:39:config:name	pcieb37
pci_intrs:39:config:pil	9
pci_intrs:39:config:type	msi
pci_intrs:40:config:cpu	152
pci_intrs:40:config:name	pcieb39
pci_intrs:40:config:pil	9
pci_intrs:40:config:type	msi
pci_intrs:41:config:cpu	160
pci_intrs:41:config:name	pcieb40
pci_intrs:41:config:pil	9
pci_intrs:41:config:type	msi
pci_intrs:42:config:cpu	168
pci_intrs:42:config:name	pcieb41
pci_intrs:42:config:pil	9
pci_intrs:42:config:type	msi
pci_intrs:43:config:cpu	192
pci_intrs:43:config:name	pcieb45
pci_intrs:43:config:pil	9
pci_intrs:43:config:type	msi
pci_intrs:44:config:cpu	200
pci_intrs:44:config:name	pcieb46
pci_intrs:44:config:pil	9
pci_intrs:44:config:type	msi
pci_intrs:45:config:cpu	208
pci_intrs:45:config:name	pcieb47
pci_intrs:45:config:pil	9
pci_intrs:45:config:type	msi
pci_intrs:46:config:cpu	216
pci_intrs:46:config:name	pcieb48
pci_intrs:46:config:pil	9
pci_intrs:46:config:type	msi
pci_intrs:47:config:cpu	224
pci_intrs:47:config:name	pcieb50
pci_intrs:47:config:pil	9
pci_intrs:47:config:type	msi
pci_intrs:48:config:cpu	232
pci_intrs:48:config:name	pcieb51
pci_intrs:48:config:pil	9
pci_intrs:48:config:type	msi
pci_intrs:49:config:cpu	240
pci_intrs:49:config:name	pcieb52
pci_intrs:49:config:pil	9
pci_intrs:49:config:type	msi
pci_intrs:50:config:cpu	248
pci_intrs:50:config:name	pcieb53
pci_intrs:50:config:pil	9
pci_intrs:50:config:type	msi
pci_intrs:116:config:cpu	156
pci_intrs:116:config:name	igb6
pci_intrs:116:config:pil	6
pci_intrs:116:config:type	msix
pci_intrs:120:config:cpu	188
pci_intrs:120:config:name	igb6
pci_intrs:120:config:pil	6
pci_intrs:120:config:type	msix
pci_intrs:126:config:cpu	173
pci_intrs:126:config:name	igb7
pci_intrs:126:config:pil	6
pci_intrs:126:config:type	msix
pci_intrs:128:config:cpu	189
pci_intrs:128:config:name	igb7
pci_intrs:128:config:pil	6
pci_intrs:128:config:type	msix
pci_intrs:129:config:cpu	134
pci_intrs:129:config:name	igb7
pci_intrs:129:config:pil	6
pci_intrs:129:config:type	msix
pci_intrs:130:config:cpu	142
pci_intrs:130:config:name	igb7
pci_intrs:130:config:pil	6
pci_intrs:130:config:type	msix
pci_intrs:132:config:cpu	158
pci_intrs:132:config:name	igb7
pci_intrs:132:config:pil	6
pci_intrs:132:config:type	msix
pci_intrs:133:config:cpu	160
pci_intrs:133:config:name	igb7
pci_intrs:133:config:pil	6
pci_intrs:133:config:type	msix
pci_intrs:167:config:cpu	49
pci_intrs:167:config:name	emlxs0
pci_intrs:167:config:pil	6
pci_intrs:167:config:type	msix
pci_intrs:168:config:cpu	57
pci_intrs:168:config:name	emlxs0
pci_intrs:168:config:pil	6
pci_intrs:168:config:type	msix
pci_intrs:169:config:cpu	2
pci_intrs:169:config:name	emlxs0
pci_intrs:169:config:pil	6
pci_intrs:169:config:type	msix
pci_intrs:170:config:cpu	10
pci_intrs:170:config:name	emlxs0
pci_intrs:170:config:pil	6
pci_intrs:170:config:type	msix
pci_intrs:171:config:cpu	18
pci_intrs:171:config:name	emlxs0
pci_intrs:171:config:pil	6
pci_intrs:171:config:type	msix
pci_intrs:172:config:cpu	26
pci_intrs:172:config:name	emlxs0
pci_intrs:172:config:pil	6
pci_intrs:172:config:type	msix
pci_intrs:173:config:cpu	34
pci_intrs:173:config:name	emlxs0
pci_intrs:173:config:pil	6
pci_intrs:173:config:type	msix
pci_intrs:174:config:cpu	42
pci_intrs:174:config:name	emlxs0
pci_intrs:174:config:pil	6
pci_intrs:174:config:type	msix
pci_intrs:182:config:cpu	43
pci_intrs:182:config:name	igb0
pci_intrs:182:config:pil	6
pci_intrs:182:config:type	msix
pci_intrs:183:config:cpu	51
pci_intrs:183:config:name	igb0
pci_intrs:183:config:pil	6
pci_intrs:183:config:type	msix
pci_intrs:192:config:cpu	60
pci_intrs:192:config:name	igb1
pci_intrs:192:config:pil	6
pci_intrs:192:config:type	msix
pci_intrs:193:config:cpu	5
pci_intrs:193:config:name	igb1
pci_intrs:193:config:pil	6
pci_intrs:193:config:type	msix
pci_intrs:243:config:cpu	93
pci_intrs:243:config:name	emlxs2
pci_intrs:243:config:pil	6
pci_intrs:243:config:type	msix
pci_intrs:244:config:cpu	101
pci_intrs:244:config:name	emlxs2
pci_intrs:244:config:pil	6
pci_intrs:244:config:type	msix
pci_intrs:245:config:cpu	109
pci_intrs:245:config:name	emlxs2
pci_intrs:245:config:pil	6
pci_intrs:245:config:type	msix
pci_intrs:246:config:cpu	117
pci_intrs:246:config:name	emlxs2
pci_intrs:246:config:pil	6
pci_intrs:246:config:type	msix
pci_intrs:247:config:cpu	125
pci_intrs:247:config:name	emlxs2
pci_intrs:247:config:pil	6
pci_intrs:247:config:type	msix
pci_intrs:248:config:cpu	70
pci_intrs:248:config:name	emlxs2
pci_intrs:248:config:pil	6
pci_intrs:248:config:type	msix
pci_intrs:249:config:cpu	78
pci_intrs:249:config:name	emlxs2
pci_intrs:249:config:pil	6
pci_intrs:249:config:type	msix
pci_intrs:250:config:cpu	86
pci_intrs:250:config:name	emlxs2
pci_intrs:250:config:pil	6
pci_intrs:250:config:type	msix
pci_intrs:283:config:cpu	181
pci_intrs:283:config:name	igb7
pci_intrs:283:config:pil	6
pci_intrs:283:config:type	msix
pci_intrs:284:config:cpu	150
pci_intrs:284:config:name	igb7
pci_intrs:284:config:pil	6
pci_intrs:284:config:type	msix
pci_intrs:285:config:cpu	168
pci_intrs:285:config:name	igb7
pci_intrs:285:config:pil	6
pci_intrs:285:config:type	msix
pci_intrs:286:config:cpu	165
pci_intrs:286:config:name	igb7
pci_intrs:286:config:pil	6
pci_intrs:286:config:type	msix
pci_intrs:335:config:cpu	45
pci_intrs:335:config:name	igb1
pci_intrs:335:config:pil	6
pci_intrs:335:config:type	msix
pci_intrs:336:config:cpu	14
pci_intrs:336:config:name	igb1
pci_intrs:336:config:pil	6
pci_intrs:336:config:type	msix
pci_intrs:337:config:cpu	50
pci_intrs:337:config:name	igb1
pci_intrs:337:config:pil	6
pci_intrs:337:config:type	msix
pci_intrs:338:config:cpu	35
pci_intrs:338:config:name	igb1
pci_intrs:338:config:pil	6
pci_intrs:338:config:type	msix
pci_intrs:339:config:cpu	27
pci_intrs:339:config:name	igb1
pci_intrs:339:config:pil	6
pci_intrs:339:config:type	msix
pci_intrs:340:config:cpu	19
pci_intrs:340:config:name	igb1
pci_intrs:340:config:pil	6
pci_intrs:340:config:type	msix
pci_intrs:341:config:cpu	3
pci_intrs:341:config:name	igb1
pci_intrs:341:config:pil	6
pci_intrs:341:config:type	msix
pci_intrs:342:config:cpu	12
pci_intrs:342:config:name	igb1
pci_intrs:342:config:pil	6
pci_intrs:342:config:type	msix
pci_intrs:343:config:cpu	29
pci_intrs:343:config:name	igb0
pci_intrs:343:config:pil	6
pci_intrs:343:config:type	msix
pci_intrs:344:config:cpu	59
pci_intrs:344:config:name	igb0
pci_intrs:344:config:pil	6
pci_intrs:344:config:type	msix
pci_intrs:345:config:cpu	37
pci_intrs:345:config:name	igb0
pci_intrs:345:config:pil	6
pci_intrs:345:config:type	msix
pci_intrs:346:config:cpu	21
pci_intrs:346:config:name	igb0
pci_intrs:346:config:pil	6
pci_intrs:346:config:type	msix
pci_intrs:347:config:cpu	13
pci_intrs:347:config:name	igb0
pci_intrs:347:config:pil	6
pci_intrs:347:config:type	msix
pci_intrs:348:config:cpu	6
pci_intrs:348:config:name	igb0
pci_intrs:348:config:pil	6
pci_intrs:348:config:type	msix
pci_intrs:349:config:cpu	53
pci_intrs:349:config:name	igb0
pci_intrs:349:config:pil	6
pci_intrs:349:config:type	msix
pci_intrs:350:config:cpu	61
pci_intrs:350:config:name	igb0
pci_intrs:350:config:pil	6
pci_intrs:350:config:type	msix
pci_intrs:387:config:cpu	115
pci_intrs:387:config:name	ixgbe2
pci_intrs:387:config:pil	6
pci_intrs:387:config:type	msix
pci_intrs:388:config:cpu	123
pci_intrs:388:config:name	ixgbe2
pci_intrs:388:config:pil	6
pci_intrs:388:config:type	msix
pci_intrs:393:config:cpu	197
pci_intrs:393:config:name	ixgbe0
pci_intrs:393:config:pil	6
pci_intrs:393:config:type	msix
pci_intrs:394:config:cpu	205
pci_intrs:394:config:name	ixgbe0
pci_intrs:394:config:pil	6
pci_intrs:394:config:type	msix
pci_intrs:395:config:cpu	213
pci_intrs:395:config:name	ixgbe0
pci_intrs:395:config:pil	6
pci_intrs:395:config:type	msix
pci_intrs:396:config:cpu	221
pci_intrs:396:config:name	ixgbe0
pci_intrs:396:config:pil	6
pci_intrs:396:config:type	msix
pci_intrs:397:config:cpu	229
pci_intrs:397:config:name	ixgbe0
pci_intrs:397:config:pil	6
pci_intrs:397:config:type	msix
pci_intrs:398:config:cpu	237
pci_intrs:398:config:name	ixgbe0
pci_intrs:398:config:pil	6
pci_intrs:398:config:type	msix
pci_intrs:399:config:cpu	245
pci_intrs:399:config:name	ixgbe0
pci_intrs:399:config:pil	6
pci_intrs:399:config:type	msix
pci_intrs:400:config:cpu	253
pci_intrs:400:config:name	ixgbe0
pci_intrs:400:config:pil	6
pci_intrs:400:config:type	msix
pci_intrs:402:config:cpu	203
pci_intrs:402:config:name	ixgbe0
pci_intrs:402:config:pil	6
pci_intrs:402:config:type	msix
pci_intrs:403:config:cpu	211
pci_intrs:403:config:name	ixgbe0
pci_intrs:403:config:pil	6
pci_intrs:403:config:type	msix
pci_intrs:404:config:cpu	219
pci_intrs:404:config:name	ixgbe0
pci_intrs:404:config:pil	6
pci_intrs:404:config:type	msix
pci_intrs:405:config:cpu	227
pci_intrs:405:config:name	ixgbe0
pci_intrs:405:config:pil	6
pci_intrs:405:config:type	msix
pci_intrs:406:config:cpu	235
pci_intrs:406:config:name	ixgbe0
pci_intrs:406:config:pil	6
pci_intrs:406:config:type	msix
pci_intrs:407:config:cpu	243
pci_intrs:407:config:name	ixgbe0
pci_intrs:407:config:pil	6
pci_intrs:407:config:type	msix
pci_intrs:408:config:cpu	251
pci_intrs:408:config:name	ixgbe0
pci_intrs:408:config:pil	6
pci_intrs:408:config:type	msix
pci_intrs:409:config:cpu	97
pci_intrs:409:config:name	ixgbe2
pci_intrs:409:config:pil	6
pci_intrs:409:config:type	msix
pci_intrs:410:config:cpu	105
pci_intrs:410:config:name	ixgbe2
pci_intrs:410:config:pil	6
pci_intrs:410:config:type	msix
pci_intrs:411:config:cpu	98
pci_intrs:411:config:name	ixgbe2
pci_intrs:411:config:pil	6
pci_intrs:411:config:type	msix
pci_intrs:412:config:cpu	113
pci_intrs:412:config:name	ixgbe2
pci_intrs:412:config:pil	6
pci_intrs:412:config:type	msix
pci_intrs:413:config:cpu	121
pci_intrs:413:config:name	ixgbe2
pci_intrs:413:config:pil	6
pci_intrs:413:config:type	msix
pci_intrs:414:config:cpu	106
pci_intrs:414:config:name	ixgbe2
pci_intrs:414:config:pil	6
pci_intrs:414:config:type	msix
pci_intrs:415:config:cpu	114
pci_intrs:415:config:name	ixgbe2
pci_intrs:415:config:pil	6
pci_intrs:415:config:type	msix
pci_intrs:416:config:cpu	122
pci_intrs:416:config:name	ixgbe2
pci_intrs:416:config:pil	6
pci_intrs:416:config:type	msix
pci_intrs:417:config:cpu	99
pci_intrs:417:config:name	ixgbe2
pci_intrs:417:config:pil	6
pci_intrs:417:config:type	msix
pci_intrs:418:config:cpu	107
pci_intrs:418:config:name	ixgbe2
pci_intrs:418:config:pil	6
pci_intrs:418:config:type	msix
pci_intrs:419:config:cpu	96
pci_intrs:419:config:name	ixgbe2
pci_intrs:419:config:pil	6
pci_intrs:419:config:type	msix
pci_intrs:420:config:cpu	104
pci_intrs:420:config:name	ixgbe2
pci_intrs:420:config:pil	6
pci_intrs:420:config:type	msix
pci_intrs:421:config:cpu	115
pci_intrs:421:config:name	ixgbe2
pci_intrs:421:config:pil	6
pci_intrs:421:config:type	msix
pci_intrs:422:config:cpu	123
pci_intrs:422:config:name	ixgbe2
pci_intrs:422:config:pil	6
pci_intrs:422:config:type	msix
pci_intrs:424:config:cpu	20
pci_intrs:424:config:name	emlxs1
pci_intrs:424:config:pil	6
pci_intrs:424:config:type	msix
pci_intrs:425:config:cpu	28
pci_intrs:425:config:name	emlxs1
pci_intrs:425:config:pil	6
pci_intrs:425:config:type	msix
pci_intrs:426:config:cpu	36
pci_intrs:426:config:name	emlxs1
pci_intrs:426:config:pil	6
pci_intrs:426:config:type	msix
pci_intrs:427:config:cpu	44
pci_intrs:427:config:name	emlxs1
pci_intrs:427:config:pil	6
pci_intrs:427:config:type	msix
pci_intrs:428:config:cpu	52
pci_intrs:428:config:name	emlxs1
pci_intrs:428:config:pil	6
pci_intrs:428:config:type	msix
pci_intrs:429:config:cpu	58
pci_intrs:429:config:name	emlxs1
pci_intrs:429:config:pil	6
pci_intrs:429:config:type	msix
pci_intrs:430:config:cpu	4
pci_intrs:430:config:name	emlxs1
pci_intrs:430:config:pil	6
pci_intrs:430:config:type	msix
pci_intrs:431:config:cpu	11
pci_intrs:431:config:name	emlxs1
pci_intrs:431:config:pil	6
pci_intrs:431:config:type	msix
pci_intrs:432:config:cpu	91
pci_intrs:432:config:name	emlxs3
pci_intrs:432:config:pil	6
pci_intrs:432:config:type	msix
pci_intrs:433:config:cpu	68
pci_intrs:433:config:name	emlxs3
pci_intrs:433:config:pil	6
pci_intrs:433:config:type	msix
pci_intrs:434:config:cpu	76
pci_intrs:434:config:name	emlxs3
pci_intrs:434:config:pil	6
pci_intrs:434:config:type	msix
pci_intrs:435:config:cpu	84
pci_intrs:435:config:name	emlxs3
pci_intrs:435:config:pil	6
pci_intrs:435:config:type	msix
pci_intrs:436:config:cpu	92
pci_intrs:436:config:name	emlxs3
pci_intrs:436:config:pil	6
pci_intrs:436:config:type	msix
pci_intrs:437:config:cpu	69
pci_intrs:437:config:name	emlxs3
pci_intrs:437:config:pil	6
pci_intrs:437:config:type	msix
pci_intrs:438:config:cpu	77
pci_intrs:438:config:name	emlxs3
pci_intrs:438:config:pil	6
pci_intrs:438:config:type	msix
pci_intrs:439:config:cpu	85
pci_intrs:439:config:name	emlxs3
pci_intrs:439:config:pil	6
pci_intrs:439:config:type	msix
pci_intrs:440:config:cpu	198
pci_intrs:440:config:name	mpt_sas1
pci_intrs:440:config:pil	5
pci_intrs:440:config:type	msi
pci_intrs:441:config:cpu	41
pci_intrs:441:config:name	e1000g1
pci_intrs:441:config:pil	6
pci_intrs:441:config:type	msi
pci_intrs:442:config:cpu	0
pci_intrs:442:config:name	e1000g0
pci_intrs:442:config:pil	6
pci_intrs:442:config:type	msi
pci_intrs:443:config:cpu	176
pci_intrs:443:config:name	igb2
pci_intrs:443:config:pil	6
pci_intrs:443:config:type	msix
pci_intrs:444:config:cpu	184
pci_intrs:444:config:name	igb2
pci_intrs:444:config:pil	6
pci_intrs:444:config:type	msix
pci_intrs:445:config:cpu	129
pci_intrs:445:config:name	igb2
pci_intrs:445:config:pil	6
pci_intrs:445:config:type	msix
pci_intrs:446:config:cpu	137
pci_intrs:446:config:name	igb2
pci_intrs:446:config:pil	6
pci_intrs:446:config:type	msix
pci_intrs:447:config:cpu	177
pci_intrs:447:config:name	igb2
pci_intrs:447:config:pil	6
pci_intrs:447:config:type	msix
pci_intrs:448:config:cpu	185
pci_intrs:448:config:name	igb2
pci_intrs:448:config:pil	6
pci_intrs:448:config:type	msix
pci_intrs:449:config:cpu	130
pci_intrs:449:config:name	igb2
pci_intrs:449:config:pil	6
pci_intrs:449:config:type	msix
pci_intrs:450:config:cpu	138
pci_intrs:450:config:name	igb3
pci_intrs:450:config:pil	6
pci_intrs:450:config:type	msix
pci_intrs:451:config:cpu	145
pci_intrs:451:config:name	igb3
pci_intrs:451:config:pil	6
pci_intrs:451:config:type	msix
pci_intrs:452:config:cpu	153
pci_intrs:452:config:name	igb3
pci_intrs:452:config:pil	6
pci_intrs:452:config:type	msix
pci_intrs:453:config:cpu	161
pci_intrs:453:config:name	igb3
pci_intrs:453:config:pil	6
pci_intrs:453:config:type	msix
pci_intrs:454:config:cpu	169
pci_intrs:454:config:name	igb3
pci_intrs:454:config:pil	6
pci_intrs:454:config:type	msix
pci_intrs:455:config:cpu	178
pci_intrs:455:config:name	igb3
pci_intrs:455:config:pil	6
pci_intrs:455:config:type	msix
pci_intrs:456:config:cpu	186
pci_intrs:456:config:name	igb3
pci_intrs:456:config:pil	6
pci_intrs:456:config:type	msix
pci_intrs:457:config:cpu	131
pci_intrs:457:config:name	igb4
pci_intrs:457:config:pil	6
pci_intrs:457:config:type	msix
pci_intrs:458:config:cpu	139
pci_intrs:458:config:name	igb4
pci_intrs:458:config:pil	6
pci_intrs:458:config:type	msix
pci_intrs:459:config:cpu	146
pci_intrs:459:config:name	igb4
pci_intrs:459:config:pil	6
pci_intrs:459:config:type	msix
pci_intrs:460:config:cpu	154
pci_intrs:460:config:name	igb4
pci_intrs:460:config:pil	6
pci_intrs:460:config:type	msix
pci_intrs:461:config:cpu	162
pci_intrs:461:config:name	igb4
pci_intrs:461:config:pil	6
pci_intrs:461:config:type	msix
pci_intrs:462:config:cpu	170
pci_intrs:462:config:name	igb4
pci_intrs:462:config:pil	6
pci_intrs:462:config:type	msix
pci_intrs:463:config:cpu	179
pci_intrs:463:config:name	igb4
pci_intrs:463:config:pil	6
pci_intrs:463:config:type	msix
pci_intrs:464:config:cpu	73
pci_intrs:464:config:name	e1000g2
pci_intrs:464:config:pil	6
pci_intrs:464:config:type	msi
pci_intrs:465:config:cpu	81
pci_intrs:465:config:name	e1000g3
pci_intrs:465:config:pil	6
pci_intrs:465:config:type	msi
pci_intrs:466:config:cpu	187
pci_intrs:466:config:name	igb5
pci_intrs:466:config:pil	6
pci_intrs:466:config:type	msix
pci_intrs:467:config:cpu	132
pci_intrs:467:config:name	igb5
pci_intrs:467:config:pil	6
pci_intrs:467:config:type	msix
pci_intrs:468:config:cpu	140
pci_intrs:468:config:name	igb5
pci_intrs:468:config:pil	6
pci_intrs:468:config:type	msix
pci_intrs:469:config:cpu	147
pci_intrs:469:config:name	igb5
pci_intrs:469:config:pil	6
pci_intrs:469:config:type	msix
pci_intrs:470:config:cpu	155
pci_intrs:470:config:name	igb5
pci_intrs:470:config:pil	6
pci_intrs:470:config:type	msix
pci_intrs:471:config:cpu	163
pci_intrs:471:config:name	igb5
pci_intrs:471:config:pil	6
pci_intrs:471:config:type	msix
pci_intrs:472:config:cpu	171
pci_intrs:472:config:name	igb5
pci_intrs:472:config:pil	6
pci_intrs:472:config:type	msix
pci_intrs:473:config:cpu	201
pci_intrs:473:config:name	ixgbe1
pci_intrs:473:config:pil	6
pci_intrs:473:config:type	msix
pci_intrs:474:config:cpu	209
pci_intrs:474:config:name	ixgbe1
pci_intrs:474:config:pil	6
pci_intrs:474:config:type	msix
pci_intrs:475:config:cpu	217
pci_intrs:475:config:name	ixgbe1
pci_intrs:475:config:pil	6
pci_intrs:475:config:type	msix
pci_intrs:476:config:cpu	225
pci_intrs:476:config:name	ixgbe1
pci_intrs:476:config:pil	6
pci_intrs:476:config:type	msix
pci_intrs:477:config:cpu	233
pci_intrs:477:config:name	ixgbe1
pci_intrs:477:config:pil	6
pci_intrs:477:config:type	msix
pci_intrs:478:config:cpu	241
pci_intrs:478:config:name	ixgbe1
pci_intrs:478:config:pil	6
pci_intrs:478:config:type	msix
pci_intrs:479:config:cpu	249
pci_intrs:479:config:name	ixgbe1
pci_intrs:479:config:pil	6
pci_intrs:479:config:type	msix
pci_intrs:480:config:cpu	193
pci_intrs:480:config:name	ixgbe1
pci_intrs:480:config:pil	6
pci_intrs:480:config:type	msix
pci_intrs:481:config:cpu	202
pci_intrs:481:config:name	ixgbe1
pci_intrs:481:config:pil	6
pci_intrs:481:config:type	msix
pci_intrs:482:config:cpu	210
pci_intrs:482:config:name	ixgbe1
pci_intrs:482:config:pil	6
pci_intrs:482:config:type	msix
pci_intrs:483:config:cpu	218
pci_intrs:483:config:name	ixgbe1
pci_intrs:483:config:pil	6
pci_intrs:483:config:type	msix
pci_intrs:484:config:cpu	226
pci_intrs:484:config:name	ixgbe1
pci_intrs:484:config:pil	6
pci_intrs:484:config:type	msix
pci_intrs:485:config:cpu	234
pci_intrs:485:config:name	ixgbe1
pci_intrs:485:config:pil	6
pci_intrs:485:config:type	msix
pci_intrs:486:config:cpu	242
pci_intrs:486:config:name	ixgbe1
pci_intrs:486:config:pil	6
pci_intrs:486:config:type	msix
pci_intrs:487:config:cpu	250
pci_intrs:487:config:name	ixgbe1
pci_intrs:487:config:pil	6
pci_intrs:487:config:type	msix
pci_intrs:488:config:cpu	194
pci_intrs:488:config:name	ixgbe1
pci_intrs:488:config:pil	6
pci_intrs:488:config:type	msix
pci_intrs:489:config:cpu	89
pci_intrs:489:config:name	ixgbe3
pci_intrs:489:config:pil	6
pci_intrs:489:config:type	msix
pci_intrs:490:config:cpu	66
pci_intrs:490:config:name	ixgbe3
pci_intrs:490:config:pil	6
pci_intrs:490:config:type	msix
pci_intrs:491:config:cpu	74
pci_intrs:491:config:name	ixgbe3
pci_intrs:491:config:pil	6
pci_intrs:491:config:type	msix
pci_intrs:492:config:cpu	82
pci_intrs:492:config:name	ixgbe3
pci_intrs:492:config:pil	6
pci_intrs:492:config:type	msix
pci_intrs:493:config:cpu	90
pci_intrs:493:config:name	ixgbe3
pci_intrs:493:config:pil	6
pci_intrs:493:config:type	msix
pci_intrs:494:config:cpu	67
pci_intrs:494:config:name	ixgbe3
pci_intrs:494:config:pil	6
pci_intrs:494:config:type	msix
pci_intrs:495:config:cpu	75
pci_intrs:495:config:name	ixgbe3
pci_intrs:495:config:pil	6
pci_intrs:495:config:type	msix
pci_intrs:496:config:cpu	83
pci_intrs:496:config:name	ixgbe3
pci_intrs:496:config:pil	6
pci_intrs:496:config:type	msix
pci_intrs:497:config:cpu	94
pci_intrs:497:config:name	ixgbe3
pci_intrs:497:config:pil	6
pci_intrs:497:config:type	msix
pci_intrs:498:config:cpu	100
pci_intrs:498:config:name	ixgbe3
pci_intrs:498:config:pil	6
pci_intrs:498:config:type	msix
pci_intrs:499:config:cpu	108
pci_intrs:499:config:name	ixgbe3
pci_intrs:499:config:pil	6
pci_intrs:499:config:type	msix
pci_intrs:500:config:cpu	116
pci_intrs:500:config:name	ixgbe3
pci_intrs:500:config:pil	6
pci_intrs:500:config:type	msix
pci_intrs:501:config:cpu	124
pci_intrs:501:config:name	ixgbe3
pci_intrs:501:config:pil	6
pci_intrs:501:config:type	msix
pci_intrs:502:config:cpu	64
pci_intrs:502:config:name	ixgbe3
pci_intrs:502:config:pil	6
pci_intrs:502:config:type	msix
pci_intrs:503:config:cpu	72
pci_intrs:503:config:name	ixgbe3
pci_intrs:503:config:pil	6
pci_intrs:503:config:type	msix
pci_intrs:504:config:cpu	80
pci_intrs:504:config:name	ixgbe3
pci_intrs:504:config:pil	6
pci_intrs:504:config:type	msix
pci_intrs:517:config:cpu	182
pci_intrs:517:config:name	igb6
pci_intrs:517:config:pil	6
pci_intrs:517:config:type	msix
pci_intrs:518:config:cpu	151
pci_intrs:518:config:name	igb6
pci_intrs:518:config:pil	6
pci_intrs:518:config:type	msix
pci_intrs:521:config:cpu	166
pci_intrs:521:config:name	igb6
pci_intrs:521:config:pil	6
pci_intrs:521:config:type	msix
pci_intrs:522:config:cpu	135
pci_intrs:522:config:name	igb6
pci_intrs:522:config:pil	6
pci_intrs:522:config:type	msix
pci_intrs:523:config:cpu	159
pci_intrs:523:config:name	igb6
pci_intrs:523:config:pil	6
pci_intrs:523:config:type	msix
pci_intrs:524:config:cpu	149
pci_intrs:524:config:name	igb6
pci_intrs:524:config:pil	6
pci_intrs:524:config:type	msix
pci_intrs:525:config:cpu	172
pci_intrs:525:config:name	igb6
pci_intrs:525:config:pil	6
pci_intrs:525:config:type	msix
pci_intrs:526:config:cpu	141
pci_intrs:526:config:name	igb6
pci_intrs:526:config:pil	6
pci_intrs:526:config:type	msix
pci_intrs:527:config:cpu	196
pci_intrs:527:config:name	ixgbe0
pci_intrs:527:config:pil	6
pci_intrs:527:config:type	msix
