cpu_info:32:cpu_info32:brand	SPARC64-VII+
cpu_info:32:cpu_info32:chip_id	1056
cpu_info:32:cpu_info32:core_id	32
cpu_info:32:cpu_info32:cpu_type	sparcv9
cpu_info:32:cpu_info32:device_ID	34361456058697
cpu_info:32:cpu_info32:pg_id	1
cpu_info:32:cpu_info32:state	no-intr
cpu_info:32:cpu_info32:state_begin	1430596678
cpu_info:33:cpu_info33:brand	SPARC64-VII+
cpu_info:33:cpu_info33:chip_id	1056
cpu_info:33:cpu_info33:core_id	32
cpu_info:33:cpu_info33:cpu_type	sparcv9
cpu_info:33:cpu_info33:device_ID	34361456058697
cpu_info:33:cpu_info33:pg_id	1
cpu_info:33:cpu_info33:state	no-intr
cpu_info:33:cpu_info33:state_begin	1430596678
cpu_info:34:cpu_info34:brand	SPARC64-VII+
cpu_info:34:cpu_info34:chip_id	1056
cpu_info:34:cpu_info34:core_id	34
cpu_info:34:cpu_info34:cpu_type	sparcv9
cpu_info:34:cpu_info34:device_ID	34361456058697
cpu_info:34:cpu_info34:pg_id	4
cpu_info:34:cpu_info34:state	no-intr
cpu_info:34:cpu_info34:state_begin	1430596678
cpu_info:35:cpu_info35:brand	SPARC64-VII+
cpu_info:35:cpu_info35:chip_id	1056
cpu_info:35:cpu_info35:core_id	34
cpu_info:35:cpu_info35:cpu_type	sparcv9
cpu_info:35:cpu_info35:device_ID	34361456058697
cpu_info:35:cpu_info35:pg_id	4
cpu_info:35:cpu_info35:state	no-intr
cpu_info:35:cpu_info35:state_begin	1430596678
cpu_info:36:cpu_info36:brand	SPARC64-VII+
cpu_info:36:cpu_info36:chip_id	1056
cpu_info:36:cpu_info36:core_id	36
cpu_info:36:cpu_info36:cpu_type	sparcv9
cpu_info:36:cpu_info36:device_ID	34361456058697
cpu_info:36:cpu_info36:pg_id	5
cpu_info:36:cpu_info36:state	on-line
cpu_info:36:cpu_info36:state_begin	1430595653
cpu_info:37:cpu_info37:brand	SPARC64-VII+
cpu_info:37:cpu_info37:chip_id	1056
cpu_info:37:cpu_info37:core_id	36
cpu_info:37:cpu_info37:cpu_type	sparcv9
cpu_info:37:cpu_info37:device_ID	34361456058697
cpu_info:37:cpu_info37:pg_id	5
cpu_info:37:cpu_info37:state	on-line
cpu_info:37:cpu_info37:state_begin	1430595653
cpu_info:38:cpu_info38:brand	SPARC64-VII+
cpu_info:38:cpu_info38:chip_id	1056
cpu_info:38:cpu_info38:core_id	38
cpu_info:38:cpu_info38:cpu_type	sparcv9
cpu_info:38:cpu_info38:device_ID	34361456058697
cpu_info:38:cpu_info38:pg_id	6
cpu_info:38:cpu_info38:state	on-line
cpu_info:38:cpu_info38:state_begin	1430595653
cpu_info:39:cpu_info39:brand	SPARC64-VII+
cpu_info:39:cpu_info39:chip_id	1056
cpu_info:39:cpu_info39:core_id	38
cpu_info:39:cpu_info39:cpu_type	sparcv9
cpu_info:39:cpu_info39:device_ID	34361456058697
cpu_info:39:cpu_info39:pg_id	6
cpu_info:39:cpu_info39:state	on-line
cpu_info:39:cpu_info39:state_begin	1430595653
cpu_info:40:cpu_info40:brand	SPARC64-VII+
cpu_info:40:cpu_info40:chip_id	1064
cpu_info:40:cpu_info40:core_id	40
cpu_info:40:cpu_info40:cpu_type	sparcv9
cpu_info:40:cpu_info40:device_ID	32162432868869
cpu_info:40:cpu_info40:pg_id	7
cpu_info:40:cpu_info40:state	on-line
cpu_info:40:cpu_info40:state_begin	1430595653
cpu_info:41:cpu_info41:brand	SPARC64-VII+
cpu_info:41:cpu_info41:chip_id	1064
cpu_info:41:cpu_info41:core_id	40
cpu_info:41:cpu_info41:cpu_type	sparcv9
cpu_info:41:cpu_info41:device_ID	32162432868869
cpu_info:41:cpu_info41:pg_id	7
cpu_info:41:cpu_info41:state	on-line
cpu_info:41:cpu_info41:state_begin	1430595653
cpu_info:42:cpu_info42:brand	SPARC64-VII+
cpu_info:42:cpu_info42:chip_id	1064
cpu_info:42:cpu_info42:core_id	42
cpu_info:42:cpu_info42:cpu_type	sparcv9
cpu_info:42:cpu_info42:device_ID	32162432868869
cpu_info:42:cpu_info42:pg_id	10
cpu_info:42:cpu_info42:state	on-line
cpu_info:42:cpu_info42:state_begin	1430595653
cpu_info:43:cpu_info43:brand	SPARC64-VII+
cpu_info:43:cpu_info43:chip_id	1064
cpu_info:43:cpu_info43:core_id	42
cpu_info:43:cpu_info43:cpu_type	sparcv9
cpu_info:43:cpu_info43:device_ID	32162432868869
cpu_info:43:cpu_info43:pg_id	10
cpu_info:43:cpu_info43:state	on-line
cpu_info:43:cpu_info43:state_begin	1430595653
cpu_info:44:cpu_info44:brand	SPARC64-VII+
cpu_info:44:cpu_info44:chip_id	1064
cpu_info:44:cpu_info44:core_id	44
cpu_info:44:cpu_info44:cpu_type	sparcv9
cpu_info:44:cpu_info44:device_ID	32162432868869
cpu_info:44:cpu_info44:pg_id	11
cpu_info:44:cpu_info44:state	on-line
cpu_info:44:cpu_info44:state_begin	1430595653
cpu_info:45:cpu_info45:brand	SPARC64-VII+
cpu_info:45:cpu_info45:chip_id	1064
cpu_info:45:cpu_info45:core_id	44
cpu_info:45:cpu_info45:cpu_type	sparcv9
cpu_info:45:cpu_info45:device_ID	32162432868869
cpu_info:45:cpu_info45:pg_id	11
cpu_info:45:cpu_info45:state	on-line
cpu_info:45:cpu_info45:state_begin	1430595653
cpu_info:46:cpu_info46:brand	SPARC64-VII+
cpu_info:46:cpu_info46:chip_id	1064
cpu_info:46:cpu_info46:core_id	46
cpu_info:46:cpu_info46:cpu_type	sparcv9
cpu_info:46:cpu_info46:device_ID	32162432868869
cpu_info:46:cpu_info46:pg_id	12
cpu_info:46:cpu_info46:state	on-line
cpu_info:46:cpu_info46:state_begin	1430595653
cpu_info:47:cpu_info47:brand	SPARC64-VII+
cpu_info:47:cpu_info47:chip_id	1064
cpu_info:47:cpu_info47:core_id	46
cpu_info:47:cpu_info47:cpu_type	sparcv9
cpu_info:47:cpu_info47:device_ID	32162432868869
cpu_info:47:cpu_info47:pg_id	12
cpu_info:47:cpu_info47:state	on-line
cpu_info:47:cpu_info47:state_begin	1430595653
cpu_info:48:cpu_info48:brand	SPARC64-VII+
cpu_info:48:cpu_info48:chip_id	1072
cpu_info:48:cpu_info48:core_id	48
cpu_info:48:cpu_info48:cpu_type	sparcv9
cpu_info:48:cpu_info48:device_ID	12371237204291
cpu_info:48:cpu_info48:pg_id	13
cpu_info:48:cpu_info48:state	no-intr
cpu_info:48:cpu_info48:state_begin	1430596559
cpu_info:49:cpu_info49:brand	SPARC64-VII+
cpu_info:49:cpu_info49:chip_id	1072
cpu_info:49:cpu_info49:core_id	48
cpu_info:49:cpu_info49:cpu_type	sparcv9
cpu_info:49:cpu_info49:device_ID	12371237204291
cpu_info:49:cpu_info49:pg_id	13
cpu_info:49:cpu_info49:state	no-intr
cpu_info:49:cpu_info49:state_begin	1430596559
cpu_info:50:cpu_info50:brand	SPARC64-VII+
cpu_info:50:cpu_info50:chip_id	1072
cpu_info:50:cpu_info50:core_id	50
cpu_info:50:cpu_info50:cpu_type	sparcv9
cpu_info:50:cpu_info50:device_ID	12371237204291
cpu_info:50:cpu_info50:pg_id	16
cpu_info:50:cpu_info50:state	no-intr
cpu_info:50:cpu_info50:state_begin	1430596559
cpu_info:51:cpu_info51:brand	SPARC64-VII+
cpu_info:51:cpu_info51:chip_id	1072
cpu_info:51:cpu_info51:core_id	50
cpu_info:51:cpu_info51:cpu_type	sparcv9
cpu_info:51:cpu_info51:device_ID	12371237204291
cpu_info:51:cpu_info51:pg_id	16
cpu_info:51:cpu_info51:state	no-intr
cpu_info:51:cpu_info51:state_begin	1430596559
cpu_info:52:cpu_info52:brand	SPARC64-VII+
cpu_info:52:cpu_info52:chip_id	1072
cpu_info:52:cpu_info52:core_id	52
cpu_info:52:cpu_info52:cpu_type	sparcv9
cpu_info:52:cpu_info52:device_ID	12371237204291
cpu_info:52:cpu_info52:pg_id	17
cpu_info:52:cpu_info52:state	on-line
cpu_info:52:cpu_info52:state_begin	1430595653
cpu_info:53:cpu_info53:brand	SPARC64-VII+
cpu_info:53:cpu_info53:chip_id	1072
cpu_info:53:cpu_info53:core_id	52
cpu_info:53:cpu_info53:cpu_type	sparcv9
cpu_info:53:cpu_info53:device_ID	12371237204291
cpu_info:53:cpu_info53:pg_id	17
cpu_info:53:cpu_info53:state	on-line
cpu_info:53:cpu_info53:state_begin	1430595653
cpu_info:54:cpu_info54:brand	SPARC64-VII+
cpu_info:54:cpu_info54:chip_id	1072
cpu_info:54:cpu_info54:core_id	54
cpu_info:54:cpu_info54:cpu_type	sparcv9
cpu_info:54:cpu_info54:device_ID	12371237204291
cpu_info:54:cpu_info54:pg_id	18
cpu_info:54:cpu_info54:state	on-line
cpu_info:54:cpu_info54:state_begin	1430595653
cpu_info:55:cpu_info55:brand	SPARC64-VII+
cpu_info:55:cpu_info55:chip_id	1072
cpu_info:55:cpu_info55:core_id	54
cpu_info:55:cpu_info55:cpu_type	sparcv9
cpu_info:55:cpu_info55:device_ID	12371237204291
cpu_info:55:cpu_info55:pg_id	18
cpu_info:55:cpu_info55:state	on-line
cpu_info:55:cpu_info55:state_begin	1430595653
cpu_info:56:cpu_info56:brand	SPARC64-VII+
cpu_info:56:cpu_info56:chip_id	1080
cpu_info:56:cpu_info56:core_id	56
cpu_info:56:cpu_info56:cpu_type	sparcv9
cpu_info:56:cpu_info56:device_ID	25565363056963
cpu_info:56:cpu_info56:pg_id	19
cpu_info:56:cpu_info56:state	no-intr
cpu_info:56:cpu_info56:state_begin	1430596559
cpu_info:57:cpu_info57:brand	SPARC64-VII+
cpu_info:57:cpu_info57:chip_id	1080
cpu_info:57:cpu_info57:core_id	56
cpu_info:57:cpu_info57:cpu_type	sparcv9
cpu_info:57:cpu_info57:device_ID	25565363056963
cpu_info:57:cpu_info57:pg_id	19
cpu_info:57:cpu_info57:state	no-intr
cpu_info:57:cpu_info57:state_begin	1430596559
cpu_info:58:cpu_info58:brand	SPARC64-VII+
cpu_info:58:cpu_info58:chip_id	1080
cpu_info:58:cpu_info58:core_id	58
cpu_info:58:cpu_info58:cpu_type	sparcv9
cpu_info:58:cpu_info58:device_ID	25565363056963
cpu_info:58:cpu_info58:pg_id	22
cpu_info:58:cpu_info58:state	on-line
cpu_info:58:cpu_info58:state_begin	1430595653
cpu_info:59:cpu_info59:brand	SPARC64-VII+
cpu_info:59:cpu_info59:chip_id	1080
cpu_info:59:cpu_info59:core_id	58
cpu_info:59:cpu_info59:cpu_type	sparcv9
cpu_info:59:cpu_info59:device_ID	25565363056963
cpu_info:59:cpu_info59:pg_id	22
cpu_info:59:cpu_info59:state	on-line
cpu_info:59:cpu_info59:state_begin	1430595653
cpu_info:60:cpu_info60:brand	SPARC64-VII+
cpu_info:60:cpu_info60:chip_id	1080
cpu_info:60:cpu_info60:core_id	60
cpu_info:60:cpu_info60:cpu_type	sparcv9
cpu_info:60:cpu_info60:device_ID	25565363056963
cpu_info:60:cpu_info60:pg_id	23
cpu_info:60:cpu_info60:state	on-line
cpu_info:60:cpu_info60:state_begin	1430595653
cpu_info:61:cpu_info61:brand	SPARC64-VII+
cpu_info:61:cpu_info61:chip_id	1080
cpu_info:61:cpu_info61:core_id	60
cpu_info:61:cpu_info61:cpu_type	sparcv9
cpu_info:61:cpu_info61:device_ID	25565363056963
cpu_info:61:cpu_info61:pg_id	23
cpu_info:61:cpu_info61:state	on-line
cpu_info:61:cpu_info61:state_begin	1430595653
cpu_info:62:cpu_info62:brand	SPARC64-VII+
cpu_info:62:cpu_info62:chip_id	1080
cpu_info:62:cpu_info62:core_id	62
cpu_info:62:cpu_info62:cpu_type	sparcv9
cpu_info:62:cpu_info62:device_ID	25565363056963
cpu_info:62:cpu_info62:pg_id	24
cpu_info:62:cpu_info62:state	on-line
cpu_info:62:cpu_info62:state_begin	1430595653
cpu_info:63:cpu_info63:brand	SPARC64-VII+
cpu_info:63:cpu_info63:chip_id	1080
cpu_info:63:cpu_info63:core_id	62
cpu_info:63:cpu_info63:cpu_type	sparcv9
cpu_info:63:cpu_info63:device_ID	25565363056963
cpu_info:63:cpu_info63:pg_id	24
cpu_info:63:cpu_info63:state	on-line
cpu_info:63:cpu_info63:state_begin	1430595653
cpu_info:96:cpu_info96:brand	SPARC64-VII+
cpu_info:96:cpu_info96:chip_id	1120
cpu_info:96:cpu_info96:core_id	96
cpu_info:96:cpu_info96:cpu_type	sparcv9
cpu_info:96:cpu_info96:device_ID	14570730709509
cpu_info:96:cpu_info96:pg_id	25
cpu_info:96:cpu_info96:state	no-intr
cpu_info:96:cpu_info96:state_begin	1430599748
cpu_info:97:cpu_info97:brand	SPARC64-VII+
cpu_info:97:cpu_info97:chip_id	1120
cpu_info:97:cpu_info97:core_id	96
cpu_info:97:cpu_info97:cpu_type	sparcv9
cpu_info:97:cpu_info97:device_ID	14570730709509
cpu_info:97:cpu_info97:pg_id	25
cpu_info:97:cpu_info97:state	no-intr
cpu_info:97:cpu_info97:state_begin	1430599748
cpu_info:98:cpu_info98:brand	SPARC64-VII+
cpu_info:98:cpu_info98:chip_id	1120
cpu_info:98:cpu_info98:core_id	98
cpu_info:98:cpu_info98:cpu_type	sparcv9
cpu_info:98:cpu_info98:device_ID	14570730709509
cpu_info:98:cpu_info98:pg_id	28
cpu_info:98:cpu_info98:state	no-intr
cpu_info:98:cpu_info98:state_begin	1430599748
cpu_info:99:cpu_info99:brand	SPARC64-VII+
cpu_info:99:cpu_info99:chip_id	1120
cpu_info:99:cpu_info99:core_id	98
cpu_info:99:cpu_info99:cpu_type	sparcv9
cpu_info:99:cpu_info99:device_ID	14570730709509
cpu_info:99:cpu_info99:pg_id	28
cpu_info:99:cpu_info99:state	no-intr
cpu_info:99:cpu_info99:state_begin	1430599748
cpu_info:100:cpu_info100:brand	SPARC64-VII+
cpu_info:100:cpu_info100:chip_id	1120
cpu_info:100:cpu_info100:core_id	100
cpu_info:100:cpu_info100:cpu_type	sparcv9
cpu_info:100:cpu_info100:device_ID	14570730709509
cpu_info:100:cpu_info100:pg_id	29
cpu_info:100:cpu_info100:state	on-line
cpu_info:100:cpu_info100:state_begin	1430595653
cpu_info:101:cpu_info101:brand	SPARC64-VII+
cpu_info:101:cpu_info101:chip_id	1120
cpu_info:101:cpu_info101:core_id	100
cpu_info:101:cpu_info101:cpu_type	sparcv9
cpu_info:101:cpu_info101:device_ID	14570730709509
cpu_info:101:cpu_info101:pg_id	29
cpu_info:101:cpu_info101:state	on-line
cpu_info:101:cpu_info101:state_begin	1430595653
cpu_info:102:cpu_info102:brand	SPARC64-VII+
cpu_info:102:cpu_info102:chip_id	1120
cpu_info:102:cpu_info102:core_id	102
cpu_info:102:cpu_info102:cpu_type	sparcv9
cpu_info:102:cpu_info102:device_ID	14570730709509
cpu_info:102:cpu_info102:pg_id	30
cpu_info:102:cpu_info102:state	on-line
cpu_info:102:cpu_info102:state_begin	1430595653
cpu_info:103:cpu_info103:brand	SPARC64-VII+
cpu_info:103:cpu_info103:chip_id	1120
cpu_info:103:cpu_info103:core_id	102
cpu_info:103:cpu_info103:cpu_type	sparcv9
cpu_info:103:cpu_info103:device_ID	14570730709509
cpu_info:103:cpu_info103:pg_id	30
cpu_info:103:cpu_info103:state	on-line
cpu_info:103:cpu_info103:state_begin	1430595653
cpu_info:104:cpu_info104:brand	SPARC64-VII+
cpu_info:104:cpu_info104:chip_id	1128
cpu_info:104:cpu_info104:core_id	104
cpu_info:104:cpu_info104:cpu_type	sparcv9
cpu_info:104:cpu_info104:device_ID	4675125915911
cpu_info:104:cpu_info104:pg_id	31
cpu_info:104:cpu_info104:state	on-line
cpu_info:104:cpu_info104:state_begin	1430595653
cpu_info:105:cpu_info105:brand	SPARC64-VII+
cpu_info:105:cpu_info105:chip_id	1128
cpu_info:105:cpu_info105:core_id	104
cpu_info:105:cpu_info105:cpu_type	sparcv9
cpu_info:105:cpu_info105:device_ID	4675125915911
cpu_info:105:cpu_info105:pg_id	31
cpu_info:105:cpu_info105:state	on-line
cpu_info:105:cpu_info105:state_begin	1430595653
cpu_info:106:cpu_info106:brand	SPARC64-VII+
cpu_info:106:cpu_info106:chip_id	1128
cpu_info:106:cpu_info106:core_id	106
cpu_info:106:cpu_info106:cpu_type	sparcv9
cpu_info:106:cpu_info106:device_ID	4675125915911
cpu_info:106:cpu_info106:pg_id	34
cpu_info:106:cpu_info106:state	on-line
cpu_info:106:cpu_info106:state_begin	1430595653
cpu_info:107:cpu_info107:brand	SPARC64-VII+
cpu_info:107:cpu_info107:chip_id	1128
cpu_info:107:cpu_info107:core_id	106
cpu_info:107:cpu_info107:cpu_type	sparcv9
cpu_info:107:cpu_info107:device_ID	4675125915911
cpu_info:107:cpu_info107:pg_id	34
cpu_info:107:cpu_info107:state	on-line
cpu_info:107:cpu_info107:state_begin	1430595653
cpu_info:108:cpu_info108:brand	SPARC64-VII+
cpu_info:108:cpu_info108:chip_id	1128
cpu_info:108:cpu_info108:core_id	108
cpu_info:108:cpu_info108:cpu_type	sparcv9
cpu_info:108:cpu_info108:device_ID	4675125915911
cpu_info:108:cpu_info108:pg_id	35
cpu_info:108:cpu_info108:state	on-line
cpu_info:108:cpu_info108:state_begin	1430595653
cpu_info:109:cpu_info109:brand	SPARC64-VII+
cpu_info:109:cpu_info109:chip_id	1128
cpu_info:109:cpu_info109:core_id	108
cpu_info:109:cpu_info109:cpu_type	sparcv9
cpu_info:109:cpu_info109:device_ID	4675125915911
cpu_info:109:cpu_info109:pg_id	35
cpu_info:109:cpu_info109:state	on-line
cpu_info:109:cpu_info109:state_begin	1430595653
cpu_info:110:cpu_info110:brand	SPARC64-VII+
cpu_info:110:cpu_info110:chip_id	1128
cpu_info:110:cpu_info110:core_id	110
cpu_info:110:cpu_info110:cpu_type	sparcv9
cpu_info:110:cpu_info110:device_ID	4675125915911
cpu_info:110:cpu_info110:pg_id	36
cpu_info:110:cpu_info110:state	on-line
cpu_info:110:cpu_info110:state_begin	1430595653
cpu_info:111:cpu_info111:brand	SPARC64-VII+
cpu_info:111:cpu_info111:chip_id	1128
cpu_info:111:cpu_info111:core_id	110
cpu_info:111:cpu_info111:cpu_type	sparcv9
cpu_info:111:cpu_info111:device_ID	4675125915911
cpu_info:111:cpu_info111:pg_id	36
cpu_info:111:cpu_info111:state	on-line
cpu_info:111:cpu_info111:state_begin	1430595653
cpu_info:112:cpu_info112:brand	SPARC64-VII+
cpu_info:112:cpu_info112:chip_id	1136
cpu_info:112:cpu_info112:core_id	112
cpu_info:112:cpu_info112:cpu_type	sparcv9
cpu_info:112:cpu_info112:device_ID	3575199244613
cpu_info:112:cpu_info112:pg_id	37
cpu_info:112:cpu_info112:state	on-line
cpu_info:112:cpu_info112:state_begin	1430595653
cpu_info:113:cpu_info113:brand	SPARC64-VII+
cpu_info:113:cpu_info113:chip_id	1136
cpu_info:113:cpu_info113:core_id	112
cpu_info:113:cpu_info113:cpu_type	sparcv9
cpu_info:113:cpu_info113:device_ID	3575199244613
cpu_info:113:cpu_info113:pg_id	37
cpu_info:113:cpu_info113:state	on-line
cpu_info:113:cpu_info113:state_begin	1430595653
cpu_info:114:cpu_info114:brand	SPARC64-VII+
cpu_info:114:cpu_info114:chip_id	1136
cpu_info:114:cpu_info114:core_id	114
cpu_info:114:cpu_info114:cpu_type	sparcv9
cpu_info:114:cpu_info114:device_ID	3575199244613
cpu_info:114:cpu_info114:pg_id	40
cpu_info:114:cpu_info114:state	on-line
cpu_info:114:cpu_info114:state_begin	1430595653
cpu_info:115:cpu_info115:brand	SPARC64-VII+
cpu_info:115:cpu_info115:chip_id	1136
cpu_info:115:cpu_info115:core_id	114
cpu_info:115:cpu_info115:cpu_type	sparcv9
cpu_info:115:cpu_info115:device_ID	3575199244613
cpu_info:115:cpu_info115:pg_id	40
cpu_info:115:cpu_info115:state	on-line
cpu_info:115:cpu_info115:state_begin	1430595653
cpu_info:116:cpu_info116:brand	SPARC64-VII+
cpu_info:116:cpu_info116:chip_id	1136
cpu_info:116:cpu_info116:core_id	116
cpu_info:116:cpu_info116:cpu_type	sparcv9
cpu_info:116:cpu_info116:device_ID	3575199244613
cpu_info:116:cpu_info116:pg_id	41
cpu_info:116:cpu_info116:state	on-line
cpu_info:116:cpu_info116:state_begin	1430595653
cpu_info:117:cpu_info117:brand	SPARC64-VII+
cpu_info:117:cpu_info117:chip_id	1136
cpu_info:117:cpu_info117:core_id	116
cpu_info:117:cpu_info117:cpu_type	sparcv9
cpu_info:117:cpu_info117:device_ID	3575199244613
cpu_info:117:cpu_info117:pg_id	41
cpu_info:117:cpu_info117:state	on-line
cpu_info:117:cpu_info117:state_begin	1430595653
cpu_info:118:cpu_info118:brand	SPARC64-VII+
cpu_info:118:cpu_info118:chip_id	1136
cpu_info:118:cpu_info118:core_id	118
cpu_info:118:cpu_info118:cpu_type	sparcv9
cpu_info:118:cpu_info118:device_ID	3575199244613
cpu_info:118:cpu_info118:pg_id	42
cpu_info:118:cpu_info118:state	on-line
cpu_info:118:cpu_info118:state_begin	1430595653
cpu_info:119:cpu_info119:brand	SPARC64-VII+
cpu_info:119:cpu_info119:chip_id	1136
cpu_info:119:cpu_info119:core_id	118
cpu_info:119:cpu_info119:cpu_type	sparcv9
cpu_info:119:cpu_info119:device_ID	3575199244613
cpu_info:119:cpu_info119:pg_id	42
cpu_info:119:cpu_info119:state	on-line
cpu_info:119:cpu_info119:state_begin	1430595653
cpu_info:120:cpu_info120:brand	SPARC64-VII+
cpu_info:120:cpu_info120:chip_id	1144
cpu_info:120:cpu_info120:core_id	120
cpu_info:120:cpu_info120:cpu_type	sparcv9
cpu_info:120:cpu_info120:device_ID	14570730709507
cpu_info:120:cpu_info120:pg_id	43
cpu_info:120:cpu_info120:state	on-line
cpu_info:120:cpu_info120:state_begin	1430595653
cpu_info:121:cpu_info121:brand	SPARC64-VII+
cpu_info:121:cpu_info121:chip_id	1144
cpu_info:121:cpu_info121:core_id	120
cpu_info:121:cpu_info121:cpu_type	sparcv9
cpu_info:121:cpu_info121:device_ID	14570730709507
cpu_info:121:cpu_info121:pg_id	43
cpu_info:121:cpu_info121:state	on-line
cpu_info:121:cpu_info121:state_begin	1430595653
cpu_info:122:cpu_info122:brand	SPARC64-VII+
cpu_info:122:cpu_info122:chip_id	1144
cpu_info:122:cpu_info122:core_id	122
cpu_info:122:cpu_info122:cpu_type	sparcv9
cpu_info:122:cpu_info122:device_ID	14570730709507
cpu_info:122:cpu_info122:pg_id	46
cpu_info:122:cpu_info122:state	on-line
cpu_info:122:cpu_info122:state_begin	1430595653
cpu_info:123:cpu_info123:brand	SPARC64-VII+
cpu_info:123:cpu_info123:chip_id	1144
cpu_info:123:cpu_info123:core_id	122
cpu_info:123:cpu_info123:cpu_type	sparcv9
cpu_info:123:cpu_info123:device_ID	14570730709507
cpu_info:123:cpu_info123:pg_id	46
cpu_info:123:cpu_info123:state	on-line
cpu_info:123:cpu_info123:state_begin	1430595653
cpu_info:124:cpu_info124:brand	SPARC64-VII+
cpu_info:124:cpu_info124:chip_id	1144
cpu_info:124:cpu_info124:core_id	124
cpu_info:124:cpu_info124:cpu_type	sparcv9
cpu_info:124:cpu_info124:device_ID	14570730709507
cpu_info:124:cpu_info124:pg_id	47
cpu_info:124:cpu_info124:state	on-line
cpu_info:124:cpu_info124:state_begin	1430595653
cpu_info:125:cpu_info125:brand	SPARC64-VII+
cpu_info:125:cpu_info125:chip_id	1144
cpu_info:125:cpu_info125:core_id	124
cpu_info:125:cpu_info125:cpu_type	sparcv9
cpu_info:125:cpu_info125:device_ID	14570730709507
cpu_info:125:cpu_info125:pg_id	47
cpu_info:125:cpu_info125:state	on-line
cpu_info:125:cpu_info125:state_begin	1430595653
cpu_info:126:cpu_info126:brand	SPARC64-VII+
cpu_info:126:cpu_info126:chip_id	1144
cpu_info:126:cpu_info126:core_id	126
cpu_info:126:cpu_info126:cpu_type	sparcv9
cpu_info:126:cpu_info126:device_ID	14570730709507
cpu_info:126:cpu_info126:pg_id	48
cpu_info:126:cpu_info126:state	on-line
cpu_info:126:cpu_info126:state_begin	1430595653
cpu_info:127:cpu_info127:brand	SPARC64-VII+
cpu_info:127:cpu_info127:chip_id	1144
cpu_info:127:cpu_info127:core_id	126
cpu_info:127:cpu_info127:cpu_type	sparcv9
cpu_info:127:cpu_info127:device_ID	14570730709507
cpu_info:127:cpu_info127:pg_id	48
cpu_info:127:cpu_info127:state	on-line
cpu_info:127:cpu_info127:state_begin	1430595653
cpu_info:160:cpu_info160:brand	SPARC64-VI
cpu_info:160:cpu_info160:chip_id	1184
cpu_info:160:cpu_info160:core_id	160
cpu_info:160:cpu_info160:cpu_type	sparcv9
cpu_info:160:cpu_info160:device_ID	182521776668673
cpu_info:160:cpu_info160:pg_id	49
cpu_info:160:cpu_info160:state	on-line
cpu_info:160:cpu_info160:state_begin	1430595653
cpu_info:161:cpu_info161:brand	SPARC64-VI
cpu_info:161:cpu_info161:chip_id	1184
cpu_info:161:cpu_info161:core_id	160
cpu_info:161:cpu_info161:cpu_type	sparcv9
cpu_info:161:cpu_info161:device_ID	182521776668673
cpu_info:161:cpu_info161:pg_id	49
cpu_info:161:cpu_info161:state	on-line
cpu_info:161:cpu_info161:state_begin	1430595653
cpu_info:162:cpu_info162:brand	SPARC64-VI
cpu_info:162:cpu_info162:chip_id	1184
cpu_info:162:cpu_info162:core_id	162
cpu_info:162:cpu_info162:cpu_type	sparcv9
cpu_info:162:cpu_info162:device_ID	182521776668673
cpu_info:162:cpu_info162:pg_id	52
cpu_info:162:cpu_info162:state	on-line
cpu_info:162:cpu_info162:state_begin	1430595653
cpu_info:163:cpu_info163:brand	SPARC64-VI
cpu_info:163:cpu_info163:chip_id	1184
cpu_info:163:cpu_info163:core_id	162
cpu_info:163:cpu_info163:cpu_type	sparcv9
cpu_info:163:cpu_info163:device_ID	182521776668673
cpu_info:163:cpu_info163:pg_id	52
cpu_info:163:cpu_info163:state	on-line
cpu_info:163:cpu_info163:state_begin	1430595653
cpu_info:168:cpu_info168:brand	SPARC64-VI
cpu_info:168:cpu_info168:chip_id	1192
cpu_info:168:cpu_info168:core_id	168
cpu_info:168:cpu_info168:cpu_type	sparcv9
cpu_info:168:cpu_info168:device_ID	184720792068353
cpu_info:168:cpu_info168:pg_id	53
cpu_info:168:cpu_info168:state	on-line
cpu_info:168:cpu_info168:state_begin	1430595653
cpu_info:169:cpu_info169:brand	SPARC64-VI
cpu_info:169:cpu_info169:chip_id	1192
cpu_info:169:cpu_info169:core_id	168
cpu_info:169:cpu_info169:cpu_type	sparcv9
cpu_info:169:cpu_info169:device_ID	184720792068353
cpu_info:169:cpu_info169:pg_id	53
cpu_info:169:cpu_info169:state	on-line
cpu_info:169:cpu_info169:state_begin	1430595653
cpu_info:170:cpu_info170:brand	SPARC64-VI
cpu_info:170:cpu_info170:chip_id	1192
cpu_info:170:cpu_info170:core_id	170
cpu_info:170:cpu_info170:cpu_type	sparcv9
cpu_info:170:cpu_info170:device_ID	184720792068353
cpu_info:170:cpu_info170:pg_id	56
cpu_info:170:cpu_info170:state	on-line
cpu_info:170:cpu_info170:state_begin	1430595653
cpu_info:171:cpu_info171:brand	SPARC64-VI
cpu_info:171:cpu_info171:chip_id	1192
cpu_info:171:cpu_info171:core_id	170
cpu_info:171:cpu_info171:cpu_type	sparcv9
cpu_info:171:cpu_info171:device_ID	184720792068353
cpu_info:171:cpu_info171:pg_id	56
cpu_info:171:cpu_info171:state	on-line
cpu_info:171:cpu_info171:state_begin	1430595653
cpu_info:176:cpu_info176:brand	SPARC64-VI
cpu_info:176:cpu_info176:chip_id	1200
cpu_info:176:cpu_info176:core_id	176
cpu_info:176:cpu_info176:cpu_type	sparcv9
cpu_info:176:cpu_info176:device_ID	141839908892803
cpu_info:176:cpu_info176:pg_id	57
cpu_info:176:cpu_info176:state	on-line
cpu_info:176:cpu_info176:state_begin	1430595653
cpu_info:177:cpu_info177:brand	SPARC64-VI
cpu_info:177:cpu_info177:chip_id	1200
cpu_info:177:cpu_info177:core_id	176
cpu_info:177:cpu_info177:cpu_type	sparcv9
cpu_info:177:cpu_info177:device_ID	141839908892803
cpu_info:177:cpu_info177:pg_id	57
cpu_info:177:cpu_info177:state	on-line
cpu_info:177:cpu_info177:state_begin	1430595653
cpu_info:178:cpu_info178:brand	SPARC64-VI
cpu_info:178:cpu_info178:chip_id	1200
cpu_info:178:cpu_info178:core_id	178
cpu_info:178:cpu_info178:cpu_type	sparcv9
cpu_info:178:cpu_info178:device_ID	141839908892803
cpu_info:178:cpu_info178:pg_id	60
cpu_info:178:cpu_info178:state	on-line
cpu_info:178:cpu_info178:state_begin	1430595653
cpu_info:179:cpu_info179:brand	SPARC64-VI
cpu_info:179:cpu_info179:chip_id	1200
cpu_info:179:cpu_info179:core_id	178
cpu_info:179:cpu_info179:cpu_type	sparcv9
cpu_info:179:cpu_info179:device_ID	141839908892803
cpu_info:179:cpu_info179:pg_id	60
cpu_info:179:cpu_info179:state	on-line
cpu_info:179:cpu_info179:state_begin	1430595653
cpu_info:184:cpu_info184:brand	SPARC64-VI
cpu_info:184:cpu_info184:chip_id	1208
cpu_info:184:cpu_info184:core_id	184
cpu_info:184:cpu_info184:cpu_type	sparcv9
cpu_info:184:cpu_info184:device_ID	146237955395717
cpu_info:184:cpu_info184:pg_id	61
cpu_info:184:cpu_info184:state	on-line
cpu_info:184:cpu_info184:state_begin	1430595653
cpu_info:185:cpu_info185:brand	SPARC64-VI
cpu_info:185:cpu_info185:chip_id	1208
cpu_info:185:cpu_info185:core_id	184
cpu_info:185:cpu_info185:cpu_type	sparcv9
cpu_info:185:cpu_info185:device_ID	146237955395717
cpu_info:185:cpu_info185:pg_id	61
cpu_info:185:cpu_info185:state	on-line
cpu_info:185:cpu_info185:state_begin	1430595653
cpu_info:186:cpu_info186:brand	SPARC64-VI
cpu_info:186:cpu_info186:chip_id	1208
cpu_info:186:cpu_info186:core_id	186
cpu_info:186:cpu_info186:cpu_type	sparcv9
cpu_info:186:cpu_info186:device_ID	146237955395717
cpu_info:186:cpu_info186:pg_id	64
cpu_info:186:cpu_info186:state	on-line
cpu_info:186:cpu_info186:state_begin	1430595653
cpu_info:187:cpu_info187:brand	SPARC64-VI
cpu_info:187:cpu_info187:chip_id	1208
cpu_info:187:cpu_info187:core_id	186
cpu_info:187:cpu_info187:cpu_type	sparcv9
cpu_info:187:cpu_info187:device_ID	146237955395717
cpu_info:187:cpu_info187:pg_id	64
cpu_info:187:cpu_info187:state	on-line
cpu_info:187:cpu_info187:state_begin	1430595653
cpu_info:224:cpu_info224:brand	SPARC64-VI
cpu_info:224:cpu_info224:chip_id	1248
cpu_info:224:cpu_info224:core_id	224
cpu_info:224:cpu_info224:cpu_type	sparcv9
cpu_info:224:cpu_info224:device_ID	179223151690053
cpu_info:224:cpu_info224:pg_id	65
cpu_info:224:cpu_info224:state	on-line
cpu_info:224:cpu_info224:state_begin	1430595653
cpu_info:225:cpu_info225:brand	SPARC64-VI
cpu_info:225:cpu_info225:chip_id	1248
cpu_info:225:cpu_info225:core_id	224
cpu_info:225:cpu_info225:cpu_type	sparcv9
cpu_info:225:cpu_info225:device_ID	179223151690053
cpu_info:225:cpu_info225:pg_id	65
cpu_info:225:cpu_info225:state	on-line
cpu_info:225:cpu_info225:state_begin	1430595653
cpu_info:226:cpu_info226:brand	SPARC64-VI
cpu_info:226:cpu_info226:chip_id	1248
cpu_info:226:cpu_info226:core_id	226
cpu_info:226:cpu_info226:cpu_type	sparcv9
cpu_info:226:cpu_info226:device_ID	179223151690053
cpu_info:226:cpu_info226:pg_id	68
cpu_info:226:cpu_info226:state	on-line
cpu_info:226:cpu_info226:state_begin	1430595653
cpu_info:227:cpu_info227:brand	SPARC64-VI
cpu_info:227:cpu_info227:chip_id	1248
cpu_info:227:cpu_info227:core_id	226
cpu_info:227:cpu_info227:cpu_type	sparcv9
cpu_info:227:cpu_info227:device_ID	179223151690053
cpu_info:227:cpu_info227:pg_id	68
cpu_info:227:cpu_info227:state	on-line
cpu_info:227:cpu_info227:state_begin	1430595653
cpu_info:232:cpu_info232:brand	SPARC64-VI
cpu_info:232:cpu_info232:chip_id	1256
cpu_info:232:cpu_info232:core_id	232
cpu_info:232:cpu_info232:cpu_type	sparcv9
cpu_info:232:cpu_info232:device_ID	183621198184645
cpu_info:232:cpu_info232:pg_id	69
cpu_info:232:cpu_info232:state	on-line
cpu_info:232:cpu_info232:state_begin	1430595653
cpu_info:233:cpu_info233:brand	SPARC64-VI
cpu_info:233:cpu_info233:chip_id	1256
cpu_info:233:cpu_info233:core_id	232
cpu_info:233:cpu_info233:cpu_type	sparcv9
cpu_info:233:cpu_info233:device_ID	183621198184645
cpu_info:233:cpu_info233:pg_id	69
cpu_info:233:cpu_info233:state	on-line
cpu_info:233:cpu_info233:state_begin	1430595653
cpu_info:234:cpu_info234:brand	SPARC64-VI
cpu_info:234:cpu_info234:chip_id	1256
cpu_info:234:cpu_info234:core_id	234
cpu_info:234:cpu_info234:cpu_type	sparcv9
cpu_info:234:cpu_info234:device_ID	183621198184645
cpu_info:234:cpu_info234:pg_id	72
cpu_info:234:cpu_info234:state	on-line
cpu_info:234:cpu_info234:state_begin	1430595653
cpu_info:235:cpu_info235:brand	SPARC64-VI
cpu_info:235:cpu_info235:chip_id	1256
cpu_info:235:cpu_info235:core_id	234
cpu_info:235:cpu_info235:cpu_type	sparcv9
cpu_info:235:cpu_info235:device_ID	183621198184645
cpu_info:235:cpu_info235:pg_id	72
cpu_info:235:cpu_info235:state	on-line
cpu_info:235:cpu_info235:state_begin	1430595653
cpu_info:240:cpu_info240:brand	SPARC64-VI
cpu_info:240:cpu_info240:chip_id	1264
cpu_info:240:cpu_info240:core_id	240
cpu_info:240:cpu_info240:cpu_type	sparcv9
cpu_info:240:cpu_info240:device_ID	201213408305475
cpu_info:240:cpu_info240:pg_id	73
cpu_info:240:cpu_info240:state	on-line
cpu_info:240:cpu_info240:state_begin	1430595653
cpu_info:241:cpu_info241:brand	SPARC64-VI
cpu_info:241:cpu_info241:chip_id	1264
cpu_info:241:cpu_info241:core_id	240
cpu_info:241:cpu_info241:cpu_type	sparcv9
cpu_info:241:cpu_info241:device_ID	201213408305475
cpu_info:241:cpu_info241:pg_id	73
cpu_info:241:cpu_info241:state	on-line
cpu_info:241:cpu_info241:state_begin	1430595653
cpu_info:242:cpu_info242:brand	SPARC64-VI
cpu_info:242:cpu_info242:chip_id	1264
cpu_info:242:cpu_info242:core_id	242
cpu_info:242:cpu_info242:cpu_type	sparcv9
cpu_info:242:cpu_info242:device_ID	201213408305475
cpu_info:242:cpu_info242:pg_id	76
cpu_info:242:cpu_info242:state	on-line
cpu_info:242:cpu_info242:state_begin	1430595653
cpu_info:243:cpu_info243:brand	SPARC64-VI
cpu_info:243:cpu_info243:chip_id	1264
cpu_info:243:cpu_info243:core_id	242
cpu_info:243:cpu_info243:cpu_type	sparcv9
cpu_info:243:cpu_info243:device_ID	201213408305475
cpu_info:243:cpu_info243:pg_id	76
cpu_info:243:cpu_info243:state	on-line
cpu_info:243:cpu_info243:state_begin	1430595653
cpu_info:248:cpu_info248:brand	SPARC64-VI
cpu_info:248:cpu_info248:chip_id	1272
cpu_info:248:cpu_info248:core_id	248
cpu_info:248:cpu_info248:cpu_type	sparcv9
cpu_info:248:cpu_info248:device_ID	190218290901125
cpu_info:248:cpu_info248:pg_id	77
cpu_info:248:cpu_info248:state	on-line
cpu_info:248:cpu_info248:state_begin	1430595653
cpu_info:249:cpu_info249:brand	SPARC64-VI
cpu_info:249:cpu_info249:chip_id	1272
cpu_info:249:cpu_info249:core_id	248
cpu_info:249:cpu_info249:cpu_type	sparcv9
cpu_info:249:cpu_info249:device_ID	190218290901125
cpu_info:249:cpu_info249:pg_id	77
cpu_info:249:cpu_info249:state	on-line
cpu_info:249:cpu_info249:state_begin	1430595653
cpu_info:250:cpu_info250:brand	SPARC64-VI
cpu_info:250:cpu_info250:chip_id	1272
cpu_info:250:cpu_info250:core_id	250
cpu_info:250:cpu_info250:cpu_type	sparcv9
cpu_info:250:cpu_info250:device_ID	190218290901125
cpu_info:250:cpu_info250:pg_id	80
cpu_info:250:cpu_info250:state	on-line
cpu_info:250:cpu_info250:state_begin	1430595653
cpu_info:251:cpu_info251:brand	SPARC64-VI
cpu_info:251:cpu_info251:chip_id	1272
cpu_info:251:cpu_info251:core_id	250
cpu_info:251:cpu_info251:cpu_type	sparcv9
cpu_info:251:cpu_info251:device_ID	190218290901125
cpu_info:251:cpu_info251:pg_id	80
cpu_info:251:cpu_info251:state	on-line
cpu_info:251:cpu_info251:state_begin	1430595653
