cpu_info:0:cpu_info0:brand	UltraSPARC-T2
cpu_info:0:cpu_info0:chip_id	8
cpu_info:0:cpu_info0:core_id	201588737
cpu_info:0:cpu_info0:cpu_type	sparcv9
cpu_info:0:cpu_info0:device_ID	0
cpu_info:0:cpu_info0:pg_id	1
cpu_info:0:cpu_info0:state	on-line
cpu_info:0:cpu_info0:state_begin	1432027078
cpu_info:1:cpu_info1:brand	UltraSPARC-T2
cpu_info:1:cpu_info1:chip_id	8
cpu_info:1:cpu_info1:core_id	201588737
cpu_info:1:cpu_info1:cpu_type	sparcv9
cpu_info:1:cpu_info1:device_ID	1
cpu_info:1:cpu_info1:pg_id	1
cpu_info:1:cpu_info1:state	on-line
cpu_info:1:cpu_info1:state_begin	1432027102
cpu_info:2:cpu_info2:brand	UltraSPARC-T2
cpu_info:2:cpu_info2:chip_id	8
cpu_info:2:cpu_info2:core_id	201588737
cpu_info:2:cpu_info2:cpu_type	sparcv9
cpu_info:2:cpu_info2:device_ID	2
cpu_info:2:cpu_info2:pg_id	1
cpu_info:2:cpu_info2:state	on-line
cpu_info:2:cpu_info2:state_begin	1432027102
cpu_info:3:cpu_info3:brand	UltraSPARC-T2
cpu_info:3:cpu_info3:chip_id	8
cpu_info:3:cpu_info3:core_id	201588737
cpu_info:3:cpu_info3:cpu_type	sparcv9
cpu_info:3:cpu_info3:device_ID	3
cpu_info:3:cpu_info3:pg_id	1
cpu_info:3:cpu_info3:state	on-line
cpu_info:3:cpu_info3:state_begin	1432027102
cpu_info:4:cpu_info4:brand	UltraSPARC-T2
cpu_info:4:cpu_info4:chip_id	8
cpu_info:4:cpu_info4:core_id	201588737
cpu_info:4:cpu_info4:cpu_type	sparcv9
cpu_info:4:cpu_info4:device_ID	4
cpu_info:4:cpu_info4:pg_id	4
cpu_info:4:cpu_info4:state	on-line
cpu_info:4:cpu_info4:state_begin	1432027102
cpu_info:5:cpu_info5:brand	UltraSPARC-T2
cpu_info:5:cpu_info5:chip_id	8
cpu_info:5:cpu_info5:core_id	201588737
cpu_info:5:cpu_info5:cpu_type	sparcv9
cpu_info:5:cpu_info5:device_ID	5
cpu_info:5:cpu_info5:pg_id	4
cpu_info:5:cpu_info5:state	on-line
cpu_info:5:cpu_info5:state_begin	1432027102
cpu_info:6:cpu_info6:brand	UltraSPARC-T2
cpu_info:6:cpu_info6:chip_id	8
cpu_info:6:cpu_info6:core_id	201588737
cpu_info:6:cpu_info6:cpu_type	sparcv9
cpu_info:6:cpu_info6:device_ID	6
cpu_info:6:cpu_info6:pg_id	4
cpu_info:6:cpu_info6:state	on-line
cpu_info:6:cpu_info6:state_begin	1432027102
cpu_info:7:cpu_info7:brand	UltraSPARC-T2
cpu_info:7:cpu_info7:chip_id	8
cpu_info:7:cpu_info7:core_id	201588737
cpu_info:7:cpu_info7:cpu_type	sparcv9
cpu_info:7:cpu_info7:device_ID	7
cpu_info:7:cpu_info7:pg_id	4
cpu_info:7:cpu_info7:state	on-line
cpu_info:7:cpu_info7:state_begin	1432027102
cpu_info:8:cpu_info8:brand	UltraSPARC-T2
cpu_info:8:cpu_info8:chip_id	8
cpu_info:8:cpu_info8:core_id	202047489
cpu_info:8:cpu_info8:cpu_type	sparcv9
cpu_info:8:cpu_info8:device_ID	8
cpu_info:8:cpu_info8:pg_id	5
cpu_info:8:cpu_info8:state	on-line
cpu_info:8:cpu_info8:state_begin	1432027102
cpu_info:9:cpu_info9:brand	UltraSPARC-T2
cpu_info:9:cpu_info9:chip_id	8
cpu_info:9:cpu_info9:core_id	202047489
cpu_info:9:cpu_info9:cpu_type	sparcv9
cpu_info:9:cpu_info9:device_ID	9
cpu_info:9:cpu_info9:pg_id	5
cpu_info:9:cpu_info9:state	on-line
cpu_info:9:cpu_info9:state_begin	1432027102
cpu_info:10:cpu_info10:brand	UltraSPARC-T2
cpu_info:10:cpu_info10:chip_id	8
cpu_info:10:cpu_info10:core_id	202047489
cpu_info:10:cpu_info10:cpu_type	sparcv9
cpu_info:10:cpu_info10:device_ID	10
cpu_info:10:cpu_info10:pg_id	5
cpu_info:10:cpu_info10:state	on-line
cpu_info:10:cpu_info10:state_begin	1432027102
cpu_info:11:cpu_info11:brand	UltraSPARC-T2
cpu_info:11:cpu_info11:chip_id	8
cpu_info:11:cpu_info11:core_id	202047489
cpu_info:11:cpu_info11:cpu_type	sparcv9
cpu_info:11:cpu_info11:device_ID	11
cpu_info:11:cpu_info11:pg_id	5
cpu_info:11:cpu_info11:state	on-line
cpu_info:11:cpu_info11:state_begin	1432027102
cpu_info:12:cpu_info12:brand	UltraSPARC-T2
cpu_info:12:cpu_info12:chip_id	8
cpu_info:12:cpu_info12:core_id	202047489
cpu_info:12:cpu_info12:cpu_type	sparcv9
cpu_info:12:cpu_info12:device_ID	12
cpu_info:12:cpu_info12:pg_id	7
cpu_info:12:cpu_info12:state	on-line
cpu_info:12:cpu_info12:state_begin	1432027102
cpu_info:13:cpu_info13:brand	UltraSPARC-T2
cpu_info:13:cpu_info13:chip_id	8
cpu_info:13:cpu_info13:core_id	202047489
cpu_info:13:cpu_info13:cpu_type	sparcv9
cpu_info:13:cpu_info13:device_ID	13
cpu_info:13:cpu_info13:pg_id	7
cpu_info:13:cpu_info13:state	on-line
cpu_info:13:cpu_info13:state_begin	1432027102
cpu_info:14:cpu_info14:brand	UltraSPARC-T2
cpu_info:14:cpu_info14:chip_id	8
cpu_info:14:cpu_info14:core_id	202047489
cpu_info:14:cpu_info14:cpu_type	sparcv9
cpu_info:14:cpu_info14:device_ID	14
cpu_info:14:cpu_info14:pg_id	7
cpu_info:14:cpu_info14:state	on-line
cpu_info:14:cpu_info14:state_begin	1432027102
cpu_info:15:cpu_info15:brand	UltraSPARC-T2
cpu_info:15:cpu_info15:chip_id	8
cpu_info:15:cpu_info15:core_id	202047489
cpu_info:15:cpu_info15:cpu_type	sparcv9
cpu_info:15:cpu_info15:device_ID	15
cpu_info:15:cpu_info15:pg_id	7
cpu_info:15:cpu_info15:state	on-line
cpu_info:15:cpu_info15:state_begin	1432027102
cpu_info:16:cpu_info16:brand	UltraSPARC-T2
cpu_info:16:cpu_info16:chip_id	8
cpu_info:16:cpu_info16:core_id	202506241
cpu_info:16:cpu_info16:cpu_type	sparcv9
cpu_info:16:cpu_info16:device_ID	16
cpu_info:16:cpu_info16:pg_id	8
cpu_info:16:cpu_info16:state	on-line
cpu_info:16:cpu_info16:state_begin	1432027102
cpu_info:17:cpu_info17:brand	UltraSPARC-T2
cpu_info:17:cpu_info17:chip_id	8
cpu_info:17:cpu_info17:core_id	202506241
cpu_info:17:cpu_info17:cpu_type	sparcv9
cpu_info:17:cpu_info17:device_ID	17
cpu_info:17:cpu_info17:pg_id	8
cpu_info:17:cpu_info17:state	on-line
cpu_info:17:cpu_info17:state_begin	1432027102
cpu_info:18:cpu_info18:brand	UltraSPARC-T2
cpu_info:18:cpu_info18:chip_id	8
cpu_info:18:cpu_info18:core_id	202506241
cpu_info:18:cpu_info18:cpu_type	sparcv9
cpu_info:18:cpu_info18:device_ID	18
cpu_info:18:cpu_info18:pg_id	8
cpu_info:18:cpu_info18:state	on-line
cpu_info:18:cpu_info18:state_begin	1432027102
cpu_info:19:cpu_info19:brand	UltraSPARC-T2
cpu_info:19:cpu_info19:chip_id	8
cpu_info:19:cpu_info19:core_id	202506241
cpu_info:19:cpu_info19:cpu_type	sparcv9
cpu_info:19:cpu_info19:device_ID	19
cpu_info:19:cpu_info19:pg_id	8
cpu_info:19:cpu_info19:state	on-line
cpu_info:19:cpu_info19:state_begin	1432027102
cpu_info:20:cpu_info20:brand	UltraSPARC-T2
cpu_info:20:cpu_info20:chip_id	8
cpu_info:20:cpu_info20:core_id	202506241
cpu_info:20:cpu_info20:cpu_type	sparcv9
cpu_info:20:cpu_info20:device_ID	20
cpu_info:20:cpu_info20:pg_id	10
cpu_info:20:cpu_info20:state	on-line
cpu_info:20:cpu_info20:state_begin	1432027102
cpu_info:21:cpu_info21:brand	UltraSPARC-T2
cpu_info:21:cpu_info21:chip_id	8
cpu_info:21:cpu_info21:core_id	202506241
cpu_info:21:cpu_info21:cpu_type	sparcv9
cpu_info:21:cpu_info21:device_ID	21
cpu_info:21:cpu_info21:pg_id	10
cpu_info:21:cpu_info21:state	on-line
cpu_info:21:cpu_info21:state_begin	1432027102
cpu_info:22:cpu_info22:brand	UltraSPARC-T2
cpu_info:22:cpu_info22:chip_id	8
cpu_info:22:cpu_info22:core_id	202506241
cpu_info:22:cpu_info22:cpu_type	sparcv9
cpu_info:22:cpu_info22:device_ID	22
cpu_info:22:cpu_info22:pg_id	10
cpu_info:22:cpu_info22:state	on-line
cpu_info:22:cpu_info22:state_begin	1432027102
cpu_info:23:cpu_info23:brand	UltraSPARC-T2
cpu_info:23:cpu_info23:chip_id	8
cpu_info:23:cpu_info23:core_id	202506241
cpu_info:23:cpu_info23:cpu_type	sparcv9
cpu_info:23:cpu_info23:device_ID	23
cpu_info:23:cpu_info23:pg_id	10
cpu_info:23:cpu_info23:state	on-line
cpu_info:23:cpu_info23:state_begin	1432027102
cpu_info:24:cpu_info24:brand	UltraSPARC-T2
cpu_info:24:cpu_info24:chip_id	8
cpu_info:24:cpu_info24:core_id	202964993
cpu_info:24:cpu_info24:cpu_type	sparcv9
cpu_info:24:cpu_info24:device_ID	24
cpu_info:24:cpu_info24:pg_id	11
cpu_info:24:cpu_info24:state	on-line
cpu_info:24:cpu_info24:state_begin	1432027102
cpu_info:25:cpu_info25:brand	UltraSPARC-T2
cpu_info:25:cpu_info25:chip_id	8
cpu_info:25:cpu_info25:core_id	202964993
cpu_info:25:cpu_info25:cpu_type	sparcv9
cpu_info:25:cpu_info25:device_ID	25
cpu_info:25:cpu_info25:pg_id	11
cpu_info:25:cpu_info25:state	on-line
cpu_info:25:cpu_info25:state_begin	1432027102
cpu_info:26:cpu_info26:brand	UltraSPARC-T2
cpu_info:26:cpu_info26:chip_id	8
cpu_info:26:cpu_info26:core_id	202964993
cpu_info:26:cpu_info26:cpu_type	sparcv9
cpu_info:26:cpu_info26:device_ID	26
cpu_info:26:cpu_info26:pg_id	11
cpu_info:26:cpu_info26:state	on-line
cpu_info:26:cpu_info26:state_begin	1432027102
cpu_info:27:cpu_info27:brand	UltraSPARC-T2
cpu_info:27:cpu_info27:chip_id	8
cpu_info:27:cpu_info27:core_id	202964993
cpu_info:27:cpu_info27:cpu_type	sparcv9
cpu_info:27:cpu_info27:device_ID	27
cpu_info:27:cpu_info27:pg_id	11
cpu_info:27:cpu_info27:state	on-line
cpu_info:27:cpu_info27:state_begin	1432027102
cpu_info:28:cpu_info28:brand	UltraSPARC-T2
cpu_info:28:cpu_info28:chip_id	8
cpu_info:28:cpu_info28:core_id	202964993
cpu_info:28:cpu_info28:cpu_type	sparcv9
cpu_info:28:cpu_info28:device_ID	28
cpu_info:28:cpu_info28:pg_id	13
cpu_info:28:cpu_info28:state	on-line
cpu_info:28:cpu_info28:state_begin	1432027102
cpu_info:29:cpu_info29:brand	UltraSPARC-T2
cpu_info:29:cpu_info29:chip_id	8
cpu_info:29:cpu_info29:core_id	202964993
cpu_info:29:cpu_info29:cpu_type	sparcv9
cpu_info:29:cpu_info29:device_ID	29
cpu_info:29:cpu_info29:pg_id	13
cpu_info:29:cpu_info29:state	on-line
cpu_info:29:cpu_info29:state_begin	1432027102
cpu_info:30:cpu_info30:brand	UltraSPARC-T2
cpu_info:30:cpu_info30:chip_id	8
cpu_info:30:cpu_info30:core_id	202964993
cpu_info:30:cpu_info30:cpu_type	sparcv9
cpu_info:30:cpu_info30:device_ID	30
cpu_info:30:cpu_info30:pg_id	13
cpu_info:30:cpu_info30:state	on-line
cpu_info:30:cpu_info30:state_begin	1432027102
cpu_info:31:cpu_info31:brand	UltraSPARC-T2
cpu_info:31:cpu_info31:chip_id	8
cpu_info:31:cpu_info31:core_id	202964993
cpu_info:31:cpu_info31:cpu_type	sparcv9
cpu_info:31:cpu_info31:device_ID	31
cpu_info:31:cpu_info31:pg_id	13
cpu_info:31:cpu_info31:state	on-line
cpu_info:31:cpu_info31:state_begin	1432027102
