cpu_info:0:cpu_info0:brand	UltraSPARC-T2+
cpu_info:0:cpu_info0:chip_id	16
cpu_info:0:cpu_info0:core_id	201457665
cpu_info:0:cpu_info0:cpu_type	sparcv9
cpu_info:0:cpu_info0:device_ID	0
cpu_info:0:cpu_info0:pg_id	1
cpu_info:0:cpu_info0:state	on-line
cpu_info:0:cpu_info0:state_begin	1433393728
cpu_info:1:cpu_info1:brand	UltraSPARC-T2+
cpu_info:1:cpu_info1:chip_id	16
cpu_info:1:cpu_info1:core_id	201457665
cpu_info:1:cpu_info1:cpu_type	sparcv9
cpu_info:1:cpu_info1:device_ID	1
cpu_info:1:cpu_info1:pg_id	1
cpu_info:1:cpu_info1:state	on-line
cpu_info:1:cpu_info1:state_begin	1433393769
cpu_info:2:cpu_info2:brand	UltraSPARC-T2+
cpu_info:2:cpu_info2:chip_id	16
cpu_info:2:cpu_info2:core_id	201457665
cpu_info:2:cpu_info2:cpu_type	sparcv9
cpu_info:2:cpu_info2:device_ID	2
cpu_info:2:cpu_info2:pg_id	1
cpu_info:2:cpu_info2:state	on-line
cpu_info:2:cpu_info2:state_begin	1433393769
cpu_info:3:cpu_info3:brand	UltraSPARC-T2+
cpu_info:3:cpu_info3:chip_id	16
cpu_info:3:cpu_info3:core_id	201457665
cpu_info:3:cpu_info3:cpu_type	sparcv9
cpu_info:3:cpu_info3:device_ID	3
cpu_info:3:cpu_info3:pg_id	1
cpu_info:3:cpu_info3:state	on-line
cpu_info:3:cpu_info3:state_begin	1433393769
cpu_info:4:cpu_info4:brand	UltraSPARC-T2+
cpu_info:4:cpu_info4:chip_id	16
cpu_info:4:cpu_info4:core_id	201457665
cpu_info:4:cpu_info4:cpu_type	sparcv9
cpu_info:4:cpu_info4:device_ID	4
cpu_info:4:cpu_info4:pg_id	4
cpu_info:4:cpu_info4:state	on-line
cpu_info:4:cpu_info4:state_begin	1433393769
cpu_info:5:cpu_info5:brand	UltraSPARC-T2+
cpu_info:5:cpu_info5:chip_id	16
cpu_info:5:cpu_info5:core_id	201457665
cpu_info:5:cpu_info5:cpu_type	sparcv9
cpu_info:5:cpu_info5:device_ID	5
cpu_info:5:cpu_info5:pg_id	4
cpu_info:5:cpu_info5:state	on-line
cpu_info:5:cpu_info5:state_begin	1433393769
cpu_info:6:cpu_info6:brand	UltraSPARC-T2+
cpu_info:6:cpu_info6:chip_id	16
cpu_info:6:cpu_info6:core_id	201457665
cpu_info:6:cpu_info6:cpu_type	sparcv9
cpu_info:6:cpu_info6:device_ID	6
cpu_info:6:cpu_info6:pg_id	4
cpu_info:6:cpu_info6:state	on-line
cpu_info:6:cpu_info6:state_begin	1433393769
cpu_info:7:cpu_info7:brand	UltraSPARC-T2+
cpu_info:7:cpu_info7:chip_id	16
cpu_info:7:cpu_info7:core_id	201457665
cpu_info:7:cpu_info7:cpu_type	sparcv9
cpu_info:7:cpu_info7:device_ID	7
cpu_info:7:cpu_info7:pg_id	4
cpu_info:7:cpu_info7:state	on-line
cpu_info:7:cpu_info7:state_begin	1433393769
cpu_info:8:cpu_info8:brand	UltraSPARC-T2+
cpu_info:8:cpu_info8:chip_id	16
cpu_info:8:cpu_info8:core_id	201916417
cpu_info:8:cpu_info8:cpu_type	sparcv9
cpu_info:8:cpu_info8:device_ID	8
cpu_info:8:cpu_info8:pg_id	5
cpu_info:8:cpu_info8:state	no-intr
cpu_info:8:cpu_info8:state_begin	1433395074
cpu_info:9:cpu_info9:brand	UltraSPARC-T2+
cpu_info:9:cpu_info9:chip_id	16
cpu_info:9:cpu_info9:core_id	201916417
cpu_info:9:cpu_info9:cpu_type	sparcv9
cpu_info:9:cpu_info9:device_ID	9
cpu_info:9:cpu_info9:pg_id	5
cpu_info:9:cpu_info9:state	no-intr
cpu_info:9:cpu_info9:state_begin	1433395074
cpu_info:10:cpu_info10:brand	UltraSPARC-T2+
cpu_info:10:cpu_info10:chip_id	16
cpu_info:10:cpu_info10:core_id	201916417
cpu_info:10:cpu_info10:cpu_type	sparcv9
cpu_info:10:cpu_info10:device_ID	10
cpu_info:10:cpu_info10:pg_id	5
cpu_info:10:cpu_info10:state	no-intr
cpu_info:10:cpu_info10:state_begin	1433395074
cpu_info:11:cpu_info11:brand	UltraSPARC-T2+
cpu_info:11:cpu_info11:chip_id	16
cpu_info:11:cpu_info11:core_id	201916417
cpu_info:11:cpu_info11:cpu_type	sparcv9
cpu_info:11:cpu_info11:device_ID	11
cpu_info:11:cpu_info11:pg_id	5
cpu_info:11:cpu_info11:state	no-intr
cpu_info:11:cpu_info11:state_begin	1433395074
cpu_info:12:cpu_info12:brand	UltraSPARC-T2+
cpu_info:12:cpu_info12:chip_id	16
cpu_info:12:cpu_info12:core_id	201916417
cpu_info:12:cpu_info12:cpu_type	sparcv9
cpu_info:12:cpu_info12:device_ID	12
cpu_info:12:cpu_info12:pg_id	7
cpu_info:12:cpu_info12:state	on-line
cpu_info:12:cpu_info12:state_begin	1433393769
cpu_info:13:cpu_info13:brand	UltraSPARC-T2+
cpu_info:13:cpu_info13:chip_id	16
cpu_info:13:cpu_info13:core_id	201916417
cpu_info:13:cpu_info13:cpu_type	sparcv9
cpu_info:13:cpu_info13:device_ID	13
cpu_info:13:cpu_info13:pg_id	7
cpu_info:13:cpu_info13:state	on-line
cpu_info:13:cpu_info13:state_begin	1433393769
cpu_info:14:cpu_info14:brand	UltraSPARC-T2+
cpu_info:14:cpu_info14:chip_id	16
cpu_info:14:cpu_info14:core_id	201916417
cpu_info:14:cpu_info14:cpu_type	sparcv9
cpu_info:14:cpu_info14:device_ID	14
cpu_info:14:cpu_info14:pg_id	7
cpu_info:14:cpu_info14:state	on-line
cpu_info:14:cpu_info14:state_begin	1433393769
cpu_info:15:cpu_info15:brand	UltraSPARC-T2+
cpu_info:15:cpu_info15:chip_id	16
cpu_info:15:cpu_info15:core_id	201916417
cpu_info:15:cpu_info15:cpu_type	sparcv9
cpu_info:15:cpu_info15:device_ID	15
cpu_info:15:cpu_info15:pg_id	7
cpu_info:15:cpu_info15:state	on-line
cpu_info:15:cpu_info15:state_begin	1433393769
cpu_info:16:cpu_info16:brand	UltraSPARC-T2+
cpu_info:16:cpu_info16:chip_id	16
cpu_info:16:cpu_info16:core_id	202375169
cpu_info:16:cpu_info16:cpu_type	sparcv9
cpu_info:16:cpu_info16:device_ID	16
cpu_info:16:cpu_info16:pg_id	8
cpu_info:16:cpu_info16:state	on-line
cpu_info:16:cpu_info16:state_begin	1433393769
cpu_info:17:cpu_info17:brand	UltraSPARC-T2+
cpu_info:17:cpu_info17:chip_id	16
cpu_info:17:cpu_info17:core_id	202375169
cpu_info:17:cpu_info17:cpu_type	sparcv9
cpu_info:17:cpu_info17:device_ID	17
cpu_info:17:cpu_info17:pg_id	8
cpu_info:17:cpu_info17:state	on-line
cpu_info:17:cpu_info17:state_begin	1433393769
cpu_info:18:cpu_info18:brand	UltraSPARC-T2+
cpu_info:18:cpu_info18:chip_id	16
cpu_info:18:cpu_info18:core_id	202375169
cpu_info:18:cpu_info18:cpu_type	sparcv9
cpu_info:18:cpu_info18:device_ID	18
cpu_info:18:cpu_info18:pg_id	8
cpu_info:18:cpu_info18:state	on-line
cpu_info:18:cpu_info18:state_begin	1433393769
cpu_info:19:cpu_info19:brand	UltraSPARC-T2+
cpu_info:19:cpu_info19:chip_id	16
cpu_info:19:cpu_info19:core_id	202375169
cpu_info:19:cpu_info19:cpu_type	sparcv9
cpu_info:19:cpu_info19:device_ID	19
cpu_info:19:cpu_info19:pg_id	8
cpu_info:19:cpu_info19:state	on-line
cpu_info:19:cpu_info19:state_begin	1433393769
cpu_info:20:cpu_info20:brand	UltraSPARC-T2+
cpu_info:20:cpu_info20:chip_id	16
cpu_info:20:cpu_info20:core_id	202375169
cpu_info:20:cpu_info20:cpu_type	sparcv9
cpu_info:20:cpu_info20:device_ID	20
cpu_info:20:cpu_info20:pg_id	10
cpu_info:20:cpu_info20:state	on-line
cpu_info:20:cpu_info20:state_begin	1433393769
cpu_info:21:cpu_info21:brand	UltraSPARC-T2+
cpu_info:21:cpu_info21:chip_id	16
cpu_info:21:cpu_info21:core_id	202375169
cpu_info:21:cpu_info21:cpu_type	sparcv9
cpu_info:21:cpu_info21:device_ID	21
cpu_info:21:cpu_info21:pg_id	10
cpu_info:21:cpu_info21:state	on-line
cpu_info:21:cpu_info21:state_begin	1433393769
cpu_info:22:cpu_info22:brand	UltraSPARC-T2+
cpu_info:22:cpu_info22:chip_id	16
cpu_info:22:cpu_info22:core_id	202375169
cpu_info:22:cpu_info22:cpu_type	sparcv9
cpu_info:22:cpu_info22:device_ID	22
cpu_info:22:cpu_info22:pg_id	10
cpu_info:22:cpu_info22:state	on-line
cpu_info:22:cpu_info22:state_begin	1433393769
cpu_info:23:cpu_info23:brand	UltraSPARC-T2+
cpu_info:23:cpu_info23:chip_id	16
cpu_info:23:cpu_info23:core_id	202375169
cpu_info:23:cpu_info23:cpu_type	sparcv9
cpu_info:23:cpu_info23:device_ID	23
cpu_info:23:cpu_info23:pg_id	10
cpu_info:23:cpu_info23:state	on-line
cpu_info:23:cpu_info23:state_begin	1433393769
cpu_info:24:cpu_info24:brand	UltraSPARC-T2+
cpu_info:24:cpu_info24:chip_id	16
cpu_info:24:cpu_info24:core_id	202833921
cpu_info:24:cpu_info24:cpu_type	sparcv9
cpu_info:24:cpu_info24:device_ID	24
cpu_info:24:cpu_info24:pg_id	11
cpu_info:24:cpu_info24:state	on-line
cpu_info:24:cpu_info24:state_begin	1433393769
cpu_info:25:cpu_info25:brand	UltraSPARC-T2+
cpu_info:25:cpu_info25:chip_id	16
cpu_info:25:cpu_info25:core_id	202833921
cpu_info:25:cpu_info25:cpu_type	sparcv9
cpu_info:25:cpu_info25:device_ID	25
cpu_info:25:cpu_info25:pg_id	11
cpu_info:25:cpu_info25:state	on-line
cpu_info:25:cpu_info25:state_begin	1433393769
cpu_info:26:cpu_info26:brand	UltraSPARC-T2+
cpu_info:26:cpu_info26:chip_id	16
cpu_info:26:cpu_info26:core_id	202833921
cpu_info:26:cpu_info26:cpu_type	sparcv9
cpu_info:26:cpu_info26:device_ID	26
cpu_info:26:cpu_info26:pg_id	11
cpu_info:26:cpu_info26:state	on-line
cpu_info:26:cpu_info26:state_begin	1433393769
cpu_info:27:cpu_info27:brand	UltraSPARC-T2+
cpu_info:27:cpu_info27:chip_id	16
cpu_info:27:cpu_info27:core_id	202833921
cpu_info:27:cpu_info27:cpu_type	sparcv9
cpu_info:27:cpu_info27:device_ID	27
cpu_info:27:cpu_info27:pg_id	11
cpu_info:27:cpu_info27:state	on-line
cpu_info:27:cpu_info27:state_begin	1433393769
cpu_info:28:cpu_info28:brand	UltraSPARC-T2+
cpu_info:28:cpu_info28:chip_id	16
cpu_info:28:cpu_info28:core_id	202833921
cpu_info:28:cpu_info28:cpu_type	sparcv9
cpu_info:28:cpu_info28:device_ID	28
cpu_info:28:cpu_info28:pg_id	13
cpu_info:28:cpu_info28:state	on-line
cpu_info:28:cpu_info28:state_begin	1433393769
cpu_info:29:cpu_info29:brand	UltraSPARC-T2+
cpu_info:29:cpu_info29:chip_id	16
cpu_info:29:cpu_info29:core_id	202833921
cpu_info:29:cpu_info29:cpu_type	sparcv9
cpu_info:29:cpu_info29:device_ID	29
cpu_info:29:cpu_info29:pg_id	13
cpu_info:29:cpu_info29:state	on-line
cpu_info:29:cpu_info29:state_begin	1433393769
cpu_info:30:cpu_info30:brand	UltraSPARC-T2+
cpu_info:30:cpu_info30:chip_id	16
cpu_info:30:cpu_info30:core_id	202833921
cpu_info:30:cpu_info30:cpu_type	sparcv9
cpu_info:30:cpu_info30:device_ID	30
cpu_info:30:cpu_info30:pg_id	13
cpu_info:30:cpu_info30:state	on-line
cpu_info:30:cpu_info30:state_begin	1433393769
cpu_info:31:cpu_info31:brand	UltraSPARC-T2+
cpu_info:31:cpu_info31:chip_id	16
cpu_info:31:cpu_info31:core_id	202833921
cpu_info:31:cpu_info31:cpu_type	sparcv9
cpu_info:31:cpu_info31:device_ID	31
cpu_info:31:cpu_info31:pg_id	13
cpu_info:31:cpu_info31:state	on-line
cpu_info:31:cpu_info31:state_begin	1433393769
cpu_info:32:cpu_info32:brand	UltraSPARC-T2+
cpu_info:32:cpu_info32:chip_id	16
cpu_info:32:cpu_info32:core_id	203292673
cpu_info:32:cpu_info32:cpu_type	sparcv9
cpu_info:32:cpu_info32:device_ID	32
cpu_info:32:cpu_info32:pg_id	14
cpu_info:32:cpu_info32:state	on-line
cpu_info:32:cpu_info32:state_begin	1433393769
cpu_info:33:cpu_info33:brand	UltraSPARC-T2+
cpu_info:33:cpu_info33:chip_id	16
cpu_info:33:cpu_info33:core_id	203292673
cpu_info:33:cpu_info33:cpu_type	sparcv9
cpu_info:33:cpu_info33:device_ID	33
cpu_info:33:cpu_info33:pg_id	14
cpu_info:33:cpu_info33:state	on-line
cpu_info:33:cpu_info33:state_begin	1433393769
cpu_info:34:cpu_info34:brand	UltraSPARC-T2+
cpu_info:34:cpu_info34:chip_id	16
cpu_info:34:cpu_info34:core_id	203292673
cpu_info:34:cpu_info34:cpu_type	sparcv9
cpu_info:34:cpu_info34:device_ID	34
cpu_info:34:cpu_info34:pg_id	14
cpu_info:34:cpu_info34:state	on-line
cpu_info:34:cpu_info34:state_begin	1433393769
cpu_info:35:cpu_info35:brand	UltraSPARC-T2+
cpu_info:35:cpu_info35:chip_id	16
cpu_info:35:cpu_info35:core_id	203292673
cpu_info:35:cpu_info35:cpu_type	sparcv9
cpu_info:35:cpu_info35:device_ID	35
cpu_info:35:cpu_info35:pg_id	14
cpu_info:35:cpu_info35:state	on-line
cpu_info:35:cpu_info35:state_begin	1433393769
cpu_info:36:cpu_info36:brand	UltraSPARC-T2+
cpu_info:36:cpu_info36:chip_id	16
cpu_info:36:cpu_info36:core_id	203292673
cpu_info:36:cpu_info36:cpu_type	sparcv9
cpu_info:36:cpu_info36:device_ID	36
cpu_info:36:cpu_info36:pg_id	16
cpu_info:36:cpu_info36:state	on-line
cpu_info:36:cpu_info36:state_begin	1433393769
cpu_info:37:cpu_info37:brand	UltraSPARC-T2+
cpu_info:37:cpu_info37:chip_id	16
cpu_info:37:cpu_info37:core_id	203292673
cpu_info:37:cpu_info37:cpu_type	sparcv9
cpu_info:37:cpu_info37:device_ID	37
cpu_info:37:cpu_info37:pg_id	16
cpu_info:37:cpu_info37:state	on-line
cpu_info:37:cpu_info37:state_begin	1433393769
cpu_info:38:cpu_info38:brand	UltraSPARC-T2+
cpu_info:38:cpu_info38:chip_id	16
cpu_info:38:cpu_info38:core_id	203292673
cpu_info:38:cpu_info38:cpu_type	sparcv9
cpu_info:38:cpu_info38:device_ID	38
cpu_info:38:cpu_info38:pg_id	16
cpu_info:38:cpu_info38:state	on-line
cpu_info:38:cpu_info38:state_begin	1433393769
cpu_info:39:cpu_info39:brand	UltraSPARC-T2+
cpu_info:39:cpu_info39:chip_id	16
cpu_info:39:cpu_info39:core_id	203292673
cpu_info:39:cpu_info39:cpu_type	sparcv9
cpu_info:39:cpu_info39:device_ID	39
cpu_info:39:cpu_info39:pg_id	16
cpu_info:39:cpu_info39:state	on-line
cpu_info:39:cpu_info39:state_begin	1433393769
cpu_info:40:cpu_info40:brand	UltraSPARC-T2+
cpu_info:40:cpu_info40:chip_id	16
cpu_info:40:cpu_info40:core_id	203751425
cpu_info:40:cpu_info40:cpu_type	sparcv9
cpu_info:40:cpu_info40:device_ID	40
cpu_info:40:cpu_info40:pg_id	17
cpu_info:40:cpu_info40:state	on-line
cpu_info:40:cpu_info40:state_begin	1433393769
cpu_info:41:cpu_info41:brand	UltraSPARC-T2+
cpu_info:41:cpu_info41:chip_id	16
cpu_info:41:cpu_info41:core_id	203751425
cpu_info:41:cpu_info41:cpu_type	sparcv9
cpu_info:41:cpu_info41:device_ID	41
cpu_info:41:cpu_info41:pg_id	17
cpu_info:41:cpu_info41:state	on-line
cpu_info:41:cpu_info41:state_begin	1433393769
cpu_info:42:cpu_info42:brand	UltraSPARC-T2+
cpu_info:42:cpu_info42:chip_id	16
cpu_info:42:cpu_info42:core_id	203751425
cpu_info:42:cpu_info42:cpu_type	sparcv9
cpu_info:42:cpu_info42:device_ID	42
cpu_info:42:cpu_info42:pg_id	17
cpu_info:42:cpu_info42:state	on-line
cpu_info:42:cpu_info42:state_begin	1433393769
cpu_info:43:cpu_info43:brand	UltraSPARC-T2+
cpu_info:43:cpu_info43:chip_id	16
cpu_info:43:cpu_info43:core_id	203751425
cpu_info:43:cpu_info43:cpu_type	sparcv9
cpu_info:43:cpu_info43:device_ID	43
cpu_info:43:cpu_info43:pg_id	17
cpu_info:43:cpu_info43:state	on-line
cpu_info:43:cpu_info43:state_begin	1433393769
cpu_info:44:cpu_info44:brand	UltraSPARC-T2+
cpu_info:44:cpu_info44:chip_id	16
cpu_info:44:cpu_info44:core_id	203751425
cpu_info:44:cpu_info44:cpu_type	sparcv9
cpu_info:44:cpu_info44:device_ID	44
cpu_info:44:cpu_info44:pg_id	19
cpu_info:44:cpu_info44:state	on-line
cpu_info:44:cpu_info44:state_begin	1433393769
cpu_info:45:cpu_info45:brand	UltraSPARC-T2+
cpu_info:45:cpu_info45:chip_id	16
cpu_info:45:cpu_info45:core_id	203751425
cpu_info:45:cpu_info45:cpu_type	sparcv9
cpu_info:45:cpu_info45:device_ID	45
cpu_info:45:cpu_info45:pg_id	19
cpu_info:45:cpu_info45:state	on-line
cpu_info:45:cpu_info45:state_begin	1433393769
cpu_info:46:cpu_info46:brand	UltraSPARC-T2+
cpu_info:46:cpu_info46:chip_id	16
cpu_info:46:cpu_info46:core_id	203751425
cpu_info:46:cpu_info46:cpu_type	sparcv9
cpu_info:46:cpu_info46:device_ID	46
cpu_info:46:cpu_info46:pg_id	19
cpu_info:46:cpu_info46:state	on-line
cpu_info:46:cpu_info46:state_begin	1433393769
cpu_info:47:cpu_info47:brand	UltraSPARC-T2+
cpu_info:47:cpu_info47:chip_id	16
cpu_info:47:cpu_info47:core_id	203751425
cpu_info:47:cpu_info47:cpu_type	sparcv9
cpu_info:47:cpu_info47:device_ID	47
cpu_info:47:cpu_info47:pg_id	19
cpu_info:47:cpu_info47:state	on-line
cpu_info:47:cpu_info47:state_begin	1433393769
cpu_info:48:cpu_info48:brand	UltraSPARC-T2+
cpu_info:48:cpu_info48:chip_id	16
cpu_info:48:cpu_info48:core_id	204210177
cpu_info:48:cpu_info48:cpu_type	sparcv9
cpu_info:48:cpu_info48:device_ID	48
cpu_info:48:cpu_info48:pg_id	20
cpu_info:48:cpu_info48:state	on-line
cpu_info:48:cpu_info48:state_begin	1433393769
cpu_info:49:cpu_info49:brand	UltraSPARC-T2+
cpu_info:49:cpu_info49:chip_id	16
cpu_info:49:cpu_info49:core_id	204210177
cpu_info:49:cpu_info49:cpu_type	sparcv9
cpu_info:49:cpu_info49:device_ID	49
cpu_info:49:cpu_info49:pg_id	20
cpu_info:49:cpu_info49:state	on-line
cpu_info:49:cpu_info49:state_begin	1433393769
cpu_info:50:cpu_info50:brand	UltraSPARC-T2+
cpu_info:50:cpu_info50:chip_id	16
cpu_info:50:cpu_info50:core_id	204210177
cpu_info:50:cpu_info50:cpu_type	sparcv9
cpu_info:50:cpu_info50:device_ID	50
cpu_info:50:cpu_info50:pg_id	20
cpu_info:50:cpu_info50:state	on-line
cpu_info:50:cpu_info50:state_begin	1433393769
cpu_info:51:cpu_info51:brand	UltraSPARC-T2+
cpu_info:51:cpu_info51:chip_id	16
cpu_info:51:cpu_info51:core_id	204210177
cpu_info:51:cpu_info51:cpu_type	sparcv9
cpu_info:51:cpu_info51:device_ID	51
cpu_info:51:cpu_info51:pg_id	20
cpu_info:51:cpu_info51:state	on-line
cpu_info:51:cpu_info51:state_begin	1433393769
cpu_info:52:cpu_info52:brand	UltraSPARC-T2+
cpu_info:52:cpu_info52:chip_id	16
cpu_info:52:cpu_info52:core_id	204210177
cpu_info:52:cpu_info52:cpu_type	sparcv9
cpu_info:52:cpu_info52:device_ID	52
cpu_info:52:cpu_info52:pg_id	22
cpu_info:52:cpu_info52:state	on-line
cpu_info:52:cpu_info52:state_begin	1433393769
cpu_info:53:cpu_info53:brand	UltraSPARC-T2+
cpu_info:53:cpu_info53:chip_id	16
cpu_info:53:cpu_info53:core_id	204210177
cpu_info:53:cpu_info53:cpu_type	sparcv9
cpu_info:53:cpu_info53:device_ID	53
cpu_info:53:cpu_info53:pg_id	22
cpu_info:53:cpu_info53:state	on-line
cpu_info:53:cpu_info53:state_begin	1433393769
cpu_info:54:cpu_info54:brand	UltraSPARC-T2+
cpu_info:54:cpu_info54:chip_id	16
cpu_info:54:cpu_info54:core_id	204210177
cpu_info:54:cpu_info54:cpu_type	sparcv9
cpu_info:54:cpu_info54:device_ID	54
cpu_info:54:cpu_info54:pg_id	22
cpu_info:54:cpu_info54:state	on-line
cpu_info:54:cpu_info54:state_begin	1433393769
cpu_info:55:cpu_info55:brand	UltraSPARC-T2+
cpu_info:55:cpu_info55:chip_id	16
cpu_info:55:cpu_info55:core_id	204210177
cpu_info:55:cpu_info55:cpu_type	sparcv9
cpu_info:55:cpu_info55:device_ID	55
cpu_info:55:cpu_info55:pg_id	22
cpu_info:55:cpu_info55:state	on-line
cpu_info:55:cpu_info55:state_begin	1433393769
cpu_info:56:cpu_info56:brand	UltraSPARC-T2+
cpu_info:56:cpu_info56:chip_id	16
cpu_info:56:cpu_info56:core_id	204668929
cpu_info:56:cpu_info56:cpu_type	sparcv9
cpu_info:56:cpu_info56:device_ID	56
cpu_info:56:cpu_info56:pg_id	23
cpu_info:56:cpu_info56:state	on-line
cpu_info:56:cpu_info56:state_begin	1433393769
cpu_info:57:cpu_info57:brand	UltraSPARC-T2+
cpu_info:57:cpu_info57:chip_id	16
cpu_info:57:cpu_info57:core_id	204668929
cpu_info:57:cpu_info57:cpu_type	sparcv9
cpu_info:57:cpu_info57:device_ID	57
cpu_info:57:cpu_info57:pg_id	23
cpu_info:57:cpu_info57:state	on-line
cpu_info:57:cpu_info57:state_begin	1433393769
cpu_info:58:cpu_info58:brand	UltraSPARC-T2+
cpu_info:58:cpu_info58:chip_id	16
cpu_info:58:cpu_info58:core_id	204668929
cpu_info:58:cpu_info58:cpu_type	sparcv9
cpu_info:58:cpu_info58:device_ID	58
cpu_info:58:cpu_info58:pg_id	23
cpu_info:58:cpu_info58:state	on-line
cpu_info:58:cpu_info58:state_begin	1433393769
cpu_info:59:cpu_info59:brand	UltraSPARC-T2+
cpu_info:59:cpu_info59:chip_id	16
cpu_info:59:cpu_info59:core_id	204668929
cpu_info:59:cpu_info59:cpu_type	sparcv9
cpu_info:59:cpu_info59:device_ID	59
cpu_info:59:cpu_info59:pg_id	23
cpu_info:59:cpu_info59:state	on-line
cpu_info:59:cpu_info59:state_begin	1433393769
cpu_info:60:cpu_info60:brand	UltraSPARC-T2+
cpu_info:60:cpu_info60:chip_id	16
cpu_info:60:cpu_info60:core_id	204668929
cpu_info:60:cpu_info60:cpu_type	sparcv9
cpu_info:60:cpu_info60:device_ID	60
cpu_info:60:cpu_info60:pg_id	25
cpu_info:60:cpu_info60:state	on-line
cpu_info:60:cpu_info60:state_begin	1433393769
cpu_info:61:cpu_info61:brand	UltraSPARC-T2+
cpu_info:61:cpu_info61:chip_id	16
cpu_info:61:cpu_info61:core_id	204668929
cpu_info:61:cpu_info61:cpu_type	sparcv9
cpu_info:61:cpu_info61:device_ID	61
cpu_info:61:cpu_info61:pg_id	25
cpu_info:61:cpu_info61:state	on-line
cpu_info:61:cpu_info61:state_begin	1433393769
cpu_info:62:cpu_info62:brand	UltraSPARC-T2+
cpu_info:62:cpu_info62:chip_id	16
cpu_info:62:cpu_info62:core_id	204668929
cpu_info:62:cpu_info62:cpu_type	sparcv9
cpu_info:62:cpu_info62:device_ID	62
cpu_info:62:cpu_info62:pg_id	25
cpu_info:62:cpu_info62:state	on-line
cpu_info:62:cpu_info62:state_begin	1433393769
cpu_info:63:cpu_info63:brand	UltraSPARC-T2+
cpu_info:63:cpu_info63:chip_id	16
cpu_info:63:cpu_info63:core_id	204668929
cpu_info:63:cpu_info63:cpu_type	sparcv9
cpu_info:63:cpu_info63:device_ID	63
cpu_info:63:cpu_info63:pg_id	25
cpu_info:63:cpu_info63:state	on-line
cpu_info:63:cpu_info63:state_begin	1433393769
cpu_info:64:cpu_info64:brand	UltraSPARC-T2+
cpu_info:64:cpu_info64:chip_id	65552
cpu_info:64:cpu_info64:core_id	205127681
cpu_info:64:cpu_info64:cpu_type	sparcv9
cpu_info:64:cpu_info64:device_ID	64
cpu_info:64:cpu_info64:pg_id	26
cpu_info:64:cpu_info64:state	on-line
cpu_info:64:cpu_info64:state_begin	1433393769
cpu_info:65:cpu_info65:brand	UltraSPARC-T2+
cpu_info:65:cpu_info65:chip_id	65552
cpu_info:65:cpu_info65:core_id	205127681
cpu_info:65:cpu_info65:cpu_type	sparcv9
cpu_info:65:cpu_info65:device_ID	65
cpu_info:65:cpu_info65:pg_id	26
cpu_info:65:cpu_info65:state	on-line
cpu_info:65:cpu_info65:state_begin	1433393769
cpu_info:66:cpu_info66:brand	UltraSPARC-T2+
cpu_info:66:cpu_info66:chip_id	65552
cpu_info:66:cpu_info66:core_id	205127681
cpu_info:66:cpu_info66:cpu_type	sparcv9
cpu_info:66:cpu_info66:device_ID	66
cpu_info:66:cpu_info66:pg_id	26
cpu_info:66:cpu_info66:state	on-line
cpu_info:66:cpu_info66:state_begin	1433393769
cpu_info:67:cpu_info67:brand	UltraSPARC-T2+
cpu_info:67:cpu_info67:chip_id	65552
cpu_info:67:cpu_info67:core_id	205127681
cpu_info:67:cpu_info67:cpu_type	sparcv9
cpu_info:67:cpu_info67:device_ID	67
cpu_info:67:cpu_info67:pg_id	26
cpu_info:67:cpu_info67:state	on-line
cpu_info:67:cpu_info67:state_begin	1433393769
cpu_info:68:cpu_info68:brand	UltraSPARC-T2+
cpu_info:68:cpu_info68:chip_id	65552
cpu_info:68:cpu_info68:core_id	205127681
cpu_info:68:cpu_info68:cpu_type	sparcv9
cpu_info:68:cpu_info68:device_ID	68
cpu_info:68:cpu_info68:pg_id	29
cpu_info:68:cpu_info68:state	on-line
cpu_info:68:cpu_info68:state_begin	1433393769
cpu_info:69:cpu_info69:brand	UltraSPARC-T2+
cpu_info:69:cpu_info69:chip_id	65552
cpu_info:69:cpu_info69:core_id	205127681
cpu_info:69:cpu_info69:cpu_type	sparcv9
cpu_info:69:cpu_info69:device_ID	69
cpu_info:69:cpu_info69:pg_id	29
cpu_info:69:cpu_info69:state	on-line
cpu_info:69:cpu_info69:state_begin	1433393769
cpu_info:70:cpu_info70:brand	UltraSPARC-T2+
cpu_info:70:cpu_info70:chip_id	65552
cpu_info:70:cpu_info70:core_id	205127681
cpu_info:70:cpu_info70:cpu_type	sparcv9
cpu_info:70:cpu_info70:device_ID	70
cpu_info:70:cpu_info70:pg_id	29
cpu_info:70:cpu_info70:state	on-line
cpu_info:70:cpu_info70:state_begin	1433393769
cpu_info:71:cpu_info71:brand	UltraSPARC-T2+
cpu_info:71:cpu_info71:chip_id	65552
cpu_info:71:cpu_info71:core_id	205127681
cpu_info:71:cpu_info71:cpu_type	sparcv9
cpu_info:71:cpu_info71:device_ID	71
cpu_info:71:cpu_info71:pg_id	29
cpu_info:71:cpu_info71:state	on-line
cpu_info:71:cpu_info71:state_begin	1433393769
cpu_info:72:cpu_info72:brand	UltraSPARC-T2+
cpu_info:72:cpu_info72:chip_id	65552
cpu_info:72:cpu_info72:core_id	205586433
cpu_info:72:cpu_info72:cpu_type	sparcv9
cpu_info:72:cpu_info72:device_ID	72
cpu_info:72:cpu_info72:pg_id	30
cpu_info:72:cpu_info72:state	on-line
cpu_info:72:cpu_info72:state_begin	1433393769
cpu_info:73:cpu_info73:brand	UltraSPARC-T2+
cpu_info:73:cpu_info73:chip_id	65552
cpu_info:73:cpu_info73:core_id	205586433
cpu_info:73:cpu_info73:cpu_type	sparcv9
cpu_info:73:cpu_info73:device_ID	73
cpu_info:73:cpu_info73:pg_id	30
cpu_info:73:cpu_info73:state	on-line
cpu_info:73:cpu_info73:state_begin	1433393769
cpu_info:74:cpu_info74:brand	UltraSPARC-T2+
cpu_info:74:cpu_info74:chip_id	65552
cpu_info:74:cpu_info74:core_id	205586433
cpu_info:74:cpu_info74:cpu_type	sparcv9
cpu_info:74:cpu_info74:device_ID	74
cpu_info:74:cpu_info74:pg_id	30
cpu_info:74:cpu_info74:state	on-line
cpu_info:74:cpu_info74:state_begin	1433393769
cpu_info:75:cpu_info75:brand	UltraSPARC-T2+
cpu_info:75:cpu_info75:chip_id	65552
cpu_info:75:cpu_info75:core_id	205586433
cpu_info:75:cpu_info75:cpu_type	sparcv9
cpu_info:75:cpu_info75:device_ID	75
cpu_info:75:cpu_info75:pg_id	30
cpu_info:75:cpu_info75:state	on-line
cpu_info:75:cpu_info75:state_begin	1433393769
cpu_info:76:cpu_info76:brand	UltraSPARC-T2+
cpu_info:76:cpu_info76:chip_id	65552
cpu_info:76:cpu_info76:core_id	205586433
cpu_info:76:cpu_info76:cpu_type	sparcv9
cpu_info:76:cpu_info76:device_ID	76
cpu_info:76:cpu_info76:pg_id	32
cpu_info:76:cpu_info76:state	on-line
cpu_info:76:cpu_info76:state_begin	1433393769
cpu_info:77:cpu_info77:brand	UltraSPARC-T2+
cpu_info:77:cpu_info77:chip_id	65552
cpu_info:77:cpu_info77:core_id	205586433
cpu_info:77:cpu_info77:cpu_type	sparcv9
cpu_info:77:cpu_info77:device_ID	77
cpu_info:77:cpu_info77:pg_id	32
cpu_info:77:cpu_info77:state	on-line
cpu_info:77:cpu_info77:state_begin	1433393769
cpu_info:78:cpu_info78:brand	UltraSPARC-T2+
cpu_info:78:cpu_info78:chip_id	65552
cpu_info:78:cpu_info78:core_id	205586433
cpu_info:78:cpu_info78:cpu_type	sparcv9
cpu_info:78:cpu_info78:device_ID	78
cpu_info:78:cpu_info78:pg_id	32
cpu_info:78:cpu_info78:state	on-line
cpu_info:78:cpu_info78:state_begin	1433393769
cpu_info:79:cpu_info79:brand	UltraSPARC-T2+
cpu_info:79:cpu_info79:chip_id	65552
cpu_info:79:cpu_info79:core_id	205586433
cpu_info:79:cpu_info79:cpu_type	sparcv9
cpu_info:79:cpu_info79:device_ID	79
cpu_info:79:cpu_info79:pg_id	32
cpu_info:79:cpu_info79:state	on-line
cpu_info:79:cpu_info79:state_begin	1433393769
cpu_info:80:cpu_info80:brand	UltraSPARC-T2+
cpu_info:80:cpu_info80:chip_id	65552
cpu_info:80:cpu_info80:core_id	206045185
cpu_info:80:cpu_info80:cpu_type	sparcv9
cpu_info:80:cpu_info80:device_ID	80
cpu_info:80:cpu_info80:pg_id	33
cpu_info:80:cpu_info80:state	on-line
cpu_info:80:cpu_info80:state_begin	1433393769
cpu_info:81:cpu_info81:brand	UltraSPARC-T2+
cpu_info:81:cpu_info81:chip_id	65552
cpu_info:81:cpu_info81:core_id	206045185
cpu_info:81:cpu_info81:cpu_type	sparcv9
cpu_info:81:cpu_info81:device_ID	81
cpu_info:81:cpu_info81:pg_id	33
cpu_info:81:cpu_info81:state	on-line
cpu_info:81:cpu_info81:state_begin	1433393769
cpu_info:82:cpu_info82:brand	UltraSPARC-T2+
cpu_info:82:cpu_info82:chip_id	65552
cpu_info:82:cpu_info82:core_id	206045185
cpu_info:82:cpu_info82:cpu_type	sparcv9
cpu_info:82:cpu_info82:device_ID	82
cpu_info:82:cpu_info82:pg_id	33
cpu_info:82:cpu_info82:state	on-line
cpu_info:82:cpu_info82:state_begin	1433393769
cpu_info:83:cpu_info83:brand	UltraSPARC-T2+
cpu_info:83:cpu_info83:chip_id	65552
cpu_info:83:cpu_info83:core_id	206045185
cpu_info:83:cpu_info83:cpu_type	sparcv9
cpu_info:83:cpu_info83:device_ID	83
cpu_info:83:cpu_info83:pg_id	33
cpu_info:83:cpu_info83:state	on-line
cpu_info:83:cpu_info83:state_begin	1433393769
cpu_info:84:cpu_info84:brand	UltraSPARC-T2+
cpu_info:84:cpu_info84:chip_id	65552
cpu_info:84:cpu_info84:core_id	206045185
cpu_info:84:cpu_info84:cpu_type	sparcv9
cpu_info:84:cpu_info84:device_ID	84
cpu_info:84:cpu_info84:pg_id	35
cpu_info:84:cpu_info84:state	on-line
cpu_info:84:cpu_info84:state_begin	1433393769
cpu_info:85:cpu_info85:brand	UltraSPARC-T2+
cpu_info:85:cpu_info85:chip_id	65552
cpu_info:85:cpu_info85:core_id	206045185
cpu_info:85:cpu_info85:cpu_type	sparcv9
cpu_info:85:cpu_info85:device_ID	85
cpu_info:85:cpu_info85:pg_id	35
cpu_info:85:cpu_info85:state	on-line
cpu_info:85:cpu_info85:state_begin	1433393769
cpu_info:86:cpu_info86:brand	UltraSPARC-T2+
cpu_info:86:cpu_info86:chip_id	65552
cpu_info:86:cpu_info86:core_id	206045185
cpu_info:86:cpu_info86:cpu_type	sparcv9
cpu_info:86:cpu_info86:device_ID	86
cpu_info:86:cpu_info86:pg_id	35
cpu_info:86:cpu_info86:state	on-line
cpu_info:86:cpu_info86:state_begin	1433393769
cpu_info:87:cpu_info87:brand	UltraSPARC-T2+
cpu_info:87:cpu_info87:chip_id	65552
cpu_info:87:cpu_info87:core_id	206045185
cpu_info:87:cpu_info87:cpu_type	sparcv9
cpu_info:87:cpu_info87:device_ID	87
cpu_info:87:cpu_info87:pg_id	35
cpu_info:87:cpu_info87:state	on-line
cpu_info:87:cpu_info87:state_begin	1433393769
cpu_info:88:cpu_info88:brand	UltraSPARC-T2+
cpu_info:88:cpu_info88:chip_id	65552
cpu_info:88:cpu_info88:core_id	206503937
cpu_info:88:cpu_info88:cpu_type	sparcv9
cpu_info:88:cpu_info88:device_ID	88
cpu_info:88:cpu_info88:pg_id	36
cpu_info:88:cpu_info88:state	on-line
cpu_info:88:cpu_info88:state_begin	1433393769
cpu_info:89:cpu_info89:brand	UltraSPARC-T2+
cpu_info:89:cpu_info89:chip_id	65552
cpu_info:89:cpu_info89:core_id	206503937
cpu_info:89:cpu_info89:cpu_type	sparcv9
cpu_info:89:cpu_info89:device_ID	89
cpu_info:89:cpu_info89:pg_id	36
cpu_info:89:cpu_info89:state	on-line
cpu_info:89:cpu_info89:state_begin	1433393769
cpu_info:90:cpu_info90:brand	UltraSPARC-T2+
cpu_info:90:cpu_info90:chip_id	65552
cpu_info:90:cpu_info90:core_id	206503937
cpu_info:90:cpu_info90:cpu_type	sparcv9
cpu_info:90:cpu_info90:device_ID	90
cpu_info:90:cpu_info90:pg_id	36
cpu_info:90:cpu_info90:state	on-line
cpu_info:90:cpu_info90:state_begin	1433393769
cpu_info:91:cpu_info91:brand	UltraSPARC-T2+
cpu_info:91:cpu_info91:chip_id	65552
cpu_info:91:cpu_info91:core_id	206503937
cpu_info:91:cpu_info91:cpu_type	sparcv9
cpu_info:91:cpu_info91:device_ID	91
cpu_info:91:cpu_info91:pg_id	36
cpu_info:91:cpu_info91:state	on-line
cpu_info:91:cpu_info91:state_begin	1433393769
cpu_info:92:cpu_info92:brand	UltraSPARC-T2+
cpu_info:92:cpu_info92:chip_id	65552
cpu_info:92:cpu_info92:core_id	206503937
cpu_info:92:cpu_info92:cpu_type	sparcv9
cpu_info:92:cpu_info92:device_ID	92
cpu_info:92:cpu_info92:pg_id	38
cpu_info:92:cpu_info92:state	on-line
cpu_info:92:cpu_info92:state_begin	1433393769
cpu_info:93:cpu_info93:brand	UltraSPARC-T2+
cpu_info:93:cpu_info93:chip_id	65552
cpu_info:93:cpu_info93:core_id	206503937
cpu_info:93:cpu_info93:cpu_type	sparcv9
cpu_info:93:cpu_info93:device_ID	93
cpu_info:93:cpu_info93:pg_id	38
cpu_info:93:cpu_info93:state	on-line
cpu_info:93:cpu_info93:state_begin	1433393769
cpu_info:94:cpu_info94:brand	UltraSPARC-T2+
cpu_info:94:cpu_info94:chip_id	65552
cpu_info:94:cpu_info94:core_id	206503937
cpu_info:94:cpu_info94:cpu_type	sparcv9
cpu_info:94:cpu_info94:device_ID	94
cpu_info:94:cpu_info94:pg_id	38
cpu_info:94:cpu_info94:state	on-line
cpu_info:94:cpu_info94:state_begin	1433393769
cpu_info:95:cpu_info95:brand	UltraSPARC-T2+
cpu_info:95:cpu_info95:chip_id	65552
cpu_info:95:cpu_info95:core_id	206503937
cpu_info:95:cpu_info95:cpu_type	sparcv9
cpu_info:95:cpu_info95:device_ID	95
cpu_info:95:cpu_info95:pg_id	38
cpu_info:95:cpu_info95:state	on-line
cpu_info:95:cpu_info95:state_begin	1433393769
cpu_info:96:cpu_info96:brand	UltraSPARC-T2+
cpu_info:96:cpu_info96:chip_id	65552
cpu_info:96:cpu_info96:core_id	206962689
cpu_info:96:cpu_info96:cpu_type	sparcv9
cpu_info:96:cpu_info96:device_ID	96
cpu_info:96:cpu_info96:pg_id	39
cpu_info:96:cpu_info96:state	on-line
cpu_info:96:cpu_info96:state_begin	1433393769
cpu_info:97:cpu_info97:brand	UltraSPARC-T2+
cpu_info:97:cpu_info97:chip_id	65552
cpu_info:97:cpu_info97:core_id	206962689
cpu_info:97:cpu_info97:cpu_type	sparcv9
cpu_info:97:cpu_info97:device_ID	97
cpu_info:97:cpu_info97:pg_id	39
cpu_info:97:cpu_info97:state	on-line
cpu_info:97:cpu_info97:state_begin	1433393769
cpu_info:98:cpu_info98:brand	UltraSPARC-T2+
cpu_info:98:cpu_info98:chip_id	65552
cpu_info:98:cpu_info98:core_id	206962689
cpu_info:98:cpu_info98:cpu_type	sparcv9
cpu_info:98:cpu_info98:device_ID	98
cpu_info:98:cpu_info98:pg_id	39
cpu_info:98:cpu_info98:state	on-line
cpu_info:98:cpu_info98:state_begin	1433393769
cpu_info:99:cpu_info99:brand	UltraSPARC-T2+
cpu_info:99:cpu_info99:chip_id	65552
cpu_info:99:cpu_info99:core_id	206962689
cpu_info:99:cpu_info99:cpu_type	sparcv9
cpu_info:99:cpu_info99:device_ID	99
cpu_info:99:cpu_info99:pg_id	39
cpu_info:99:cpu_info99:state	on-line
cpu_info:99:cpu_info99:state_begin	1433393769
cpu_info:100:cpu_info100:brand	UltraSPARC-T2+
cpu_info:100:cpu_info100:chip_id	65552
cpu_info:100:cpu_info100:core_id	206962689
cpu_info:100:cpu_info100:cpu_type	sparcv9
cpu_info:100:cpu_info100:device_ID	100
cpu_info:100:cpu_info100:pg_id	41
cpu_info:100:cpu_info100:state	on-line
cpu_info:100:cpu_info100:state_begin	1433393769
cpu_info:101:cpu_info101:brand	UltraSPARC-T2+
cpu_info:101:cpu_info101:chip_id	65552
cpu_info:101:cpu_info101:core_id	206962689
cpu_info:101:cpu_info101:cpu_type	sparcv9
cpu_info:101:cpu_info101:device_ID	101
cpu_info:101:cpu_info101:pg_id	41
cpu_info:101:cpu_info101:state	on-line
cpu_info:101:cpu_info101:state_begin	1433393769
cpu_info:102:cpu_info102:brand	UltraSPARC-T2+
cpu_info:102:cpu_info102:chip_id	65552
cpu_info:102:cpu_info102:core_id	206962689
cpu_info:102:cpu_info102:cpu_type	sparcv9
cpu_info:102:cpu_info102:device_ID	102
cpu_info:102:cpu_info102:pg_id	41
cpu_info:102:cpu_info102:state	on-line
cpu_info:102:cpu_info102:state_begin	1433393769
cpu_info:103:cpu_info103:brand	UltraSPARC-T2+
cpu_info:103:cpu_info103:chip_id	65552
cpu_info:103:cpu_info103:core_id	206962689
cpu_info:103:cpu_info103:cpu_type	sparcv9
cpu_info:103:cpu_info103:device_ID	103
cpu_info:103:cpu_info103:pg_id	41
cpu_info:103:cpu_info103:state	on-line
cpu_info:103:cpu_info103:state_begin	1433393769
cpu_info:104:cpu_info104:brand	UltraSPARC-T2+
cpu_info:104:cpu_info104:chip_id	65552
cpu_info:104:cpu_info104:core_id	207421441
cpu_info:104:cpu_info104:cpu_type	sparcv9
cpu_info:104:cpu_info104:device_ID	104
cpu_info:104:cpu_info104:pg_id	42
cpu_info:104:cpu_info104:state	on-line
cpu_info:104:cpu_info104:state_begin	1433393769
cpu_info:105:cpu_info105:brand	UltraSPARC-T2+
cpu_info:105:cpu_info105:chip_id	65552
cpu_info:105:cpu_info105:core_id	207421441
cpu_info:105:cpu_info105:cpu_type	sparcv9
cpu_info:105:cpu_info105:device_ID	105
cpu_info:105:cpu_info105:pg_id	42
cpu_info:105:cpu_info105:state	on-line
cpu_info:105:cpu_info105:state_begin	1433393769
cpu_info:106:cpu_info106:brand	UltraSPARC-T2+
cpu_info:106:cpu_info106:chip_id	65552
cpu_info:106:cpu_info106:core_id	207421441
cpu_info:106:cpu_info106:cpu_type	sparcv9
cpu_info:106:cpu_info106:device_ID	106
cpu_info:106:cpu_info106:pg_id	42
cpu_info:106:cpu_info106:state	on-line
cpu_info:106:cpu_info106:state_begin	1433393769
cpu_info:107:cpu_info107:brand	UltraSPARC-T2+
cpu_info:107:cpu_info107:chip_id	65552
cpu_info:107:cpu_info107:core_id	207421441
cpu_info:107:cpu_info107:cpu_type	sparcv9
cpu_info:107:cpu_info107:device_ID	107
cpu_info:107:cpu_info107:pg_id	42
cpu_info:107:cpu_info107:state	on-line
cpu_info:107:cpu_info107:state_begin	1433393769
cpu_info:108:cpu_info108:brand	UltraSPARC-T2+
cpu_info:108:cpu_info108:chip_id	65552
cpu_info:108:cpu_info108:core_id	207421441
cpu_info:108:cpu_info108:cpu_type	sparcv9
cpu_info:108:cpu_info108:device_ID	108
cpu_info:108:cpu_info108:pg_id	44
cpu_info:108:cpu_info108:state	on-line
cpu_info:108:cpu_info108:state_begin	1433393769
cpu_info:109:cpu_info109:brand	UltraSPARC-T2+
cpu_info:109:cpu_info109:chip_id	65552
cpu_info:109:cpu_info109:core_id	207421441
cpu_info:109:cpu_info109:cpu_type	sparcv9
cpu_info:109:cpu_info109:device_ID	109
cpu_info:109:cpu_info109:pg_id	44
cpu_info:109:cpu_info109:state	on-line
cpu_info:109:cpu_info109:state_begin	1433393769
cpu_info:110:cpu_info110:brand	UltraSPARC-T2+
cpu_info:110:cpu_info110:chip_id	65552
cpu_info:110:cpu_info110:core_id	207421441
cpu_info:110:cpu_info110:cpu_type	sparcv9
cpu_info:110:cpu_info110:device_ID	110
cpu_info:110:cpu_info110:pg_id	44
cpu_info:110:cpu_info110:state	on-line
cpu_info:110:cpu_info110:state_begin	1433393769
cpu_info:111:cpu_info111:brand	UltraSPARC-T2+
cpu_info:111:cpu_info111:chip_id	65552
cpu_info:111:cpu_info111:core_id	207421441
cpu_info:111:cpu_info111:cpu_type	sparcv9
cpu_info:111:cpu_info111:device_ID	111
cpu_info:111:cpu_info111:pg_id	44
cpu_info:111:cpu_info111:state	on-line
cpu_info:111:cpu_info111:state_begin	1433393769
cpu_info:112:cpu_info112:brand	UltraSPARC-T2+
cpu_info:112:cpu_info112:chip_id	65552
cpu_info:112:cpu_info112:core_id	207880193
cpu_info:112:cpu_info112:cpu_type	sparcv9
cpu_info:112:cpu_info112:device_ID	112
cpu_info:112:cpu_info112:pg_id	45
cpu_info:112:cpu_info112:state	on-line
cpu_info:112:cpu_info112:state_begin	1433393769
cpu_info:113:cpu_info113:brand	UltraSPARC-T2+
cpu_info:113:cpu_info113:chip_id	65552
cpu_info:113:cpu_info113:core_id	207880193
cpu_info:113:cpu_info113:cpu_type	sparcv9
cpu_info:113:cpu_info113:device_ID	113
cpu_info:113:cpu_info113:pg_id	45
cpu_info:113:cpu_info113:state	on-line
cpu_info:113:cpu_info113:state_begin	1433393769
cpu_info:114:cpu_info114:brand	UltraSPARC-T2+
cpu_info:114:cpu_info114:chip_id	65552
cpu_info:114:cpu_info114:core_id	207880193
cpu_info:114:cpu_info114:cpu_type	sparcv9
cpu_info:114:cpu_info114:device_ID	114
cpu_info:114:cpu_info114:pg_id	45
cpu_info:114:cpu_info114:state	on-line
cpu_info:114:cpu_info114:state_begin	1433393769
cpu_info:115:cpu_info115:brand	UltraSPARC-T2+
cpu_info:115:cpu_info115:chip_id	65552
cpu_info:115:cpu_info115:core_id	207880193
cpu_info:115:cpu_info115:cpu_type	sparcv9
cpu_info:115:cpu_info115:device_ID	115
cpu_info:115:cpu_info115:pg_id	45
cpu_info:115:cpu_info115:state	on-line
cpu_info:115:cpu_info115:state_begin	1433393769
cpu_info:116:cpu_info116:brand	UltraSPARC-T2+
cpu_info:116:cpu_info116:chip_id	65552
cpu_info:116:cpu_info116:core_id	207880193
cpu_info:116:cpu_info116:cpu_type	sparcv9
cpu_info:116:cpu_info116:device_ID	116
cpu_info:116:cpu_info116:pg_id	47
cpu_info:116:cpu_info116:state	on-line
cpu_info:116:cpu_info116:state_begin	1433393769
cpu_info:117:cpu_info117:brand	UltraSPARC-T2+
cpu_info:117:cpu_info117:chip_id	65552
cpu_info:117:cpu_info117:core_id	207880193
cpu_info:117:cpu_info117:cpu_type	sparcv9
cpu_info:117:cpu_info117:device_ID	117
cpu_info:117:cpu_info117:pg_id	47
cpu_info:117:cpu_info117:state	on-line
cpu_info:117:cpu_info117:state_begin	1433393769
cpu_info:118:cpu_info118:brand	UltraSPARC-T2+
cpu_info:118:cpu_info118:chip_id	65552
cpu_info:118:cpu_info118:core_id	207880193
cpu_info:118:cpu_info118:cpu_type	sparcv9
cpu_info:118:cpu_info118:device_ID	118
cpu_info:118:cpu_info118:pg_id	47
cpu_info:118:cpu_info118:state	on-line
cpu_info:118:cpu_info118:state_begin	1433393769
cpu_info:119:cpu_info119:brand	UltraSPARC-T2+
cpu_info:119:cpu_info119:chip_id	65552
cpu_info:119:cpu_info119:core_id	207880193
cpu_info:119:cpu_info119:cpu_type	sparcv9
cpu_info:119:cpu_info119:device_ID	119
cpu_info:119:cpu_info119:pg_id	47
cpu_info:119:cpu_info119:state	on-line
cpu_info:119:cpu_info119:state_begin	1433393769
cpu_info:120:cpu_info120:brand	UltraSPARC-T2+
cpu_info:120:cpu_info120:chip_id	65552
cpu_info:120:cpu_info120:core_id	208338945
cpu_info:120:cpu_info120:cpu_type	sparcv9
cpu_info:120:cpu_info120:device_ID	120
cpu_info:120:cpu_info120:pg_id	48
cpu_info:120:cpu_info120:state	on-line
cpu_info:120:cpu_info120:state_begin	1433393769
cpu_info:121:cpu_info121:brand	UltraSPARC-T2+
cpu_info:121:cpu_info121:chip_id	65552
cpu_info:121:cpu_info121:core_id	208338945
cpu_info:121:cpu_info121:cpu_type	sparcv9
cpu_info:121:cpu_info121:device_ID	121
cpu_info:121:cpu_info121:pg_id	48
cpu_info:121:cpu_info121:state	on-line
cpu_info:121:cpu_info121:state_begin	1433393769
cpu_info:122:cpu_info122:brand	UltraSPARC-T2+
cpu_info:122:cpu_info122:chip_id	65552
cpu_info:122:cpu_info122:core_id	208338945
cpu_info:122:cpu_info122:cpu_type	sparcv9
cpu_info:122:cpu_info122:device_ID	122
cpu_info:122:cpu_info122:pg_id	48
cpu_info:122:cpu_info122:state	on-line
cpu_info:122:cpu_info122:state_begin	1433393769
cpu_info:123:cpu_info123:brand	UltraSPARC-T2+
cpu_info:123:cpu_info123:chip_id	65552
cpu_info:123:cpu_info123:core_id	208338945
cpu_info:123:cpu_info123:cpu_type	sparcv9
cpu_info:123:cpu_info123:device_ID	123
cpu_info:123:cpu_info123:pg_id	48
cpu_info:123:cpu_info123:state	on-line
cpu_info:123:cpu_info123:state_begin	1433393769
cpu_info:124:cpu_info124:brand	UltraSPARC-T2+
cpu_info:124:cpu_info124:chip_id	65552
cpu_info:124:cpu_info124:core_id	208338945
cpu_info:124:cpu_info124:cpu_type	sparcv9
cpu_info:124:cpu_info124:device_ID	124
cpu_info:124:cpu_info124:pg_id	50
cpu_info:124:cpu_info124:state	on-line
cpu_info:124:cpu_info124:state_begin	1433393769
cpu_info:125:cpu_info125:brand	UltraSPARC-T2+
cpu_info:125:cpu_info125:chip_id	65552
cpu_info:125:cpu_info125:core_id	208338945
cpu_info:125:cpu_info125:cpu_type	sparcv9
cpu_info:125:cpu_info125:device_ID	125
cpu_info:125:cpu_info125:pg_id	50
cpu_info:125:cpu_info125:state	on-line
cpu_info:125:cpu_info125:state_begin	1433393769
cpu_info:126:cpu_info126:brand	UltraSPARC-T2+
cpu_info:126:cpu_info126:chip_id	65552
cpu_info:126:cpu_info126:core_id	208338945
cpu_info:126:cpu_info126:cpu_type	sparcv9
cpu_info:126:cpu_info126:device_ID	126
cpu_info:126:cpu_info126:pg_id	50
cpu_info:126:cpu_info126:state	on-line
cpu_info:126:cpu_info126:state_begin	1433393769
cpu_info:127:cpu_info127:brand	UltraSPARC-T2+
cpu_info:127:cpu_info127:chip_id	65552
cpu_info:127:cpu_info127:core_id	208338945
cpu_info:127:cpu_info127:cpu_type	sparcv9
cpu_info:127:cpu_info127:device_ID	127
cpu_info:127:cpu_info127:pg_id	50
cpu_info:127:cpu_info127:state	on-line
cpu_info:127:cpu_info127:state_begin	1433393769
