pci_intrs:105:config:cpu	387
pci_intrs:105:config:name	mpt_sas1
pci_intrs:105:config:pil	5
pci_intrs:105:config:type	msix
pci_intrs:226:config:cpu	388
pci_intrs:226:config:name	mpt_sas1
pci_intrs:226:config:pil	5
pci_intrs:226:config:type	msix
pci_intrs:227:config:cpu	395
pci_intrs:227:config:name	mpt_sas1
pci_intrs:227:config:pil	5
pci_intrs:227:config:type	msix
pci_intrs:228:config:cpu	396
pci_intrs:228:config:name	mpt_sas1
pci_intrs:228:config:pil	5
pci_intrs:228:config:type	msix
pci_intrs:229:config:cpu	403
pci_intrs:229:config:name	mpt_sas1
pci_intrs:229:config:pil	5
pci_intrs:229:config:type	msix
pci_intrs:230:config:cpu	404
pci_intrs:230:config:name	mpt_sas1
pci_intrs:230:config:pil	5
pci_intrs:230:config:type	msix
pci_intrs:231:config:cpu	411
pci_intrs:231:config:name	mpt_sas1
pci_intrs:231:config:pil	5
pci_intrs:231:config:type	msix
pci_intrs:232:config:cpu	412
pci_intrs:232:config:name	mpt_sas1
pci_intrs:232:config:pil	5
pci_intrs:232:config:type	msix
pci_intrs:233:config:cpu	419
pci_intrs:233:config:name	mpt_sas1
pci_intrs:233:config:pil	5
pci_intrs:233:config:type	msix
pci_intrs:234:config:cpu	420
pci_intrs:234:config:name	mpt_sas1
pci_intrs:234:config:pil	5
pci_intrs:234:config:type	msix
pci_intrs:235:config:cpu	426
pci_intrs:235:config:name	mpt_sas1
pci_intrs:235:config:pil	5
pci_intrs:235:config:type	msix
pci_intrs:236:config:cpu	427
pci_intrs:236:config:name	mpt_sas1
pci_intrs:236:config:pil	5
pci_intrs:236:config:type	msix
pci_intrs:237:config:cpu	434
pci_intrs:237:config:name	mpt_sas1
pci_intrs:237:config:pil	5
pci_intrs:237:config:type	msix
pci_intrs:238:config:cpu	435
pci_intrs:238:config:name	mpt_sas1
pci_intrs:238:config:pil	5
pci_intrs:238:config:type	msix
pci_intrs:239:config:cpu	442
pci_intrs:239:config:name	mpt_sas1
pci_intrs:239:config:pil	5
pci_intrs:239:config:type	msix
pci_intrs:240:config:cpu	443
pci_intrs:240:config:name	mpt_sas1
pci_intrs:240:config:pil	5
pci_intrs:240:config:type	msix
pci_intrs:241:config:cpu	0
pci_intrs:241:config:name	pcieb5
pci_intrs:241:config:pil	9
pci_intrs:241:config:type	msi
pci_intrs:242:config:cpu	1
pci_intrs:242:config:name	pcieb6
pci_intrs:242:config:pil	9
pci_intrs:242:config:type	msi
pci_intrs:243:config:cpu	2
pci_intrs:243:config:name	pcieb8
pci_intrs:243:config:pil	9
pci_intrs:243:config:type	msi
pci_intrs:244:config:cpu	128
pci_intrs:244:config:name	pcieb15
pci_intrs:244:config:pil	9
pci_intrs:244:config:type	msi
pci_intrs:245:config:cpu	136
pci_intrs:245:config:name	pcieb16
pci_intrs:245:config:pil	9
pci_intrs:245:config:type	msi
pci_intrs:246:config:cpu	144
pci_intrs:246:config:name	pcieb19
pci_intrs:246:config:pil	9
pci_intrs:246:config:type	msi
pci_intrs:248:config:cpu	256
pci_intrs:248:config:name	pcieb23
pci_intrs:248:config:pil	9
pci_intrs:248:config:type	msi
pci_intrs:249:config:cpu	264
pci_intrs:249:config:name	pcieb24
pci_intrs:249:config:pil	9
pci_intrs:249:config:type	msi
pci_intrs:250:config:cpu	272
pci_intrs:250:config:name	pcieb27
pci_intrs:250:config:pil	9
pci_intrs:250:config:type	msi
pci_intrs:251:config:cpu	280
pci_intrs:251:config:name	pcieb28
pci_intrs:251:config:pil	9
pci_intrs:251:config:type	msi
pci_intrs:252:config:cpu	450
pci_intrs:252:config:name	pcieb31
pci_intrs:252:config:pil	9
pci_intrs:252:config:type	msi
pci_intrs:253:config:cpu	458
pci_intrs:253:config:name	pcieb35
pci_intrs:253:config:pil	9
pci_intrs:253:config:type	msi
pci_intrs:254:config:cpu	466
pci_intrs:254:config:name	pcieb39
pci_intrs:254:config:pil	9
pci_intrs:254:config:type	msi
pci_intrs:255:config:cpu	474
pci_intrs:255:config:name	pcieb40
pci_intrs:255:config:pil	9
pci_intrs:255:config:type	msi
pci_intrs:256:config:cpu	482
pci_intrs:256:config:name	ixgbe9
pci_intrs:256:config:pil	6
pci_intrs:256:config:type	msix
pci_intrs:257:config:cpu	490
pci_intrs:257:config:name	ixgbe9
pci_intrs:257:config:pil	6
pci_intrs:257:config:type	msix
pci_intrs:258:config:cpu	498
pci_intrs:258:config:name	ixgbe9
pci_intrs:258:config:pil	6
pci_intrs:258:config:type	msix
pci_intrs:259:config:cpu	506
pci_intrs:259:config:name	ixgbe9
pci_intrs:259:config:pil	6
pci_intrs:259:config:type	msix
pci_intrs:260:config:cpu	451
pci_intrs:260:config:name	ixgbe9
pci_intrs:260:config:pil	6
pci_intrs:260:config:type	msix
pci_intrs:261:config:cpu	459
pci_intrs:261:config:name	ixgbe9
pci_intrs:261:config:pil	6
pci_intrs:261:config:type	msix
pci_intrs:262:config:cpu	467
pci_intrs:262:config:name	ixgbe9
pci_intrs:262:config:pil	6
pci_intrs:262:config:type	msix
pci_intrs:263:config:cpu	475
pci_intrs:263:config:name	ixgbe9
pci_intrs:263:config:pil	6
pci_intrs:263:config:type	msix
pci_intrs:264:config:cpu	483
pci_intrs:264:config:name	ixgbe9
pci_intrs:264:config:pil	6
pci_intrs:264:config:type	msix
pci_intrs:265:config:cpu	491
pci_intrs:265:config:name	ixgbe9
pci_intrs:265:config:pil	6
pci_intrs:265:config:type	msix
pci_intrs:266:config:cpu	499
pci_intrs:266:config:name	ixgbe9
pci_intrs:266:config:pil	6
pci_intrs:266:config:type	msix
pci_intrs:267:config:cpu	507
pci_intrs:267:config:name	ixgbe9
pci_intrs:267:config:pil	6
pci_intrs:267:config:type	msix
pci_intrs:268:config:cpu	425
pci_intrs:268:config:name	ixgbe9
pci_intrs:268:config:pil	6
pci_intrs:268:config:type	msix
pci_intrs:269:config:cpu	433
pci_intrs:269:config:name	ixgbe9
pci_intrs:269:config:pil	6
pci_intrs:269:config:type	msix
pci_intrs:270:config:cpu	441
pci_intrs:270:config:name	ixgbe9
pci_intrs:270:config:pil	6
pci_intrs:270:config:type	msix
pci_intrs:271:config:cpu	452
pci_intrs:271:config:name	ixgbe9
pci_intrs:271:config:pil	6
pci_intrs:271:config:type	msix
pci_intrs:272:config:cpu	0
pci_intrs:272:config:name	ixgbe1
pci_intrs:272:config:pil	6
pci_intrs:272:config:type	msix
pci_intrs:273:config:cpu	1
pci_intrs:273:config:name	ixgbe1
pci_intrs:273:config:pil	6
pci_intrs:273:config:type	msix
pci_intrs:274:config:cpu	76
pci_intrs:274:config:name	ixgbe1
pci_intrs:274:config:pil	6
pci_intrs:274:config:type	msix
pci_intrs:275:config:cpu	84
pci_intrs:275:config:name	ixgbe1
pci_intrs:275:config:pil	6
pci_intrs:275:config:type	msix
pci_intrs:276:config:cpu	92
pci_intrs:276:config:name	ixgbe1
pci_intrs:276:config:pil	6
pci_intrs:276:config:type	msix
pci_intrs:277:config:cpu	100
pci_intrs:277:config:name	ixgbe1
pci_intrs:277:config:pil	6
pci_intrs:277:config:type	msix
pci_intrs:278:config:cpu	108
pci_intrs:278:config:name	ixgbe1
pci_intrs:278:config:pil	6
pci_intrs:278:config:type	msix
pci_intrs:279:config:cpu	116
pci_intrs:279:config:name	ixgbe1
pci_intrs:279:config:pil	6
pci_intrs:279:config:type	msix
pci_intrs:280:config:cpu	124
pci_intrs:280:config:name	ixgbe1
pci_intrs:280:config:pil	6
pci_intrs:280:config:type	msix
pci_intrs:281:config:cpu	2
pci_intrs:281:config:name	ixgbe1
pci_intrs:281:config:pil	6
pci_intrs:281:config:type	msix
pci_intrs:283:config:cpu	21
pci_intrs:283:config:name	ixgbe1
pci_intrs:283:config:pil	6
pci_intrs:283:config:type	msix
pci_intrs:284:config:cpu	29
pci_intrs:284:config:name	ixgbe1
pci_intrs:284:config:pil	6
pci_intrs:284:config:type	msix
pci_intrs:285:config:cpu	37
pci_intrs:285:config:name	ixgbe1
pci_intrs:285:config:pil	6
pci_intrs:285:config:type	msix
pci_intrs:286:config:cpu	45
pci_intrs:286:config:name	ixgbe1
pci_intrs:286:config:pil	6
pci_intrs:286:config:type	msix
pci_intrs:287:config:cpu	53
pci_intrs:287:config:name	ixgbe1
pci_intrs:287:config:pil	6
pci_intrs:287:config:type	msix
pci_intrs:288:config:cpu	61
pci_intrs:288:config:name	ixgbe0
pci_intrs:288:config:pil	6
pci_intrs:288:config:type	msix
pci_intrs:289:config:cpu	64
pci_intrs:289:config:name	ixgbe0
pci_intrs:289:config:pil	6
pci_intrs:289:config:type	msix
pci_intrs:290:config:cpu	72
pci_intrs:290:config:name	ixgbe0
pci_intrs:290:config:pil	6
pci_intrs:290:config:type	msix
pci_intrs:291:config:cpu	80
pci_intrs:291:config:name	ixgbe0
pci_intrs:291:config:pil	6
pci_intrs:291:config:type	msix
pci_intrs:292:config:cpu	88
pci_intrs:292:config:name	ixgbe0
pci_intrs:292:config:pil	6
pci_intrs:292:config:type	msix
pci_intrs:293:config:cpu	96
pci_intrs:293:config:name	ixgbe0
pci_intrs:293:config:pil	6
pci_intrs:293:config:type	msix
pci_intrs:294:config:cpu	104
pci_intrs:294:config:name	ixgbe0
pci_intrs:294:config:pil	6
pci_intrs:294:config:type	msix
pci_intrs:295:config:cpu	112
pci_intrs:295:config:name	ixgbe0
pci_intrs:295:config:pil	6
pci_intrs:295:config:type	msix
pci_intrs:296:config:cpu	120
pci_intrs:296:config:name	ixgbe0
pci_intrs:296:config:pil	6
pci_intrs:296:config:type	msix
pci_intrs:297:config:cpu	0
pci_intrs:297:config:name	ixgbe0
pci_intrs:297:config:pil	6
pci_intrs:297:config:type	msix
pci_intrs:299:config:cpu	16
pci_intrs:299:config:name	ixgbe0
pci_intrs:299:config:pil	6
pci_intrs:299:config:type	msix
pci_intrs:300:config:cpu	24
pci_intrs:300:config:name	ixgbe0
pci_intrs:300:config:pil	6
pci_intrs:300:config:type	msix
pci_intrs:301:config:cpu	38
pci_intrs:301:config:name	ixgbe0
pci_intrs:301:config:pil	6
pci_intrs:301:config:type	msix
pci_intrs:302:config:cpu	40
pci_intrs:302:config:name	ixgbe0
pci_intrs:302:config:pil	6
pci_intrs:302:config:type	msix
pci_intrs:303:config:cpu	48
pci_intrs:303:config:name	ixgbe0
pci_intrs:303:config:pil	6
pci_intrs:303:config:type	msix
pci_intrs:314:config:cpu	457
pci_intrs:314:config:name	ixgbe8
pci_intrs:314:config:pil	6
pci_intrs:314:config:type	msix
pci_intrs:315:config:cpu	465
pci_intrs:315:config:name	ixgbe8
pci_intrs:315:config:pil	6
pci_intrs:315:config:type	msix
pci_intrs:316:config:cpu	473
pci_intrs:316:config:name	ixgbe8
pci_intrs:316:config:pil	6
pci_intrs:316:config:type	msix
pci_intrs:317:config:cpu	481
pci_intrs:317:config:name	ixgbe8
pci_intrs:317:config:pil	6
pci_intrs:317:config:type	msix
pci_intrs:318:config:cpu	489
pci_intrs:318:config:name	ixgbe8
pci_intrs:318:config:pil	6
pci_intrs:318:config:type	msix
pci_intrs:319:config:cpu	497
pci_intrs:319:config:name	ixgbe8
pci_intrs:319:config:pil	6
pci_intrs:319:config:type	msix
pci_intrs:320:config:cpu	505
pci_intrs:320:config:name	ixgbe8
pci_intrs:320:config:pil	6
pci_intrs:320:config:type	msix
pci_intrs:321:config:cpu	386
pci_intrs:321:config:name	ixgbe8
pci_intrs:321:config:pil	6
pci_intrs:321:config:type	msix
pci_intrs:322:config:cpu	393
pci_intrs:322:config:name	ixgbe8
pci_intrs:322:config:pil	6
pci_intrs:322:config:type	msix
pci_intrs:323:config:cpu	401
pci_intrs:323:config:name	ixgbe8
pci_intrs:323:config:pil	6
pci_intrs:323:config:type	msix
pci_intrs:324:config:cpu	409
pci_intrs:324:config:name	ixgbe8
pci_intrs:324:config:pil	6
pci_intrs:324:config:type	msix
pci_intrs:325:config:cpu	417
pci_intrs:325:config:name	ixgbe8
pci_intrs:325:config:pil	6
pci_intrs:325:config:type	msix
pci_intrs:326:config:cpu	426
pci_intrs:326:config:name	ixgbe8
pci_intrs:326:config:pil	6
pci_intrs:326:config:type	msix
pci_intrs:327:config:cpu	434
pci_intrs:327:config:name	ixgbe8
pci_intrs:327:config:pil	6
pci_intrs:327:config:type	msix
pci_intrs:328:config:cpu	442
pci_intrs:328:config:name	ixgbe8
pci_intrs:328:config:pil	6
pci_intrs:328:config:type	msix
pci_intrs:329:config:cpu	449
pci_intrs:329:config:name	ixgbe8
pci_intrs:329:config:pil	6
pci_intrs:329:config:type	msix
pci_intrs:405:config:cpu	201
pci_intrs:405:config:name	igb0
pci_intrs:405:config:pil	6
pci_intrs:405:config:type	msix
pci_intrs:406:config:cpu	209
pci_intrs:406:config:name	igb0
pci_intrs:406:config:pil	6
pci_intrs:406:config:type	msix
pci_intrs:407:config:cpu	217
pci_intrs:407:config:name	igb1
pci_intrs:407:config:pil	6
pci_intrs:407:config:type	msix
pci_intrs:408:config:cpu	225
pci_intrs:408:config:name	igb1
pci_intrs:408:config:pil	6
pci_intrs:408:config:type	msix
pci_intrs:409:config:cpu	233
pci_intrs:409:config:name	igb1
pci_intrs:409:config:pil	6
pci_intrs:409:config:type	msix
pci_intrs:410:config:cpu	241
pci_intrs:410:config:name	igb2
pci_intrs:410:config:pil	6
pci_intrs:410:config:type	msix
pci_intrs:411:config:cpu	249
pci_intrs:411:config:name	igb2
pci_intrs:411:config:pil	6
pci_intrs:411:config:type	msix
pci_intrs:412:config:cpu	130
pci_intrs:412:config:name	igb2
pci_intrs:412:config:pil	6
pci_intrs:412:config:type	msix
pci_intrs:413:config:cpu	138
pci_intrs:413:config:name	igb3
pci_intrs:413:config:pil	6
pci_intrs:413:config:type	msix
pci_intrs:414:config:cpu	146
pci_intrs:414:config:name	igb3
pci_intrs:414:config:pil	6
pci_intrs:414:config:type	msix
pci_intrs:415:config:cpu	154
pci_intrs:415:config:name	igb3
pci_intrs:415:config:pil	6
pci_intrs:415:config:type	msix
pci_intrs:416:config:cpu	56
pci_intrs:416:config:name	xhci0
pci_intrs:416:config:pil	9
pci_intrs:416:config:type	msix
pci_intrs:669:config:cpu	285
pci_intrs:669:config:name	ixgbe5
pci_intrs:669:config:pil	6
pci_intrs:669:config:type	msix
pci_intrs:670:config:cpu	277
pci_intrs:670:config:name	ixgbe5
pci_intrs:670:config:pil	6
pci_intrs:670:config:type	msix
pci_intrs:671:config:cpu	269
pci_intrs:671:config:name	ixgbe5
pci_intrs:671:config:pil	6
pci_intrs:671:config:type	msix
pci_intrs:672:config:cpu	261
pci_intrs:672:config:name	ixgbe5
pci_intrs:672:config:pil	6
pci_intrs:672:config:type	msix
pci_intrs:673:config:cpu	380
pci_intrs:673:config:name	ixgbe5
pci_intrs:673:config:pil	6
pci_intrs:673:config:type	msix
pci_intrs:674:config:cpu	372
pci_intrs:674:config:name	ixgbe5
pci_intrs:674:config:pil	6
pci_intrs:674:config:type	msix
pci_intrs:675:config:cpu	364
pci_intrs:675:config:name	ixgbe5
pci_intrs:675:config:pil	6
pci_intrs:675:config:type	msix
pci_intrs:676:config:cpu	356
pci_intrs:676:config:name	ixgbe5
pci_intrs:676:config:pil	6
pci_intrs:676:config:type	msix
pci_intrs:677:config:cpu	348
pci_intrs:677:config:name	ixgbe5
pci_intrs:677:config:pil	6
pci_intrs:677:config:type	msix
pci_intrs:678:config:cpu	340
pci_intrs:678:config:name	ixgbe5
pci_intrs:678:config:pil	6
pci_intrs:678:config:type	msix
pci_intrs:679:config:cpu	332
pci_intrs:679:config:name	ixgbe5
pci_intrs:679:config:pil	6
pci_intrs:679:config:type	msix
pci_intrs:680:config:cpu	324
pci_intrs:680:config:name	ixgbe5
pci_intrs:680:config:pil	6
pci_intrs:680:config:type	msix
pci_intrs:681:config:cpu	316
pci_intrs:681:config:name	ixgbe5
pci_intrs:681:config:pil	6
pci_intrs:681:config:type	msix
pci_intrs:682:config:cpu	308
pci_intrs:682:config:name	ixgbe5
pci_intrs:682:config:pil	6
pci_intrs:682:config:type	msix
pci_intrs:683:config:cpu	300
pci_intrs:683:config:name	ixgbe5
pci_intrs:683:config:pil	6
pci_intrs:683:config:type	msix
pci_intrs:684:config:cpu	292
pci_intrs:684:config:name	ixgbe5
pci_intrs:684:config:pil	6
pci_intrs:684:config:type	msix
pci_intrs:685:config:cpu	282
pci_intrs:685:config:name	ixgbe4
pci_intrs:685:config:pil	6
pci_intrs:685:config:type	msix
pci_intrs:686:config:cpu	274
pci_intrs:686:config:name	ixgbe4
pci_intrs:686:config:pil	6
pci_intrs:686:config:type	msix
pci_intrs:687:config:cpu	266
pci_intrs:687:config:name	ixgbe4
pci_intrs:687:config:pil	6
pci_intrs:687:config:type	msix
pci_intrs:688:config:cpu	258
pci_intrs:688:config:name	ixgbe4
pci_intrs:688:config:pil	6
pci_intrs:688:config:type	msix
pci_intrs:689:config:cpu	377
pci_intrs:689:config:name	ixgbe4
pci_intrs:689:config:pil	6
pci_intrs:689:config:type	msix
pci_intrs:690:config:cpu	369
pci_intrs:690:config:name	ixgbe4
pci_intrs:690:config:pil	6
pci_intrs:690:config:type	msix
pci_intrs:691:config:cpu	361
pci_intrs:691:config:name	ixgbe4
pci_intrs:691:config:pil	6
pci_intrs:691:config:type	msix
pci_intrs:692:config:cpu	353
pci_intrs:692:config:name	ixgbe4
pci_intrs:692:config:pil	6
pci_intrs:692:config:type	msix
pci_intrs:693:config:cpu	345
pci_intrs:693:config:name	ixgbe4
pci_intrs:693:config:pil	6
pci_intrs:693:config:type	msix
pci_intrs:694:config:cpu	337
pci_intrs:694:config:name	ixgbe4
pci_intrs:694:config:pil	6
pci_intrs:694:config:type	msix
pci_intrs:695:config:cpu	329
pci_intrs:695:config:name	ixgbe4
pci_intrs:695:config:pil	6
pci_intrs:695:config:type	msix
pci_intrs:696:config:cpu	321
pci_intrs:696:config:name	ixgbe4
pci_intrs:696:config:pil	6
pci_intrs:696:config:type	msix
pci_intrs:697:config:cpu	313
pci_intrs:697:config:name	ixgbe4
pci_intrs:697:config:pil	6
pci_intrs:697:config:type	msix
pci_intrs:698:config:cpu	305
pci_intrs:698:config:name	ixgbe4
pci_intrs:698:config:pil	6
pci_intrs:698:config:type	msix
pci_intrs:699:config:cpu	297
pci_intrs:699:config:name	ixgbe4
pci_intrs:699:config:pil	6
pci_intrs:699:config:type	msix
pci_intrs:700:config:cpu	289
pci_intrs:700:config:name	ixgbe4
pci_intrs:700:config:pil	6
pci_intrs:700:config:type	msix
pci_intrs:753:config:cpu	283
pci_intrs:753:config:name	ixgbe7
pci_intrs:753:config:pil	6
pci_intrs:753:config:type	msix
pci_intrs:754:config:cpu	275
pci_intrs:754:config:name	ixgbe7
pci_intrs:754:config:pil	6
pci_intrs:754:config:type	msix
pci_intrs:755:config:cpu	267
pci_intrs:755:config:name	ixgbe7
pci_intrs:755:config:pil	6
pci_intrs:755:config:type	msix
pci_intrs:756:config:cpu	259
pci_intrs:756:config:name	ixgbe7
pci_intrs:756:config:pil	6
pci_intrs:756:config:type	msix
pci_intrs:757:config:cpu	378
pci_intrs:757:config:name	ixgbe7
pci_intrs:757:config:pil	6
pci_intrs:757:config:type	msix
pci_intrs:758:config:cpu	370
pci_intrs:758:config:name	ixgbe7
pci_intrs:758:config:pil	6
pci_intrs:758:config:type	msix
pci_intrs:759:config:cpu	362
pci_intrs:759:config:name	ixgbe7
pci_intrs:759:config:pil	6
pci_intrs:759:config:type	msix
pci_intrs:760:config:cpu	354
pci_intrs:760:config:name	ixgbe7
pci_intrs:760:config:pil	6
pci_intrs:760:config:type	msix
pci_intrs:761:config:cpu	346
pci_intrs:761:config:name	ixgbe7
pci_intrs:761:config:pil	6
pci_intrs:761:config:type	msix
pci_intrs:762:config:cpu	338
pci_intrs:762:config:name	ixgbe7
pci_intrs:762:config:pil	6
pci_intrs:762:config:type	msix
pci_intrs:763:config:cpu	330
pci_intrs:763:config:name	ixgbe7
pci_intrs:763:config:pil	6
pci_intrs:763:config:type	msix
pci_intrs:764:config:cpu	322
pci_intrs:764:config:name	ixgbe7
pci_intrs:764:config:pil	6
pci_intrs:764:config:type	msix
pci_intrs:765:config:cpu	314
pci_intrs:765:config:name	ixgbe7
pci_intrs:765:config:pil	6
pci_intrs:765:config:type	msix
pci_intrs:766:config:cpu	306
pci_intrs:766:config:name	ixgbe7
pci_intrs:766:config:pil	6
pci_intrs:766:config:type	msix
pci_intrs:767:config:cpu	298
pci_intrs:767:config:name	ixgbe7
pci_intrs:767:config:pil	6
pci_intrs:767:config:type	msix
pci_intrs:768:config:cpu	290
pci_intrs:768:config:name	ixgbe7
pci_intrs:768:config:pil	6
pci_intrs:768:config:type	msix
pci_intrs:769:config:cpu	281
pci_intrs:769:config:name	ixgbe6
pci_intrs:769:config:pil	6
pci_intrs:769:config:type	msix
pci_intrs:770:config:cpu	273
pci_intrs:770:config:name	ixgbe6
pci_intrs:770:config:pil	6
pci_intrs:770:config:type	msix
pci_intrs:771:config:cpu	265
pci_intrs:771:config:name	ixgbe6
pci_intrs:771:config:pil	6
pci_intrs:771:config:type	msix
pci_intrs:772:config:cpu	257
pci_intrs:772:config:name	ixgbe6
pci_intrs:772:config:pil	6
pci_intrs:772:config:type	msix
pci_intrs:773:config:cpu	376
pci_intrs:773:config:name	ixgbe6
pci_intrs:773:config:pil	6
pci_intrs:773:config:type	msix
pci_intrs:774:config:cpu	368
pci_intrs:774:config:name	ixgbe6
pci_intrs:774:config:pil	6
pci_intrs:774:config:type	msix
pci_intrs:775:config:cpu	360
pci_intrs:775:config:name	ixgbe6
pci_intrs:775:config:pil	6
pci_intrs:775:config:type	msix
pci_intrs:776:config:cpu	352
pci_intrs:776:config:name	ixgbe6
pci_intrs:776:config:pil	6
pci_intrs:776:config:type	msix
pci_intrs:777:config:cpu	344
pci_intrs:777:config:name	ixgbe6
pci_intrs:777:config:pil	6
pci_intrs:777:config:type	msix
pci_intrs:778:config:cpu	336
pci_intrs:778:config:name	ixgbe6
pci_intrs:778:config:pil	6
pci_intrs:778:config:type	msix
pci_intrs:779:config:cpu	328
pci_intrs:779:config:name	ixgbe6
pci_intrs:779:config:pil	6
pci_intrs:779:config:type	msix
pci_intrs:780:config:cpu	320
pci_intrs:780:config:name	ixgbe6
pci_intrs:780:config:pil	6
pci_intrs:780:config:type	msix
pci_intrs:781:config:cpu	312
pci_intrs:781:config:name	ixgbe6
pci_intrs:781:config:pil	6
pci_intrs:781:config:type	msix
pci_intrs:782:config:cpu	304
pci_intrs:782:config:name	ixgbe6
pci_intrs:782:config:pil	6
pci_intrs:782:config:type	msix
pci_intrs:783:config:cpu	296
pci_intrs:783:config:name	ixgbe6
pci_intrs:783:config:pil	6
pci_intrs:783:config:type	msix
pci_intrs:784:config:cpu	288
pci_intrs:784:config:name	ixgbe6
pci_intrs:784:config:pil	6
pci_intrs:784:config:type	msix
pci_intrs:785:config:cpu	458
pci_intrs:785:config:name	xhci1
pci_intrs:785:config:pil	9
pci_intrs:785:config:type	msix
pci_intrs:792:config:cpu	67
pci_intrs:792:config:name	pcieb2
pci_intrs:792:config:pil	9
pci_intrs:792:config:type	msi
pci_intrs:794:config:cpu	16
pci_intrs:794:config:name	emlxs0
pci_intrs:794:config:pil	6
pci_intrs:794:config:type	msix
pci_intrs:795:config:cpu	24
pci_intrs:795:config:name	emlxs0
pci_intrs:795:config:pil	6
pci_intrs:795:config:type	msix
pci_intrs:796:config:cpu	32
pci_intrs:796:config:name	emlxs0
pci_intrs:796:config:pil	6
pci_intrs:796:config:type	msix
pci_intrs:797:config:cpu	40
pci_intrs:797:config:name	emlxs0
pci_intrs:797:config:pil	6
pci_intrs:797:config:type	msix
pci_intrs:798:config:cpu	48
pci_intrs:798:config:name	emlxs0
pci_intrs:798:config:pil	6
pci_intrs:798:config:type	msix
pci_intrs:799:config:cpu	56
pci_intrs:799:config:name	emlxs0
pci_intrs:799:config:pil	6
pci_intrs:799:config:type	msix
pci_intrs:800:config:cpu	64
pci_intrs:800:config:name	emlxs0
pci_intrs:800:config:pil	6
pci_intrs:800:config:type	msix
pci_intrs:801:config:cpu	72
pci_intrs:801:config:name	emlxs0
pci_intrs:801:config:pil	6
pci_intrs:801:config:type	msix
pci_intrs:802:config:cpu	80
pci_intrs:802:config:name	emlxs1
pci_intrs:802:config:pil	6
pci_intrs:802:config:type	msix
pci_intrs:803:config:cpu	88
pci_intrs:803:config:name	emlxs1
pci_intrs:803:config:pil	6
pci_intrs:803:config:type	msix
pci_intrs:804:config:cpu	96
pci_intrs:804:config:name	emlxs1
pci_intrs:804:config:pil	6
pci_intrs:804:config:type	msix
pci_intrs:805:config:cpu	104
pci_intrs:805:config:name	emlxs1
pci_intrs:805:config:pil	6
pci_intrs:805:config:type	msix
pci_intrs:806:config:cpu	112
pci_intrs:806:config:name	emlxs1
pci_intrs:806:config:pil	6
pci_intrs:806:config:type	msix
pci_intrs:807:config:cpu	120
pci_intrs:807:config:name	emlxs1
pci_intrs:807:config:pil	6
pci_intrs:807:config:type	msix
pci_intrs:809:config:cpu	17
pci_intrs:809:config:name	emlxs1
pci_intrs:809:config:pil	6
pci_intrs:809:config:type	msix
pci_intrs:810:config:cpu	25
pci_intrs:810:config:name	pcieb11
pci_intrs:810:config:pil	9
pci_intrs:810:config:type	msi
pci_intrs:811:config:cpu	33
pci_intrs:811:config:name	emlxs2
pci_intrs:811:config:pil	6
pci_intrs:811:config:type	msix
pci_intrs:812:config:cpu	41
pci_intrs:812:config:name	emlxs2
pci_intrs:812:config:pil	6
pci_intrs:812:config:type	msix
pci_intrs:813:config:cpu	49
pci_intrs:813:config:name	emlxs2
pci_intrs:813:config:pil	6
pci_intrs:813:config:type	msix
pci_intrs:814:config:cpu	57
pci_intrs:814:config:name	emlxs2
pci_intrs:814:config:pil	6
pci_intrs:814:config:type	msix
pci_intrs:815:config:cpu	65
pci_intrs:815:config:name	emlxs2
pci_intrs:815:config:pil	6
pci_intrs:815:config:type	msix
pci_intrs:816:config:cpu	73
pci_intrs:816:config:name	emlxs2
pci_intrs:816:config:pil	6
pci_intrs:816:config:type	msix
pci_intrs:817:config:cpu	81
pci_intrs:817:config:name	emlxs2
pci_intrs:817:config:pil	6
pci_intrs:817:config:type	msix
pci_intrs:818:config:cpu	89
pci_intrs:818:config:name	emlxs2
pci_intrs:818:config:pil	6
pci_intrs:818:config:type	msix
pci_intrs:819:config:cpu	97
pci_intrs:819:config:name	emlxs3
pci_intrs:819:config:pil	6
pci_intrs:819:config:type	msix
pci_intrs:820:config:cpu	105
pci_intrs:820:config:name	emlxs3
pci_intrs:820:config:pil	6
pci_intrs:820:config:type	msix
pci_intrs:821:config:cpu	113
pci_intrs:821:config:name	emlxs3
pci_intrs:821:config:pil	6
pci_intrs:821:config:type	msix
pci_intrs:822:config:cpu	121
pci_intrs:822:config:name	emlxs3
pci_intrs:822:config:pil	6
pci_intrs:822:config:type	msix
pci_intrs:824:config:cpu	18
pci_intrs:824:config:name	emlxs3
pci_intrs:824:config:pil	6
pci_intrs:824:config:type	msix
pci_intrs:825:config:cpu	26
pci_intrs:825:config:name	emlxs3
pci_intrs:825:config:pil	6
pci_intrs:825:config:type	msix
pci_intrs:826:config:cpu	34
pci_intrs:826:config:name	emlxs3
pci_intrs:826:config:pil	6
pci_intrs:826:config:type	msix
pci_intrs:827:config:cpu	42
pci_intrs:827:config:name	pcieb12
pci_intrs:827:config:pil	9
pci_intrs:827:config:type	msi
pci_intrs:828:config:cpu	50
pci_intrs:828:config:name	emlxs4
pci_intrs:828:config:pil	6
pci_intrs:828:config:type	msix
pci_intrs:829:config:cpu	58
pci_intrs:829:config:name	emlxs4
pci_intrs:829:config:pil	6
pci_intrs:829:config:type	msix
pci_intrs:830:config:cpu	66
pci_intrs:830:config:name	emlxs4
pci_intrs:830:config:pil	6
pci_intrs:830:config:type	msix
pci_intrs:831:config:cpu	74
pci_intrs:831:config:name	emlxs4
pci_intrs:831:config:pil	6
pci_intrs:831:config:type	msix
pci_intrs:832:config:cpu	82
pci_intrs:832:config:name	emlxs4
pci_intrs:832:config:pil	6
pci_intrs:832:config:type	msix
pci_intrs:833:config:cpu	90
pci_intrs:833:config:name	emlxs4
pci_intrs:833:config:pil	6
pci_intrs:833:config:type	msix
pci_intrs:834:config:cpu	98
pci_intrs:834:config:name	emlxs4
pci_intrs:834:config:pil	6
pci_intrs:834:config:type	msix
pci_intrs:835:config:cpu	106
pci_intrs:835:config:name	emlxs4
pci_intrs:835:config:pil	6
pci_intrs:835:config:type	msix
pci_intrs:836:config:cpu	114
pci_intrs:836:config:name	emlxs5
pci_intrs:836:config:pil	6
pci_intrs:836:config:type	msix
pci_intrs:837:config:cpu	122
pci_intrs:837:config:name	emlxs5
pci_intrs:837:config:pil	6
pci_intrs:837:config:type	msix
pci_intrs:839:config:cpu	19
pci_intrs:839:config:name	emlxs5
pci_intrs:839:config:pil	6
pci_intrs:839:config:type	msix
pci_intrs:840:config:cpu	27
pci_intrs:840:config:name	emlxs5
pci_intrs:840:config:pil	6
pci_intrs:840:config:type	msix
pci_intrs:841:config:cpu	35
pci_intrs:841:config:name	emlxs5
pci_intrs:841:config:pil	6
pci_intrs:841:config:type	msix
pci_intrs:842:config:cpu	43
pci_intrs:842:config:name	emlxs5
pci_intrs:842:config:pil	6
pci_intrs:842:config:type	msix
pci_intrs:843:config:cpu	51
pci_intrs:843:config:name	emlxs5
pci_intrs:843:config:pil	6
pci_intrs:843:config:type	msix
pci_intrs:844:config:cpu	468
pci_intrs:844:config:name	pcieb32
pci_intrs:844:config:pil	9
pci_intrs:844:config:type	msi
pci_intrs:845:config:cpu	384
pci_intrs:845:config:name	emlxs6
pci_intrs:845:config:pil	6
pci_intrs:845:config:type	msix
pci_intrs:846:config:cpu	392
pci_intrs:846:config:name	emlxs6
pci_intrs:846:config:pil	6
pci_intrs:846:config:type	msix
pci_intrs:847:config:cpu	400
pci_intrs:847:config:name	emlxs6
pci_intrs:847:config:pil	6
pci_intrs:847:config:type	msix
pci_intrs:848:config:cpu	408
pci_intrs:848:config:name	emlxs6
pci_intrs:848:config:pil	6
pci_intrs:848:config:type	msix
pci_intrs:849:config:cpu	416
pci_intrs:849:config:name	emlxs6
pci_intrs:849:config:pil	6
pci_intrs:849:config:type	msix
pci_intrs:850:config:cpu	424
pci_intrs:850:config:name	emlxs6
pci_intrs:850:config:pil	6
pci_intrs:850:config:type	msix
pci_intrs:851:config:cpu	432
pci_intrs:851:config:name	emlxs6
pci_intrs:851:config:pil	6
pci_intrs:851:config:type	msix
pci_intrs:852:config:cpu	440
pci_intrs:852:config:name	emlxs6
pci_intrs:852:config:pil	6
pci_intrs:852:config:type	msix
pci_intrs:853:config:cpu	448
pci_intrs:853:config:name	emlxs7
pci_intrs:853:config:pil	6
pci_intrs:853:config:type	msix
pci_intrs:854:config:cpu	456
pci_intrs:854:config:name	emlxs7
pci_intrs:854:config:pil	6
pci_intrs:854:config:type	msix
pci_intrs:855:config:cpu	464
pci_intrs:855:config:name	emlxs7
pci_intrs:855:config:pil	6
pci_intrs:855:config:type	msix
pci_intrs:856:config:cpu	472
pci_intrs:856:config:name	emlxs7
pci_intrs:856:config:pil	6
pci_intrs:856:config:type	msix
pci_intrs:857:config:cpu	480
pci_intrs:857:config:name	emlxs7
pci_intrs:857:config:pil	6
pci_intrs:857:config:type	msix
pci_intrs:858:config:cpu	488
pci_intrs:858:config:name	emlxs7
pci_intrs:858:config:pil	6
pci_intrs:858:config:type	msix
pci_intrs:859:config:cpu	496
pci_intrs:859:config:name	emlxs7
pci_intrs:859:config:pil	6
pci_intrs:859:config:type	msix
pci_intrs:860:config:cpu	504
pci_intrs:860:config:name	emlxs7
pci_intrs:860:config:pil	6
pci_intrs:860:config:type	msix
pci_intrs:861:config:cpu	387
pci_intrs:861:config:name	pcieb36
pci_intrs:861:config:pil	9
pci_intrs:861:config:type	msi
pci_intrs:862:config:cpu	393
pci_intrs:862:config:name	emlxs8
pci_intrs:862:config:pil	6
pci_intrs:862:config:type	msix
pci_intrs:863:config:cpu	401
pci_intrs:863:config:name	emlxs8
pci_intrs:863:config:pil	6
pci_intrs:863:config:type	msix
pci_intrs:864:config:cpu	409
pci_intrs:864:config:name	emlxs8
pci_intrs:864:config:pil	6
pci_intrs:864:config:type	msix
pci_intrs:865:config:cpu	417
pci_intrs:865:config:name	emlxs8
pci_intrs:865:config:pil	6
pci_intrs:865:config:type	msix
pci_intrs:866:config:cpu	425
pci_intrs:866:config:name	emlxs8
pci_intrs:866:config:pil	6
pci_intrs:866:config:type	msix
pci_intrs:867:config:cpu	433
pci_intrs:867:config:name	emlxs8
pci_intrs:867:config:pil	6
pci_intrs:867:config:type	msix
pci_intrs:868:config:cpu	441
pci_intrs:868:config:name	emlxs8
pci_intrs:868:config:pil	6
pci_intrs:868:config:type	msix
pci_intrs:869:config:cpu	449
pci_intrs:869:config:name	emlxs8
pci_intrs:869:config:pil	6
pci_intrs:869:config:type	msix
pci_intrs:870:config:cpu	457
pci_intrs:870:config:name	emlxs9
pci_intrs:870:config:pil	6
pci_intrs:870:config:type	msix
pci_intrs:871:config:cpu	465
pci_intrs:871:config:name	emlxs9
pci_intrs:871:config:pil	6
pci_intrs:871:config:type	msix
pci_intrs:872:config:cpu	473
pci_intrs:872:config:name	emlxs9
pci_intrs:872:config:pil	6
pci_intrs:872:config:type	msix
pci_intrs:873:config:cpu	481
pci_intrs:873:config:name	emlxs9
pci_intrs:873:config:pil	6
pci_intrs:873:config:type	msix
pci_intrs:874:config:cpu	489
pci_intrs:874:config:name	emlxs9
pci_intrs:874:config:pil	6
pci_intrs:874:config:type	msix
pci_intrs:875:config:cpu	497
pci_intrs:875:config:name	emlxs9
pci_intrs:875:config:pil	6
pci_intrs:875:config:type	msix
pci_intrs:876:config:cpu	505
pci_intrs:876:config:name	emlxs9
pci_intrs:876:config:pil	6
pci_intrs:876:config:type	msix
pci_intrs:877:config:cpu	386
pci_intrs:877:config:name	emlxs9
pci_intrs:877:config:pil	6
pci_intrs:877:config:type	msix
pci_intrs:878:config:cpu	394
pci_intrs:878:config:name	pcieb37
pci_intrs:878:config:pil	9
pci_intrs:878:config:type	msi
pci_intrs:879:config:cpu	402
pci_intrs:879:config:name	pcieb42
pci_intrs:879:config:pil	9
pci_intrs:879:config:type	msi
pci_intrs:880:config:cpu	410
pci_intrs:880:config:name	pcieb41
pci_intrs:880:config:pil	9
pci_intrs:880:config:type	msi
pci_intrs:881:config:cpu	156
pci_intrs:881:config:name	pcieb20
pci_intrs:881:config:pil	9
pci_intrs:881:config:type	msi
pci_intrs:882:config:cpu	195
pci_intrs:882:config:name	igb0
pci_intrs:882:config:pil	6
pci_intrs:882:config:type	msix
pci_intrs:886:config:cpu	57
pci_intrs:886:config:name	pcieb3
pci_intrs:886:config:pil	9
pci_intrs:886:config:type	msi
pci_intrs:1210:config:cpu	75
pci_intrs:1210:config:name	emlxs1
pci_intrs:1210:config:pil	6
pci_intrs:1210:config:type	msix
pci_intrs:1211:config:cpu	85
pci_intrs:1211:config:name	emlxs3
pci_intrs:1211:config:pil	6
pci_intrs:1211:config:type	msix
pci_intrs:1212:config:cpu	93
pci_intrs:1212:config:name	emlxs5
pci_intrs:1212:config:pil	6
pci_intrs:1212:config:type	msix
pci_intrs:1213:config:cpu	99
pci_intrs:1213:config:name	ixgbe1
pci_intrs:1213:config:pil	6
pci_intrs:1213:config:type	msix
pci_intrs:1214:config:cpu	107
pci_intrs:1214:config:name	ixgbe0
pci_intrs:1214:config:pil	6
pci_intrs:1214:config:type	msix
pci_intrs:2408:config:cpu	67
pci_intrs:2408:config:name	mpt_sas0
pci_intrs:2408:config:pil	5
pci_intrs:2408:config:type	msix
pci_intrs:2409:config:cpu	75
pci_intrs:2409:config:name	mpt_sas0
pci_intrs:2409:config:pil	5
pci_intrs:2409:config:type	msix
pci_intrs:2410:config:cpu	83
pci_intrs:2410:config:name	mpt_sas0
pci_intrs:2410:config:pil	5
pci_intrs:2410:config:type	msix
pci_intrs:2411:config:cpu	91
pci_intrs:2411:config:name	mpt_sas0
pci_intrs:2411:config:pil	5
pci_intrs:2411:config:type	msix
pci_intrs:2412:config:cpu	99
pci_intrs:2412:config:name	mpt_sas0
pci_intrs:2412:config:pil	5
pci_intrs:2412:config:type	msix
pci_intrs:2413:config:cpu	107
pci_intrs:2413:config:name	mpt_sas0
pci_intrs:2413:config:pil	5
pci_intrs:2413:config:type	msix
pci_intrs:2414:config:cpu	115
pci_intrs:2414:config:name	mpt_sas0
pci_intrs:2414:config:pil	5
pci_intrs:2414:config:type	msix
pci_intrs:2415:config:cpu	68
pci_intrs:2415:config:name	mpt_sas0
pci_intrs:2415:config:pil	5
pci_intrs:2415:config:type	msix
pci_intrs:2416:config:cpu	123
pci_intrs:2416:config:name	mpt_sas0
pci_intrs:2416:config:pil	5
pci_intrs:2416:config:type	msix
pci_intrs:2417:config:cpu	20
pci_intrs:2417:config:name	mpt_sas0
pci_intrs:2417:config:pil	5
pci_intrs:2417:config:type	msix
pci_intrs:2418:config:cpu	28
pci_intrs:2418:config:name	mpt_sas0
pci_intrs:2418:config:pil	5
pci_intrs:2418:config:type	msix
pci_intrs:2419:config:cpu	36
pci_intrs:2419:config:name	mpt_sas0
pci_intrs:2419:config:pil	5
pci_intrs:2419:config:type	msix
pci_intrs:2420:config:cpu	44
pci_intrs:2420:config:name	mpt_sas0
pci_intrs:2420:config:pil	5
pci_intrs:2420:config:type	msix
pci_intrs:2421:config:cpu	52
pci_intrs:2421:config:name	mpt_sas0
pci_intrs:2421:config:pil	5
pci_intrs:2421:config:type	msix
pci_intrs:2422:config:cpu	60
pci_intrs:2422:config:name	mpt_sas0
pci_intrs:2422:config:pil	5
pci_intrs:2422:config:type	msix
pci_intrs:2423:config:cpu	115
pci_intrs:2423:config:name	mpt_sas0
pci_intrs:2423:config:pil	5
pci_intrs:2423:config:type	msix
pci_intrs:2444:config:cpu	172
pci_intrs:2444:config:name	ixgbe3
pci_intrs:2444:config:pil	6
pci_intrs:2444:config:type	msix
pci_intrs:2445:config:cpu	164
pci_intrs:2445:config:name	ixgbe3
pci_intrs:2445:config:pil	6
pci_intrs:2445:config:type	msix
pci_intrs:2446:config:cpu	155
pci_intrs:2446:config:name	ixgbe3
pci_intrs:2446:config:pil	6
pci_intrs:2446:config:type	msix
pci_intrs:2447:config:cpu	145
pci_intrs:2447:config:name	ixgbe3
pci_intrs:2447:config:pil	6
pci_intrs:2447:config:type	msix
pci_intrs:2448:config:cpu	137
pci_intrs:2448:config:name	ixgbe3
pci_intrs:2448:config:pil	6
pci_intrs:2448:config:type	msix
pci_intrs:2449:config:cpu	129
pci_intrs:2449:config:name	ixgbe3
pci_intrs:2449:config:pil	6
pci_intrs:2449:config:type	msix
pci_intrs:2450:config:cpu	248
pci_intrs:2450:config:name	ixgbe3
pci_intrs:2450:config:pil	6
pci_intrs:2450:config:type	msix
pci_intrs:2451:config:cpu	240
pci_intrs:2451:config:name	ixgbe3
pci_intrs:2451:config:pil	6
pci_intrs:2451:config:type	msix
pci_intrs:2452:config:cpu	188
pci_intrs:2452:config:name	ixgbe3
pci_intrs:2452:config:pil	6
pci_intrs:2452:config:type	msix
pci_intrs:2453:config:cpu	180
pci_intrs:2453:config:name	ixgbe3
pci_intrs:2453:config:pil	6
pci_intrs:2453:config:type	msix
pci_intrs:2454:config:cpu	216
pci_intrs:2454:config:name	ixgbe2
pci_intrs:2454:config:pil	6
pci_intrs:2454:config:type	msix
pci_intrs:2455:config:cpu	208
pci_intrs:2455:config:name	ixgbe2
pci_intrs:2455:config:pil	6
pci_intrs:2455:config:type	msix
pci_intrs:2456:config:cpu	200
pci_intrs:2456:config:name	ixgbe2
pci_intrs:2456:config:pil	6
pci_intrs:2456:config:type	msix
pci_intrs:2457:config:cpu	194
pci_intrs:2457:config:name	ixgbe2
pci_intrs:2457:config:pil	6
pci_intrs:2457:config:type	msix
pci_intrs:2458:config:cpu	186
pci_intrs:2458:config:name	ixgbe2
pci_intrs:2458:config:pil	6
pci_intrs:2458:config:type	msix
pci_intrs:2459:config:cpu	178
pci_intrs:2459:config:name	ixgbe2
pci_intrs:2459:config:pil	6
pci_intrs:2459:config:type	msix
pci_intrs:2460:config:cpu	170
pci_intrs:2460:config:name	ixgbe2
pci_intrs:2460:config:pil	6
pci_intrs:2460:config:type	msix
pci_intrs:2461:config:cpu	162
pci_intrs:2461:config:name	ixgbe2
pci_intrs:2461:config:pil	6
pci_intrs:2461:config:type	msix
pci_intrs:2462:config:cpu	232
pci_intrs:2462:config:name	ixgbe2
pci_intrs:2462:config:pil	6
pci_intrs:2462:config:type	msix
pci_intrs:2463:config:cpu	224
pci_intrs:2463:config:name	ixgbe2
pci_intrs:2463:config:pil	6
pci_intrs:2463:config:type	msix
