pci_intrs:23:config:cpu	896
pci_intrs:23:config:name	mpt_sas1
pci_intrs:23:config:pil	5
pci_intrs:23:config:type	msix
pci_intrs:148:config:cpu	258
pci_intrs:148:config:name	pcieb19
pci_intrs:148:config:pil	9
pci_intrs:148:config:type	msi
pci_intrs:218:config:cpu	136
pci_intrs:218:config:name	pcieb13
pci_intrs:218:config:pil	9
pci_intrs:218:config:type	msi
pci_intrs:219:config:cpu	144
pci_intrs:219:config:name	pcieb16
pci_intrs:219:config:pil	9
pci_intrs:219:config:type	msi
pci_intrs:221:config:cpu	65
pci_intrs:221:config:name	mpt_sas0
pci_intrs:221:config:pil	5
pci_intrs:221:config:type	msix
pci_intrs:222:config:cpu	73
pci_intrs:222:config:name	mpt_sas0
pci_intrs:222:config:pil	5
pci_intrs:222:config:type	msix
pci_intrs:223:config:cpu	81
pci_intrs:223:config:name	mpt_sas0
pci_intrs:223:config:pil	5
pci_intrs:223:config:type	msix
pci_intrs:224:config:cpu	89
pci_intrs:224:config:name	mpt_sas0
pci_intrs:224:config:pil	5
pci_intrs:224:config:type	msix
pci_intrs:225:config:cpu	97
pci_intrs:225:config:name	mpt_sas0
pci_intrs:225:config:pil	5
pci_intrs:225:config:type	msix
pci_intrs:226:config:cpu	105
pci_intrs:226:config:name	mpt_sas0
pci_intrs:226:config:pil	5
pci_intrs:226:config:type	msix
pci_intrs:227:config:cpu	113
pci_intrs:227:config:name	mpt_sas0
pci_intrs:227:config:pil	5
pci_intrs:227:config:type	msix
pci_intrs:228:config:cpu	121
pci_intrs:228:config:name	mpt_sas0
pci_intrs:228:config:pil	5
pci_intrs:228:config:type	msix
pci_intrs:231:config:cpu	26
pci_intrs:231:config:name	mpt_sas0
pci_intrs:231:config:pil	5
pci_intrs:231:config:type	msix
pci_intrs:232:config:cpu	34
pci_intrs:232:config:name	mpt_sas0
pci_intrs:232:config:pil	5
pci_intrs:232:config:type	msix
pci_intrs:233:config:cpu	42
pci_intrs:233:config:name	mpt_sas0
pci_intrs:233:config:pil	5
pci_intrs:233:config:type	msix
pci_intrs:234:config:cpu	50
pci_intrs:234:config:name	mpt_sas0
pci_intrs:234:config:pil	5
pci_intrs:234:config:type	msix
pci_intrs:235:config:cpu	58
pci_intrs:235:config:name	mpt_sas0
pci_intrs:235:config:pil	5
pci_intrs:235:config:type	msix
pci_intrs:236:config:cpu	66
pci_intrs:236:config:name	mpt_sas0
pci_intrs:236:config:pil	5
pci_intrs:236:config:type	msix
pci_intrs:237:config:cpu	898
pci_intrs:237:config:name	mpt_sas1
pci_intrs:237:config:pil	5
pci_intrs:237:config:type	msix
pci_intrs:238:config:cpu	899
pci_intrs:238:config:name	mpt_sas1
pci_intrs:238:config:pil	5
pci_intrs:238:config:type	msix
pci_intrs:239:config:cpu	906
pci_intrs:239:config:name	mpt_sas1
pci_intrs:239:config:pil	5
pci_intrs:239:config:type	msix
pci_intrs:240:config:cpu	907
pci_intrs:240:config:name	mpt_sas1
pci_intrs:240:config:pil	5
pci_intrs:240:config:type	msix
pci_intrs:241:config:cpu	908
pci_intrs:241:config:name	mpt_sas1
pci_intrs:241:config:pil	5
pci_intrs:241:config:type	msix
pci_intrs:242:config:cpu	914
pci_intrs:242:config:name	mpt_sas1
pci_intrs:242:config:pil	5
pci_intrs:242:config:type	msix
pci_intrs:243:config:cpu	915
pci_intrs:243:config:name	mpt_sas1
pci_intrs:243:config:pil	5
pci_intrs:243:config:type	msix
pci_intrs:244:config:cpu	916
pci_intrs:244:config:name	mpt_sas1
pci_intrs:244:config:pil	5
pci_intrs:244:config:type	msix
pci_intrs:245:config:cpu	917
pci_intrs:245:config:name	mpt_sas1
pci_intrs:245:config:pil	5
pci_intrs:245:config:type	msix
pci_intrs:246:config:cpu	922
pci_intrs:246:config:name	mpt_sas1
pci_intrs:246:config:pil	5
pci_intrs:246:config:type	msix
pci_intrs:247:config:cpu	923
pci_intrs:247:config:name	mpt_sas1
pci_intrs:247:config:pil	5
pci_intrs:247:config:type	msix
pci_intrs:248:config:cpu	924
pci_intrs:248:config:name	mpt_sas1
pci_intrs:248:config:pil	5
pci_intrs:248:config:type	msix
pci_intrs:249:config:cpu	929
pci_intrs:249:config:name	mpt_sas1
pci_intrs:249:config:pil	5
pci_intrs:249:config:type	msix
pci_intrs:250:config:cpu	930
pci_intrs:250:config:name	mpt_sas1
pci_intrs:250:config:pil	5
pci_intrs:250:config:type	msix
pci_intrs:251:config:cpu	931
pci_intrs:251:config:name	mpt_sas1
pci_intrs:251:config:pil	5
pci_intrs:251:config:type	msix
pci_intrs:252:config:cpu	393
pci_intrs:252:config:name	pcieb28
pci_intrs:252:config:pil	9
pci_intrs:252:config:type	msi
pci_intrs:253:config:cpu	512
pci_intrs:253:config:name	pcieb31
pci_intrs:253:config:pil	9
pci_intrs:253:config:type	msi
pci_intrs:254:config:cpu	520
pci_intrs:254:config:name	pcieb34
pci_intrs:254:config:pil	9
pci_intrs:254:config:type	msi
pci_intrs:255:config:cpu	649
pci_intrs:255:config:name	pcieb40
pci_intrs:255:config:pil	9
pci_intrs:255:config:type	msi
pci_intrs:256:config:cpu	768
pci_intrs:256:config:name	pcieb43
pci_intrs:256:config:pil	9
pci_intrs:256:config:type	msi
pci_intrs:257:config:cpu	776
pci_intrs:257:config:name	pcieb46
pci_intrs:257:config:pil	9
pci_intrs:257:config:type	msi
pci_intrs:258:config:cpu	937
pci_intrs:258:config:name	pcieb52
pci_intrs:258:config:pil	9
pci_intrs:258:config:type	msi
pci_intrs:259:config:cpu	945
pci_intrs:259:config:name	pcieb55
pci_intrs:259:config:pil	9
pci_intrs:259:config:type	msi
pci_intrs:260:config:cpu	953
pci_intrs:260:config:name	pcieb56
pci_intrs:260:config:pil	9
pci_intrs:260:config:type	msi
pci_intrs:625:config:cpu	779
pci_intrs:625:config:name	ixgbe7
pci_intrs:625:config:pil	6
pci_intrs:625:config:type	msix
pci_intrs:626:config:cpu	771
pci_intrs:626:config:name	ixgbe7
pci_intrs:626:config:pil	6
pci_intrs:626:config:type	msix
pci_intrs:627:config:cpu	890
pci_intrs:627:config:name	ixgbe7
pci_intrs:627:config:pil	6
pci_intrs:627:config:type	msix
pci_intrs:628:config:cpu	882
pci_intrs:628:config:name	ixgbe7
pci_intrs:628:config:pil	6
pci_intrs:628:config:type	msix
pci_intrs:629:config:cpu	874
pci_intrs:629:config:name	ixgbe7
pci_intrs:629:config:pil	6
pci_intrs:629:config:type	msix
pci_intrs:630:config:cpu	866
pci_intrs:630:config:name	ixgbe7
pci_intrs:630:config:pil	6
pci_intrs:630:config:type	msix
pci_intrs:631:config:cpu	858
pci_intrs:631:config:name	ixgbe7
pci_intrs:631:config:pil	6
pci_intrs:631:config:type	msix
pci_intrs:632:config:cpu	850
pci_intrs:632:config:name	ixgbe7
pci_intrs:632:config:pil	6
pci_intrs:632:config:type	msix
pci_intrs:633:config:cpu	842
pci_intrs:633:config:name	ixgbe7
pci_intrs:633:config:pil	6
pci_intrs:633:config:type	msix
pci_intrs:634:config:cpu	834
pci_intrs:634:config:name	ixgbe7
pci_intrs:634:config:pil	6
pci_intrs:634:config:type	msix
pci_intrs:635:config:cpu	826
pci_intrs:635:config:name	ixgbe7
pci_intrs:635:config:pil	6
pci_intrs:635:config:type	msix
pci_intrs:636:config:cpu	818
pci_intrs:636:config:name	ixgbe7
pci_intrs:636:config:pil	6
pci_intrs:636:config:type	msix
pci_intrs:637:config:cpu	810
pci_intrs:637:config:name	ixgbe7
pci_intrs:637:config:pil	6
pci_intrs:637:config:type	msix
pci_intrs:638:config:cpu	802
pci_intrs:638:config:name	ixgbe7
pci_intrs:638:config:pil	6
pci_intrs:638:config:type	msix
pci_intrs:639:config:cpu	794
pci_intrs:639:config:name	ixgbe7
pci_intrs:639:config:pil	6
pci_intrs:639:config:type	msix
pci_intrs:640:config:cpu	786
pci_intrs:640:config:name	ixgbe7
pci_intrs:640:config:pil	6
pci_intrs:640:config:type	msix
pci_intrs:641:config:cpu	778
pci_intrs:641:config:name	ixgbe6
pci_intrs:641:config:pil	6
pci_intrs:641:config:type	msix
pci_intrs:642:config:cpu	770
pci_intrs:642:config:name	ixgbe6
pci_intrs:642:config:pil	6
pci_intrs:642:config:type	msix
pci_intrs:643:config:cpu	889
pci_intrs:643:config:name	ixgbe6
pci_intrs:643:config:pil	6
pci_intrs:643:config:type	msix
pci_intrs:644:config:cpu	881
pci_intrs:644:config:name	ixgbe6
pci_intrs:644:config:pil	6
pci_intrs:644:config:type	msix
pci_intrs:645:config:cpu	873
pci_intrs:645:config:name	ixgbe6
pci_intrs:645:config:pil	6
pci_intrs:645:config:type	msix
pci_intrs:646:config:cpu	865
pci_intrs:646:config:name	ixgbe6
pci_intrs:646:config:pil	6
pci_intrs:646:config:type	msix
pci_intrs:647:config:cpu	857
pci_intrs:647:config:name	ixgbe6
pci_intrs:647:config:pil	6
pci_intrs:647:config:type	msix
pci_intrs:648:config:cpu	849
pci_intrs:648:config:name	ixgbe6
pci_intrs:648:config:pil	6
pci_intrs:648:config:type	msix
pci_intrs:649:config:cpu	841
pci_intrs:649:config:name	ixgbe6
pci_intrs:649:config:pil	6
pci_intrs:649:config:type	msix
pci_intrs:650:config:cpu	833
pci_intrs:650:config:name	ixgbe6
pci_intrs:650:config:pil	6
pci_intrs:650:config:type	msix
pci_intrs:651:config:cpu	825
pci_intrs:651:config:name	ixgbe6
pci_intrs:651:config:pil	6
pci_intrs:651:config:type	msix
pci_intrs:652:config:cpu	817
pci_intrs:652:config:name	ixgbe6
pci_intrs:652:config:pil	6
pci_intrs:652:config:type	msix
pci_intrs:653:config:cpu	809
pci_intrs:653:config:name	ixgbe6
pci_intrs:653:config:pil	6
pci_intrs:653:config:type	msix
pci_intrs:654:config:cpu	801
pci_intrs:654:config:name	ixgbe6
pci_intrs:654:config:pil	6
pci_intrs:654:config:type	msix
pci_intrs:655:config:cpu	793
pci_intrs:655:config:name	ixgbe6
pci_intrs:655:config:pil	6
pci_intrs:655:config:type	msix
pci_intrs:656:config:cpu	785
pci_intrs:656:config:name	ixgbe6
pci_intrs:656:config:pil	6
pci_intrs:656:config:type	msix
pci_intrs:753:config:cpu	139
pci_intrs:753:config:name	ixgbe3
pci_intrs:753:config:pil	6
pci_intrs:753:config:type	msix
pci_intrs:754:config:cpu	130
pci_intrs:754:config:name	ixgbe3
pci_intrs:754:config:pil	6
pci_intrs:754:config:type	msix
pci_intrs:755:config:cpu	250
pci_intrs:755:config:name	ixgbe3
pci_intrs:755:config:pil	6
pci_intrs:755:config:type	msix
pci_intrs:756:config:cpu	242
pci_intrs:756:config:name	ixgbe3
pci_intrs:756:config:pil	6
pci_intrs:756:config:type	msix
pci_intrs:757:config:cpu	234
pci_intrs:757:config:name	ixgbe3
pci_intrs:757:config:pil	6
pci_intrs:757:config:type	msix
pci_intrs:758:config:cpu	226
pci_intrs:758:config:name	ixgbe3
pci_intrs:758:config:pil	6
pci_intrs:758:config:type	msix
pci_intrs:759:config:cpu	218
pci_intrs:759:config:name	ixgbe3
pci_intrs:759:config:pil	6
pci_intrs:759:config:type	msix
pci_intrs:760:config:cpu	210
pci_intrs:760:config:name	ixgbe3
pci_intrs:760:config:pil	6
pci_intrs:760:config:type	msix
pci_intrs:761:config:cpu	202
pci_intrs:761:config:name	ixgbe3
pci_intrs:761:config:pil	6
pci_intrs:761:config:type	msix
pci_intrs:762:config:cpu	194
pci_intrs:762:config:name	ixgbe3
pci_intrs:762:config:pil	6
pci_intrs:762:config:type	msix
pci_intrs:763:config:cpu	186
pci_intrs:763:config:name	ixgbe3
pci_intrs:763:config:pil	6
pci_intrs:763:config:type	msix
pci_intrs:764:config:cpu	178
pci_intrs:764:config:name	ixgbe3
pci_intrs:764:config:pil	6
pci_intrs:764:config:type	msix
pci_intrs:765:config:cpu	170
pci_intrs:765:config:name	ixgbe3
pci_intrs:765:config:pil	6
pci_intrs:765:config:type	msix
pci_intrs:766:config:cpu	162
pci_intrs:766:config:name	ixgbe3
pci_intrs:766:config:pil	6
pci_intrs:766:config:type	msix
pci_intrs:767:config:cpu	154
pci_intrs:767:config:name	ixgbe3
pci_intrs:767:config:pil	6
pci_intrs:767:config:type	msix
pci_intrs:768:config:cpu	145
pci_intrs:768:config:name	ixgbe3
pci_intrs:768:config:pil	6
pci_intrs:768:config:type	msix
pci_intrs:769:config:cpu	138
pci_intrs:769:config:name	ixgbe2
pci_intrs:769:config:pil	6
pci_intrs:769:config:type	msix
pci_intrs:770:config:cpu	129
pci_intrs:770:config:name	ixgbe2
pci_intrs:770:config:pil	6
pci_intrs:770:config:type	msix
pci_intrs:771:config:cpu	249
pci_intrs:771:config:name	ixgbe2
pci_intrs:771:config:pil	6
pci_intrs:771:config:type	msix
pci_intrs:772:config:cpu	241
pci_intrs:772:config:name	ixgbe2
pci_intrs:772:config:pil	6
pci_intrs:772:config:type	msix
pci_intrs:773:config:cpu	233
pci_intrs:773:config:name	ixgbe2
pci_intrs:773:config:pil	6
pci_intrs:773:config:type	msix
pci_intrs:774:config:cpu	225
pci_intrs:774:config:name	ixgbe2
pci_intrs:774:config:pil	6
pci_intrs:774:config:type	msix
pci_intrs:775:config:cpu	217
pci_intrs:775:config:name	ixgbe2
pci_intrs:775:config:pil	6
pci_intrs:775:config:type	msix
pci_intrs:776:config:cpu	209
pci_intrs:776:config:name	ixgbe2
pci_intrs:776:config:pil	6
pci_intrs:776:config:type	msix
pci_intrs:777:config:cpu	201
pci_intrs:777:config:name	ixgbe2
pci_intrs:777:config:pil	6
pci_intrs:777:config:type	msix
pci_intrs:778:config:cpu	193
pci_intrs:778:config:name	ixgbe2
pci_intrs:778:config:pil	6
pci_intrs:778:config:type	msix
pci_intrs:779:config:cpu	185
pci_intrs:779:config:name	ixgbe2
pci_intrs:779:config:pil	6
pci_intrs:779:config:type	msix
pci_intrs:780:config:cpu	177
pci_intrs:780:config:name	ixgbe2
pci_intrs:780:config:pil	6
pci_intrs:780:config:type	msix
pci_intrs:781:config:cpu	169
pci_intrs:781:config:name	ixgbe2
pci_intrs:781:config:pil	6
pci_intrs:781:config:type	msix
pci_intrs:782:config:cpu	161
pci_intrs:782:config:name	ixgbe2
pci_intrs:782:config:pil	6
pci_intrs:782:config:type	msix
pci_intrs:783:config:cpu	153
pci_intrs:783:config:name	ixgbe2
pci_intrs:783:config:pil	6
pci_intrs:783:config:type	msix
pci_intrs:784:config:cpu	128
pci_intrs:784:config:name	ixgbe2
pci_intrs:784:config:pil	6
pci_intrs:784:config:type	msix
pci_intrs:785:config:cpu	523
pci_intrs:785:config:name	ixgbe5
pci_intrs:785:config:pil	6
pci_intrs:785:config:type	msix
pci_intrs:786:config:cpu	515
pci_intrs:786:config:name	ixgbe5
pci_intrs:786:config:pil	6
pci_intrs:786:config:type	msix
pci_intrs:787:config:cpu	634
pci_intrs:787:config:name	ixgbe5
pci_intrs:787:config:pil	6
pci_intrs:787:config:type	msix
pci_intrs:788:config:cpu	626
pci_intrs:788:config:name	ixgbe5
pci_intrs:788:config:pil	6
pci_intrs:788:config:type	msix
pci_intrs:789:config:cpu	618
pci_intrs:789:config:name	ixgbe5
pci_intrs:789:config:pil	6
pci_intrs:789:config:type	msix
pci_intrs:790:config:cpu	610
pci_intrs:790:config:name	ixgbe5
pci_intrs:790:config:pil	6
pci_intrs:790:config:type	msix
pci_intrs:791:config:cpu	602
pci_intrs:791:config:name	ixgbe5
pci_intrs:791:config:pil	6
pci_intrs:791:config:type	msix
pci_intrs:792:config:cpu	594
pci_intrs:792:config:name	ixgbe5
pci_intrs:792:config:pil	6
pci_intrs:792:config:type	msix
pci_intrs:793:config:cpu	586
pci_intrs:793:config:name	ixgbe5
pci_intrs:793:config:pil	6
pci_intrs:793:config:type	msix
pci_intrs:794:config:cpu	578
pci_intrs:794:config:name	ixgbe5
pci_intrs:794:config:pil	6
pci_intrs:794:config:type	msix
pci_intrs:795:config:cpu	570
pci_intrs:795:config:name	ixgbe5
pci_intrs:795:config:pil	6
pci_intrs:795:config:type	msix
pci_intrs:796:config:cpu	562
pci_intrs:796:config:name	ixgbe5
pci_intrs:796:config:pil	6
pci_intrs:796:config:type	msix
pci_intrs:797:config:cpu	554
pci_intrs:797:config:name	ixgbe5
pci_intrs:797:config:pil	6
pci_intrs:797:config:type	msix
pci_intrs:798:config:cpu	546
pci_intrs:798:config:name	ixgbe5
pci_intrs:798:config:pil	6
pci_intrs:798:config:type	msix
pci_intrs:799:config:cpu	538
pci_intrs:799:config:name	ixgbe5
pci_intrs:799:config:pil	6
pci_intrs:799:config:type	msix
pci_intrs:800:config:cpu	530
pci_intrs:800:config:name	ixgbe5
pci_intrs:800:config:pil	6
pci_intrs:800:config:type	msix
pci_intrs:801:config:cpu	521
pci_intrs:801:config:name	ixgbe4
pci_intrs:801:config:pil	6
pci_intrs:801:config:type	msix
pci_intrs:802:config:cpu	513
pci_intrs:802:config:name	ixgbe4
pci_intrs:802:config:pil	6
pci_intrs:802:config:type	msix
pci_intrs:803:config:cpu	632
pci_intrs:803:config:name	ixgbe4
pci_intrs:803:config:pil	6
pci_intrs:803:config:type	msix
pci_intrs:804:config:cpu	624
pci_intrs:804:config:name	ixgbe4
pci_intrs:804:config:pil	6
pci_intrs:804:config:type	msix
pci_intrs:805:config:cpu	616
pci_intrs:805:config:name	ixgbe4
pci_intrs:805:config:pil	6
pci_intrs:805:config:type	msix
pci_intrs:806:config:cpu	608
pci_intrs:806:config:name	ixgbe4
pci_intrs:806:config:pil	6
pci_intrs:806:config:type	msix
pci_intrs:807:config:cpu	600
pci_intrs:807:config:name	ixgbe4
pci_intrs:807:config:pil	6
pci_intrs:807:config:type	msix
pci_intrs:808:config:cpu	592
pci_intrs:808:config:name	ixgbe4
pci_intrs:808:config:pil	6
pci_intrs:808:config:type	msix
pci_intrs:809:config:cpu	584
pci_intrs:809:config:name	ixgbe4
pci_intrs:809:config:pil	6
pci_intrs:809:config:type	msix
pci_intrs:810:config:cpu	576
pci_intrs:810:config:name	ixgbe4
pci_intrs:810:config:pil	6
pci_intrs:810:config:type	msix
pci_intrs:811:config:cpu	568
pci_intrs:811:config:name	ixgbe4
pci_intrs:811:config:pil	6
pci_intrs:811:config:type	msix
pci_intrs:812:config:cpu	560
pci_intrs:812:config:name	ixgbe4
pci_intrs:812:config:pil	6
pci_intrs:812:config:type	msix
pci_intrs:813:config:cpu	552
pci_intrs:813:config:name	ixgbe4
pci_intrs:813:config:pil	6
pci_intrs:813:config:type	msix
pci_intrs:814:config:cpu	544
pci_intrs:814:config:name	ixgbe4
pci_intrs:814:config:pil	6
pci_intrs:814:config:type	msix
pci_intrs:815:config:cpu	536
pci_intrs:815:config:name	ixgbe4
pci_intrs:815:config:pil	6
pci_intrs:815:config:type	msix
pci_intrs:816:config:cpu	528
pci_intrs:816:config:name	ixgbe4
pci_intrs:816:config:pil	6
pci_intrs:816:config:type	msix
pci_intrs:817:config:cpu	49
pci_intrs:817:config:name	xhci0
pci_intrs:817:config:pil	9
pci_intrs:817:config:type	msix
pci_intrs:818:config:cpu	945
pci_intrs:818:config:name	xhci1
pci_intrs:818:config:pil	9
pci_intrs:818:config:type	msix
pci_intrs:843:config:cpu	0
pci_intrs:843:config:name	ixgbe0
pci_intrs:843:config:pil	6
pci_intrs:843:config:type	msix
pci_intrs:844:config:cpu	1
pci_intrs:844:config:name	ixgbe0
pci_intrs:844:config:pil	6
pci_intrs:844:config:type	msix
pci_intrs:845:config:cpu	2
pci_intrs:845:config:name	ixgbe0
pci_intrs:845:config:pil	6
pci_intrs:845:config:type	msix
pci_intrs:846:config:cpu	74
pci_intrs:846:config:name	ixgbe0
pci_intrs:846:config:pil	6
pci_intrs:846:config:type	msix
pci_intrs:847:config:cpu	82
pci_intrs:847:config:name	ixgbe0
pci_intrs:847:config:pil	6
pci_intrs:847:config:type	msix
pci_intrs:848:config:cpu	90
pci_intrs:848:config:name	ixgbe0
pci_intrs:848:config:pil	6
pci_intrs:848:config:type	msix
pci_intrs:849:config:cpu	98
pci_intrs:849:config:name	ixgbe0
pci_intrs:849:config:pil	6
pci_intrs:849:config:type	msix
pci_intrs:850:config:cpu	106
pci_intrs:850:config:name	ixgbe0
pci_intrs:850:config:pil	6
pci_intrs:850:config:type	msix
pci_intrs:851:config:cpu	114
pci_intrs:851:config:name	ixgbe0
pci_intrs:851:config:pil	6
pci_intrs:851:config:type	msix
pci_intrs:852:config:cpu	122
pci_intrs:852:config:name	ixgbe0
pci_intrs:852:config:pil	6
pci_intrs:852:config:type	msix
pci_intrs:853:config:cpu	0
pci_intrs:853:config:name	ixgbe0
pci_intrs:853:config:pil	6
pci_intrs:853:config:type	msix
pci_intrs:856:config:cpu	27
pci_intrs:856:config:name	ixgbe0
pci_intrs:856:config:pil	6
pci_intrs:856:config:type	msix
pci_intrs:857:config:cpu	35
pci_intrs:857:config:name	ixgbe0
pci_intrs:857:config:pil	6
pci_intrs:857:config:type	msix
pci_intrs:858:config:cpu	43
pci_intrs:858:config:name	ixgbe0
pci_intrs:858:config:pil	6
pci_intrs:858:config:type	msix
pci_intrs:859:config:cpu	59
pci_intrs:859:config:name	ixgbe1
pci_intrs:859:config:pil	6
pci_intrs:859:config:type	msix
pci_intrs:860:config:cpu	67
pci_intrs:860:config:name	ixgbe1
pci_intrs:860:config:pil	6
pci_intrs:860:config:type	msix
pci_intrs:861:config:cpu	75
pci_intrs:861:config:name	ixgbe1
pci_intrs:861:config:pil	6
pci_intrs:861:config:type	msix
pci_intrs:862:config:cpu	83
pci_intrs:862:config:name	ixgbe1
pci_intrs:862:config:pil	6
pci_intrs:862:config:type	msix
pci_intrs:863:config:cpu	91
pci_intrs:863:config:name	ixgbe1
pci_intrs:863:config:pil	6
pci_intrs:863:config:type	msix
pci_intrs:864:config:cpu	99
pci_intrs:864:config:name	ixgbe1
pci_intrs:864:config:pil	6
pci_intrs:864:config:type	msix
pci_intrs:865:config:cpu	107
pci_intrs:865:config:name	ixgbe1
pci_intrs:865:config:pil	6
pci_intrs:865:config:type	msix
pci_intrs:866:config:cpu	115
pci_intrs:866:config:name	ixgbe1
pci_intrs:866:config:pil	6
pci_intrs:866:config:type	msix
pci_intrs:867:config:cpu	123
pci_intrs:867:config:name	ixgbe1
pci_intrs:867:config:pil	6
pci_intrs:867:config:type	msix
pci_intrs:868:config:cpu	1
pci_intrs:868:config:name	ixgbe1
pci_intrs:868:config:pil	6
pci_intrs:868:config:type	msix
pci_intrs:871:config:cpu	28
pci_intrs:871:config:name	ixgbe1
pci_intrs:871:config:pil	6
pci_intrs:871:config:type	msix
pci_intrs:872:config:cpu	36
pci_intrs:872:config:name	ixgbe1
pci_intrs:872:config:pil	6
pci_intrs:872:config:type	msix
pci_intrs:873:config:cpu	41
pci_intrs:873:config:name	ixgbe1
pci_intrs:873:config:pil	6
pci_intrs:873:config:type	msix
pci_intrs:874:config:cpu	51
pci_intrs:874:config:name	ixgbe1
pci_intrs:874:config:pil	6
pci_intrs:874:config:type	msix
pci_intrs:875:config:cpu	961
pci_intrs:875:config:name	ixgbe8
pci_intrs:875:config:pil	6
pci_intrs:875:config:type	msix
pci_intrs:876:config:cpu	969
pci_intrs:876:config:name	ixgbe8
pci_intrs:876:config:pil	6
pci_intrs:876:config:type	msix
pci_intrs:877:config:cpu	977
pci_intrs:877:config:name	ixgbe8
pci_intrs:877:config:pil	6
pci_intrs:877:config:type	msix
pci_intrs:878:config:cpu	985
pci_intrs:878:config:name	ixgbe8
pci_intrs:878:config:pil	6
pci_intrs:878:config:type	msix
pci_intrs:879:config:cpu	993
pci_intrs:879:config:name	ixgbe8
pci_intrs:879:config:pil	6
pci_intrs:879:config:type	msix
pci_intrs:880:config:cpu	1001
pci_intrs:880:config:name	ixgbe8
pci_intrs:880:config:pil	6
pci_intrs:880:config:type	msix
pci_intrs:881:config:cpu	1009
pci_intrs:881:config:name	ixgbe8
pci_intrs:881:config:pil	6
pci_intrs:881:config:type	msix
pci_intrs:882:config:cpu	1017
pci_intrs:882:config:name	ixgbe8
pci_intrs:882:config:pil	6
pci_intrs:882:config:type	msix
pci_intrs:883:config:cpu	938
pci_intrs:883:config:name	ixgbe8
pci_intrs:883:config:pil	6
pci_intrs:883:config:type	msix
pci_intrs:884:config:cpu	954
pci_intrs:884:config:name	ixgbe8
pci_intrs:884:config:pil	6
pci_intrs:884:config:type	msix
pci_intrs:885:config:cpu	962
pci_intrs:885:config:name	ixgbe8
pci_intrs:885:config:pil	6
pci_intrs:885:config:type	msix
pci_intrs:886:config:cpu	970
pci_intrs:886:config:name	ixgbe8
pci_intrs:886:config:pil	6
pci_intrs:886:config:type	msix
pci_intrs:887:config:cpu	978
pci_intrs:887:config:name	ixgbe8
pci_intrs:887:config:pil	6
pci_intrs:887:config:type	msix
pci_intrs:888:config:cpu	986
pci_intrs:888:config:name	ixgbe8
pci_intrs:888:config:pil	6
pci_intrs:888:config:type	msix
pci_intrs:889:config:cpu	994
pci_intrs:889:config:name	ixgbe8
pci_intrs:889:config:pil	6
pci_intrs:889:config:type	msix
pci_intrs:890:config:cpu	1002
pci_intrs:890:config:name	ixgbe8
pci_intrs:890:config:pil	6
pci_intrs:890:config:type	msix
pci_intrs:891:config:cpu	1010
pci_intrs:891:config:name	ixgbe9
pci_intrs:891:config:pil	6
pci_intrs:891:config:type	msix
pci_intrs:892:config:cpu	1018
pci_intrs:892:config:name	ixgbe9
pci_intrs:892:config:pil	6
pci_intrs:892:config:type	msix
pci_intrs:893:config:cpu	939
pci_intrs:893:config:name	ixgbe9
pci_intrs:893:config:pil	6
pci_intrs:893:config:type	msix
pci_intrs:894:config:cpu	946
pci_intrs:894:config:name	ixgbe9
pci_intrs:894:config:pil	6
pci_intrs:894:config:type	msix
pci_intrs:895:config:cpu	955
pci_intrs:895:config:name	ixgbe9
pci_intrs:895:config:pil	6
pci_intrs:895:config:type	msix
pci_intrs:896:config:cpu	963
pci_intrs:896:config:name	ixgbe9
pci_intrs:896:config:pil	6
pci_intrs:896:config:type	msix
pci_intrs:897:config:cpu	971
pci_intrs:897:config:name	ixgbe9
pci_intrs:897:config:pil	6
pci_intrs:897:config:type	msix
pci_intrs:898:config:cpu	979
pci_intrs:898:config:name	ixgbe9
pci_intrs:898:config:pil	6
pci_intrs:898:config:type	msix
pci_intrs:899:config:cpu	987
pci_intrs:899:config:name	ixgbe9
pci_intrs:899:config:pil	6
pci_intrs:899:config:type	msix
pci_intrs:900:config:cpu	995
pci_intrs:900:config:name	ixgbe9
pci_intrs:900:config:pil	6
pci_intrs:900:config:type	msix
pci_intrs:901:config:cpu	1003
pci_intrs:901:config:name	ixgbe9
pci_intrs:901:config:pil	6
pci_intrs:901:config:type	msix
pci_intrs:902:config:cpu	1011
pci_intrs:902:config:name	ixgbe9
pci_intrs:902:config:pil	6
pci_intrs:902:config:type	msix
pci_intrs:903:config:cpu	1019
pci_intrs:903:config:name	ixgbe9
pci_intrs:903:config:pil	6
pci_intrs:903:config:type	msix
pci_intrs:904:config:cpu	932
pci_intrs:904:config:name	ixgbe9
pci_intrs:904:config:pil	6
pci_intrs:904:config:type	msix
pci_intrs:905:config:cpu	937
pci_intrs:905:config:name	ixgbe9
pci_intrs:905:config:pil	6
pci_intrs:905:config:type	msix
pci_intrs:906:config:cpu	947
pci_intrs:906:config:name	ixgbe9
pci_intrs:906:config:pil	6
pci_intrs:906:config:type	msix
pci_intrs:910:config:cpu	57
pci_intrs:910:config:name	mpt_sas0
pci_intrs:910:config:pil	5
pci_intrs:910:config:type	msix
pci_intrs:914:config:cpu	73
pci_intrs:914:config:name	mpt_sas0
pci_intrs:914:config:pil	5
pci_intrs:914:config:type	msix
pci_intrs:917:config:cpu	953
pci_intrs:917:config:name	pcieb53
pci_intrs:917:config:pil	9
pci_intrs:917:config:type	msi
pci_intrs:918:config:cpu	896
pci_intrs:918:config:name	pcieb58
pci_intrs:918:config:pil	9
pci_intrs:918:config:type	msi
pci_intrs:921:config:cpu	24
pci_intrs:921:config:name	emlxs0
pci_intrs:921:config:pil	6
pci_intrs:921:config:type	msix
pci_intrs:922:config:cpu	32
pci_intrs:922:config:name	emlxs0
pci_intrs:922:config:pil	6
pci_intrs:922:config:type	msix
pci_intrs:923:config:cpu	40
pci_intrs:923:config:name	emlxs0
pci_intrs:923:config:pil	6
pci_intrs:923:config:type	msix
pci_intrs:924:config:cpu	48
pci_intrs:924:config:name	emlxs0
pci_intrs:924:config:pil	6
pci_intrs:924:config:type	msix
pci_intrs:925:config:cpu	64
pci_intrs:925:config:name	emlxs0
pci_intrs:925:config:pil	6
pci_intrs:925:config:type	msix
pci_intrs:926:config:cpu	56
pci_intrs:926:config:name	emlxs0
pci_intrs:926:config:pil	6
pci_intrs:926:config:type	msix
pci_intrs:927:config:cpu	80
pci_intrs:927:config:name	emlxs0
pci_intrs:927:config:pil	6
pci_intrs:927:config:type	msix
pci_intrs:928:config:cpu	88
pci_intrs:928:config:name	emlxs1
pci_intrs:928:config:pil	6
pci_intrs:928:config:type	msix
pci_intrs:929:config:cpu	96
pci_intrs:929:config:name	emlxs1
pci_intrs:929:config:pil	6
pci_intrs:929:config:type	msix
pci_intrs:930:config:cpu	104
pci_intrs:930:config:name	emlxs1
pci_intrs:930:config:pil	6
pci_intrs:930:config:type	msix
pci_intrs:931:config:cpu	112
pci_intrs:931:config:name	emlxs1
pci_intrs:931:config:pil	6
pci_intrs:931:config:type	msix
pci_intrs:932:config:cpu	120
pci_intrs:932:config:name	emlxs1
pci_intrs:932:config:pil	6
pci_intrs:932:config:type	msix
pci_intrs:935:config:cpu	25
pci_intrs:935:config:name	emlxs1
pci_intrs:935:config:pil	6
pci_intrs:935:config:type	msix
pci_intrs:936:config:cpu	369
pci_intrs:936:config:name	emlxs2
pci_intrs:936:config:pil	6
pci_intrs:936:config:type	msix
pci_intrs:949:config:cpu	360
pci_intrs:949:config:name	emlxs3
pci_intrs:949:config:pil	6
pci_intrs:949:config:type	msix
pci_intrs:950:config:cpu	368
pci_intrs:950:config:name	emlxs3
pci_intrs:950:config:pil	6
pci_intrs:950:config:type	msix
pci_intrs:951:config:cpu	376
pci_intrs:951:config:name	emlxs3
pci_intrs:951:config:pil	6
pci_intrs:951:config:type	msix
pci_intrs:952:config:cpu	401
pci_intrs:952:config:name	pcieb25
pci_intrs:952:config:pil	9
pci_intrs:952:config:type	msi
pci_intrs:953:config:cpu	384
pci_intrs:953:config:name	emlxs4
pci_intrs:953:config:pil	6
pci_intrs:953:config:type	msix
pci_intrs:954:config:cpu	392
pci_intrs:954:config:name	emlxs4
pci_intrs:954:config:pil	6
pci_intrs:954:config:type	msix
pci_intrs:955:config:cpu	400
pci_intrs:955:config:name	emlxs4
pci_intrs:955:config:pil	6
pci_intrs:955:config:type	msix
pci_intrs:956:config:cpu	408
pci_intrs:956:config:name	emlxs4
pci_intrs:956:config:pil	6
pci_intrs:956:config:type	msix
pci_intrs:957:config:cpu	416
pci_intrs:957:config:name	emlxs4
pci_intrs:957:config:pil	6
pci_intrs:957:config:type	msix
pci_intrs:958:config:cpu	424
pci_intrs:958:config:name	emlxs4
pci_intrs:958:config:pil	6
pci_intrs:958:config:type	msix
pci_intrs:959:config:cpu	432
pci_intrs:959:config:name	emlxs4
pci_intrs:959:config:pil	6
pci_intrs:959:config:type	msix
pci_intrs:960:config:cpu	440
pci_intrs:960:config:name	emlxs4
pci_intrs:960:config:pil	6
pci_intrs:960:config:type	msix
pci_intrs:961:config:cpu	448
pci_intrs:961:config:name	emlxs5
pci_intrs:961:config:pil	6
pci_intrs:961:config:type	msix
pci_intrs:962:config:cpu	456
pci_intrs:962:config:name	emlxs5
pci_intrs:962:config:pil	6
pci_intrs:962:config:type	msix
pci_intrs:963:config:cpu	464
pci_intrs:963:config:name	emlxs5
pci_intrs:963:config:pil	6
pci_intrs:963:config:type	msix
pci_intrs:964:config:cpu	472
pci_intrs:964:config:name	emlxs5
pci_intrs:964:config:pil	6
pci_intrs:964:config:type	msix
pci_intrs:965:config:cpu	480
pci_intrs:965:config:name	emlxs5
pci_intrs:965:config:pil	6
pci_intrs:965:config:type	msix
pci_intrs:966:config:cpu	488
pci_intrs:966:config:name	emlxs5
pci_intrs:966:config:pil	6
pci_intrs:966:config:type	msix
pci_intrs:967:config:cpu	496
pci_intrs:967:config:name	emlxs5
pci_intrs:967:config:pil	6
pci_intrs:967:config:type	msix
pci_intrs:968:config:cpu	504
pci_intrs:968:config:name	emlxs5
pci_intrs:968:config:pil	6
pci_intrs:968:config:type	msix
pci_intrs:969:config:cpu	657
pci_intrs:969:config:name	pcieb37
pci_intrs:969:config:pil	9
pci_intrs:969:config:type	msi
pci_intrs:970:config:cpu	640
pci_intrs:970:config:name	emlxs6
pci_intrs:970:config:pil	6
pci_intrs:970:config:type	msix
pci_intrs:971:config:cpu	648
pci_intrs:971:config:name	emlxs6
pci_intrs:971:config:pil	6
pci_intrs:971:config:type	msix
pci_intrs:972:config:cpu	656
pci_intrs:972:config:name	emlxs6
pci_intrs:972:config:pil	6
pci_intrs:972:config:type	msix
pci_intrs:973:config:cpu	664
pci_intrs:973:config:name	emlxs6
pci_intrs:973:config:pil	6
pci_intrs:973:config:type	msix
pci_intrs:974:config:cpu	672
pci_intrs:974:config:name	emlxs6
pci_intrs:974:config:pil	6
pci_intrs:974:config:type	msix
pci_intrs:975:config:cpu	680
pci_intrs:975:config:name	emlxs6
pci_intrs:975:config:pil	6
pci_intrs:975:config:type	msix
pci_intrs:976:config:cpu	688
pci_intrs:976:config:name	emlxs6
pci_intrs:976:config:pil	6
pci_intrs:976:config:type	msix
pci_intrs:977:config:cpu	696
pci_intrs:977:config:name	emlxs6
pci_intrs:977:config:pil	6
pci_intrs:977:config:type	msix
pci_intrs:978:config:cpu	704
pci_intrs:978:config:name	emlxs7
pci_intrs:978:config:pil	6
pci_intrs:978:config:type	msix
pci_intrs:979:config:cpu	712
pci_intrs:979:config:name	emlxs7
pci_intrs:979:config:pil	6
pci_intrs:979:config:type	msix
pci_intrs:980:config:cpu	720
pci_intrs:980:config:name	emlxs7
pci_intrs:980:config:pil	6
pci_intrs:980:config:type	msix
pci_intrs:981:config:cpu	728
pci_intrs:981:config:name	emlxs7
pci_intrs:981:config:pil	6
pci_intrs:981:config:type	msix
pci_intrs:982:config:cpu	736
pci_intrs:982:config:name	emlxs7
pci_intrs:982:config:pil	6
pci_intrs:982:config:type	msix
pci_intrs:983:config:cpu	744
pci_intrs:983:config:name	emlxs7
pci_intrs:983:config:pil	6
pci_intrs:983:config:type	msix
pci_intrs:984:config:cpu	752
pci_intrs:984:config:name	emlxs7
pci_intrs:984:config:pil	6
pci_intrs:984:config:type	msix
pci_intrs:985:config:cpu	760
pci_intrs:985:config:name	emlxs7
pci_intrs:985:config:pil	6
pci_intrs:985:config:type	msix
pci_intrs:986:config:cpu	904
pci_intrs:986:config:name	pcieb49
pci_intrs:986:config:pil	9
pci_intrs:986:config:type	msi
pci_intrs:987:config:cpu	964
pci_intrs:987:config:name	emlxs8
pci_intrs:987:config:pil	6
pci_intrs:987:config:type	msix
pci_intrs:988:config:cpu	920
pci_intrs:988:config:name	emlxs8
pci_intrs:988:config:pil	6
pci_intrs:988:config:type	msix
pci_intrs:989:config:cpu	928
pci_intrs:989:config:name	emlxs8
pci_intrs:989:config:pil	6
pci_intrs:989:config:type	msix
pci_intrs:990:config:cpu	936
pci_intrs:990:config:name	emlxs8
pci_intrs:990:config:pil	6
pci_intrs:990:config:type	msix
pci_intrs:991:config:cpu	944
pci_intrs:991:config:name	emlxs8
pci_intrs:991:config:pil	6
pci_intrs:991:config:type	msix
pci_intrs:992:config:cpu	952
pci_intrs:992:config:name	emlxs8
pci_intrs:992:config:pil	6
pci_intrs:992:config:type	msix
pci_intrs:993:config:cpu	960
pci_intrs:993:config:name	emlxs8
pci_intrs:993:config:pil	6
pci_intrs:993:config:type	msix
pci_intrs:994:config:cpu	968
pci_intrs:994:config:name	emlxs8
pci_intrs:994:config:pil	6
pci_intrs:994:config:type	msix
pci_intrs:995:config:cpu	976
pci_intrs:995:config:name	emlxs9
pci_intrs:995:config:pil	6
pci_intrs:995:config:type	msix
pci_intrs:996:config:cpu	984
pci_intrs:996:config:name	emlxs9
pci_intrs:996:config:pil	6
pci_intrs:996:config:type	msix
pci_intrs:997:config:cpu	992
pci_intrs:997:config:name	emlxs9
pci_intrs:997:config:pil	6
pci_intrs:997:config:type	msix
pci_intrs:998:config:cpu	1000
pci_intrs:998:config:name	emlxs9
pci_intrs:998:config:pil	6
pci_intrs:998:config:type	msix
pci_intrs:999:config:cpu	1008
pci_intrs:999:config:name	emlxs9
pci_intrs:999:config:pil	6
pci_intrs:999:config:type	msix
pci_intrs:1000:config:cpu	1016
pci_intrs:1000:config:name	emlxs9
pci_intrs:1000:config:pil	6
pci_intrs:1000:config:type	msix
pci_intrs:1001:config:cpu	897
pci_intrs:1001:config:name	emlxs9
pci_intrs:1001:config:pil	6
pci_intrs:1001:config:type	msix
pci_intrs:1002:config:cpu	905
pci_intrs:1002:config:name	emlxs9
pci_intrs:1002:config:pil	6
pci_intrs:1002:config:type	msix
pci_intrs:1003:config:cpu	914
pci_intrs:1003:config:name	pcieb57
pci_intrs:1003:config:pil	9
pci_intrs:1003:config:type	msi
pci_intrs:1004:config:cpu	33
pci_intrs:1004:config:name	pcieb3
pci_intrs:1004:config:pil	9
pci_intrs:1004:config:type	msi
pci_intrs:1005:config:cpu	41
pci_intrs:1005:config:name	pcieb5
pci_intrs:1005:config:pil	9
pci_intrs:1005:config:type	msi
pci_intrs:1006:config:cpu	49
pci_intrs:1006:config:name	pcieb6
pci_intrs:1006:config:pil	9
pci_intrs:1006:config:type	msi
pci_intrs:1007:config:cpu	259
pci_intrs:1007:config:name	emlxs2
pci_intrs:1007:config:pil	6
pci_intrs:1007:config:type	msix
pci_intrs:1008:config:cpu	266
pci_intrs:1008:config:name	pcieb22
pci_intrs:1008:config:pil	9
pci_intrs:1008:config:type	msi
pci_intrs:1009:config:cpu	267
pci_intrs:1009:config:name	emlxs2
pci_intrs:1009:config:pil	6
pci_intrs:1009:config:type	msix
pci_intrs:1010:config:cpu	274
pci_intrs:1010:config:name	igb0
pci_intrs:1010:config:pil	6
pci_intrs:1010:config:type	msix
pci_intrs:1011:config:cpu	275
pci_intrs:1011:config:name	emlxs2
pci_intrs:1011:config:pil	6
pci_intrs:1011:config:type	msix
pci_intrs:1012:config:cpu	283
pci_intrs:1012:config:name	emlxs2
pci_intrs:1012:config:pil	6
pci_intrs:1012:config:type	msix
pci_intrs:1013:config:cpu	291
pci_intrs:1013:config:name	emlxs2
pci_intrs:1013:config:pil	6
pci_intrs:1013:config:type	msix
pci_intrs:1014:config:cpu	298
pci_intrs:1014:config:name	igb1
pci_intrs:1014:config:pil	6
pci_intrs:1014:config:type	msix
pci_intrs:1015:config:cpu	299
pci_intrs:1015:config:name	emlxs2
pci_intrs:1015:config:pil	6
pci_intrs:1015:config:type	msix
pci_intrs:1016:config:cpu	307
pci_intrs:1016:config:name	emlxs2
pci_intrs:1016:config:pil	6
pci_intrs:1016:config:type	msix
pci_intrs:1017:config:cpu	315
pci_intrs:1017:config:name	emlxs3
pci_intrs:1017:config:pil	6
pci_intrs:1017:config:type	msix
pci_intrs:1018:config:cpu	322
pci_intrs:1018:config:name	igb2
pci_intrs:1018:config:pil	6
pci_intrs:1018:config:type	msix
pci_intrs:1019:config:cpu	323
pci_intrs:1019:config:name	emlxs3
pci_intrs:1019:config:pil	6
pci_intrs:1019:config:type	msix
pci_intrs:1020:config:cpu	331
pci_intrs:1020:config:name	emlxs3
pci_intrs:1020:config:pil	6
pci_intrs:1020:config:type	msix
pci_intrs:1021:config:cpu	339
pci_intrs:1021:config:name	emlxs3
pci_intrs:1021:config:pil	6
pci_intrs:1021:config:type	msix
pci_intrs:1022:config:cpu	346
pci_intrs:1022:config:name	igb3
pci_intrs:1022:config:pil	6
pci_intrs:1022:config:type	msix
pci_intrs:1023:config:cpu	347
pci_intrs:1023:config:name	emlxs3
pci_intrs:1023:config:pil	6
pci_intrs:1023:config:type	msix
pci_intrs:1026:config:cpu	56
pci_intrs:1026:config:name	pcieb2
pci_intrs:1026:config:pil	9
pci_intrs:1026:config:type	msi
pci_intrs:1035:config:cpu	65
pci_intrs:1035:config:name	pcieb7
pci_intrs:1035:config:pil	9
pci_intrs:1035:config:type	msi
pci_intrs:1036:config:cpu	72
pci_intrs:1036:config:name	emlxs1
pci_intrs:1036:config:pil	6
pci_intrs:1036:config:type	msix
pci_intrs:1037:config:cpu	81
pci_intrs:1037:config:name	ixgbe0
pci_intrs:1037:config:pil	6
pci_intrs:1037:config:type	msix
pci_intrs:1038:config:cpu	89
pci_intrs:1038:config:name	ixgbe1
pci_intrs:1038:config:pil	6
pci_intrs:1038:config:type	msix
pci_intrs:1050:config:cpu	100
pci_intrs:1050:config:name	pcieb10
pci_intrs:1050:config:pil	9
pci_intrs:1050:config:type	msi
pci_intrs:1051:config:cpu	108
pci_intrs:1051:config:name	emlxs0
pci_intrs:1051:config:pil	6
pci_intrs:1051:config:type	msix
pci_intrs:1052:config:cpu	116
pci_intrs:1052:config:name	emlxs1
pci_intrs:1052:config:pil	6
pci_intrs:1052:config:type	msix
pci_intrs:1053:config:cpu	121
pci_intrs:1053:config:name	ixgbe0
pci_intrs:1053:config:pil	6
pci_intrs:1053:config:type	msix
pci_intrs:1054:config:cpu	3
pci_intrs:1054:config:name	ixgbe1
pci_intrs:1054:config:pil	6
pci_intrs:1054:config:type	msix
pci_intrs:1055:config:cpu	284
pci_intrs:1055:config:name	igb0
pci_intrs:1055:config:pil	6
pci_intrs:1055:config:type	msix
pci_intrs:1056:config:cpu	292
pci_intrs:1056:config:name	igb0
pci_intrs:1056:config:pil	6
pci_intrs:1056:config:type	msix
pci_intrs:1057:config:cpu	308
pci_intrs:1057:config:name	igb1
pci_intrs:1057:config:pil	6
pci_intrs:1057:config:type	msix
pci_intrs:1058:config:cpu	316
pci_intrs:1058:config:name	igb1
pci_intrs:1058:config:pil	6
pci_intrs:1058:config:type	msix
pci_intrs:1059:config:cpu	332
pci_intrs:1059:config:name	igb2
pci_intrs:1059:config:pil	6
pci_intrs:1059:config:type	msix
pci_intrs:1060:config:cpu	340
pci_intrs:1060:config:name	igb2
pci_intrs:1060:config:pil	6
pci_intrs:1060:config:type	msix
pci_intrs:1061:config:cpu	355
pci_intrs:1061:config:name	igb3
pci_intrs:1061:config:pil	6
pci_intrs:1061:config:type	msix
pci_intrs:1062:config:cpu	361
pci_intrs:1062:config:name	igb3
pci_intrs:1062:config:pil	6
pci_intrs:1062:config:type	msix
