
PX#/Device       Type    MSG #   State INO    EQ Share    Pil    CPU Core chip
 0/px#0          PCIe      27    enbl  0x3d  0x37    1    1        0   0  0
 0/px#0          PCIe      51    enbl  0x3c  0x36    1    9        0   0  0
 0/px#0          PCIe      49    enbl  0x3b  0x35    1    9        0   0  0
 0/px#0          PCIe      48    enbl  0x3a  0x34    1    9        0   0  0
 0/pcieb#3       MSI        2    enbl  0x39  0x33    1    9       33   4  0
 0/ixgbe#1       MSI-X    468    enbl  0x36  0x30    1    6        3   0  0
 0/ixgbe#1       MSI-X    471    enbl  0x35  0x2f    1    6      123  15  0
 0/ixgbe#1       MSI-X    472    enbl  0x34  0x2e    1    6      115  14  0
 0/ixgbe#1       MSI-X    473    enbl  0x33  0x2d    1    6      107  13  0
 0/ixgbe#1       MSI-X    474    enbl  0x32  0x2c    1    6       99  12  0
 0/ixgbe#1       MSI-X    475    enbl  0x31  0x2b    1    6       91  11  0
 0/ixgbe#1       MSI-X    476    enbl  0x30  0x2a    1    6       83  10  0
 0/ixgbe#1       MSI-X    477    enbl  0x2f  0x29    1    6       75   9  0
 0/ixgbe#1       MSI-X    478    enbl  0x2e  0x28    1    6       67   8  0
 0/ixgbe#1       MSI-X    479    enbl  0x2d  0x27    1    6       59   7  0
 0/ixgbe#1       MSI-X    464    enbl  0x2c  0x26    1    6       51   6  0
 0/ixgbe#0       MSI-X    480    enbl  0x2b  0x25    1    6       43   5  0
 0/ixgbe#1       MSI-X    466    enbl  0x2a  0x24    1    6       36   4  0
 0/ixgbe#1       MSI-X    467    enbl  0x29  0x23    1    6       28   3  0
 0/ixgbe#0       MSI-X    493    enbl  0x26  0x20    1    6        2   0  0
 0/ixgbe#0       MSI-X    486    enbl  0x25  0x1f    1    6      122  15  0
 0/ixgbe#0       MSI-X    487    enbl  0x24  0x1e    1    6      114  14  0
 0/ixgbe#0       MSI-X    488    enbl  0x23  0x1d    1    6      106  13  0
 0/ixgbe#0       MSI-X    489    enbl  0x22  0x1c    1    6       98  12  0
 0/ixgbe#0       MSI-X    490    enbl  0x21  0x1b    1    6       90  11  0
 0/ixgbe#0       MSI-X    491    enbl  0x20  0x1a    1    6       82  10  0
 0/ixgbe#0       MSI-X    492    enbl  0x1f  0x19    1    6       74   9  0
 0/mpt_sas#0     MSI-X    496    enbl  0x1e  0x18    1    5       66   8  0
 0/mpt_sas#0     MSI-X    497    enbl  0x1d  0x17    1    5       58   7  0
 0/mpt_sas#0     MSI-X    498    enbl  0x1c  0x16    1    5       50   6  0
 0/mpt_sas#0     MSI-X    499    enbl  0x1b  0x15    1    5       42   5  0
 0/ixgbe#0       MSI-X    481    enbl  0x1a  0x14    1    6       35   4  0
 0/ixgbe#0       MSI-X    482    enbl  0x19  0x13    1    6       27   3  0
 0/ixgbe#0       MSI-X    494    enbl  0x16  0x10    2    6        1   0  0
 0/ixgbe#1       MSI-X    470    enbl  0x16  0x10    2    6        1   0  0
 0/ixgbe#0       MSI-X    483    enbl  0x15  0x0f    2    6      121  15  0
 0/mpt_sas#0     MSI-X    504    enbl  0x15  0x0f    2    5      121  15  0
 0/mpt_sas#0     MSI-X    505    enbl  0x14  0x0e    1    5      113  14  0
 0/mpt_sas#0     MSI-X    506    enbl  0x13  0x0d    1    5      105  13  0
 0/mpt_sas#0     MSI-X    507    enbl  0x12  0x0c    1    5       97  12  0
 0/ixgbe#1       MSI-X    469    enbl  0x11  0x0b    2    6       89  11  0
 0/mpt_sas#0     MSI-X    508    enbl  0x11  0x0b    2    5       89  11  0
 0/ixgbe#0       MSI-X    484    enbl  0x10  0x0a    2    6       81  10  0
 0/mpt_sas#0     MSI-X    509    enbl  0x10  0x0a    2    5       81  10  0
 0/mpt_sas#0     MSI-X    510    enbl  0x0f  0x09    2    5       73   9  0
 0/mpt_sas#0     MSI-X    502    enbl  0x0f  0x09    2    5       73   9  0
 0/pcieb#7       MSI        1    enbl  0x0e  0x08    2    9       65   8  0
 0/mpt_sas#0     MSI-X    511    enbl  0x0e  0x08    2    5       65   8  0
 0/mpt_sas#0     MSI-X    503    enbl  0x0d  0x07    1    5       57   7  0
 0/xhci#0        MSI-X    463    enbl  0x0c  0x06    2    9       49   6  0
 0/pcieb#6       MSI        4    enbl  0x0c  0x06    2    9       49   6  0
 0/pcieb#5       MSI        3    enbl  0x0b  0x05    2    9       41   5  0
 0/ixgbe#1       MSI-X    465    enbl  0x0b  0x05    2    6       41   5  0
 0/mpt_sas#0     MSI-X    500    enbl  0x0a  0x04    1    5       34   4  0
 0/mpt_sas#0     MSI-X    501    enbl  0x09  0x03    1    5       26   3  0
 0/pcieb#2       MSI        0    enbl  0x07  0x01    1    9       56   7  0
 0/ixgbe#0       MSI-X    495    enbl  0x06  0x00    2    6        0   0  0
 0/ixgbe#0       MSI-X    485    enbl  0x06  0x00    2    6        0   0  0
 1/px#1          PCIe      27    enbl  0x3d  0x37    1    1        0   0  0
 1/px#1          PCIe      51    enbl  0x3c  0x36    1    9        0   0  0
 1/px#1          PCIe      49    enbl  0x3b  0x35    1    9        0   0  0
 1/px#1          PCIe      48    enbl  0x3a  0x34    1    9        0   0  0
 1/emlxs#1       MSI-X    497    enbl  0x24  0x1e    1    6      116  14  0
 1/emlxs#0       MSI-X    511    enbl  0x23  0x1d    1    6      108  13  0
 1/pcieb#10      MSI        0    enbl  0x22  0x1c    1    9      100  12  0
 1/emlxs#1       MSI-X    496    enbl  0x19  0x13    1    6       25   3  0
 1/emlxs#1       MSI-X    499    enbl  0x15  0x0f    1    6      120  15  0
 1/emlxs#1       MSI-X    500    enbl  0x14  0x0e    1    6      112  14  0
 1/emlxs#1       MSI-X    501    enbl  0x13  0x0d    1    6      104  13  0
 1/emlxs#1       MSI-X    502    enbl  0x12  0x0c    1    6       96  12  0
 1/emlxs#1       MSI-X    503    enbl  0x11  0x0b    1    6       88  11  0
 1/emlxs#0       MSI-X    504    enbl  0x10  0x0a    1    6       80  10  0
 1/emlxs#1       MSI-X    498    enbl  0x0f  0x09    1    6       72   9  0
 1/emlxs#0       MSI-X    506    enbl  0x0e  0x08    1    6       64   8  0
 1/emlxs#0       MSI-X    505    enbl  0x0d  0x07    1    6       56   7  0
 1/emlxs#0       MSI-X    507    enbl  0x0c  0x06    1    6       48   6  0
 1/emlxs#0       MSI-X    508    enbl  0x0b  0x05    1    6       40   5  0
 1/emlxs#0       MSI-X    509    enbl  0x0a  0x04    1    6       32   4  0
 1/emlxs#0       MSI-X    510    enbl  0x09  0x03    1    6       24   3  0
 2/px#2          PCIe      27    enbl  0x3d  0x37    1    1        0   0  0
 2/px#2          PCIe      51    enbl  0x3c  0x36    1    9        0   0  0
 2/px#2          PCIe      49    enbl  0x3b  0x35    1    9        0   0  0
 2/px#2          PCIe      48    enbl  0x3a  0x34    1    9        0   0  0
 2/ixgbe#3       MSI-X    480    enbl  0x27  0x21    1    6      139   1  1
 2/ixgbe#3       MSI-X    481    enbl  0x26  0x20    1    6      130   0  1
 2/ixgbe#3       MSI-X    482    enbl  0x25  0x1f    1    6      250  15  1
 2/ixgbe#3       MSI-X    483    enbl  0x24  0x1e    1    6      242  14  1
 2/ixgbe#3       MSI-X    484    enbl  0x23  0x1d    1    6      234  13  1
 2/ixgbe#3       MSI-X    485    enbl  0x22  0x1c    1    6      226  12  1
 2/ixgbe#3       MSI-X    486    enbl  0x21  0x1b    1    6      218  11  1
 2/ixgbe#3       MSI-X    487    enbl  0x20  0x1a    1    6      210  10  1
 2/ixgbe#3       MSI-X    488    enbl  0x1f  0x19    1    6      202   9  1
 2/ixgbe#3       MSI-X    489    enbl  0x1e  0x18    1    6      194   8  1
 2/ixgbe#3       MSI-X    490    enbl  0x1d  0x17    1    6      186   7  1
 2/ixgbe#3       MSI-X    491    enbl  0x1c  0x16    1    6      178   6  1
 2/ixgbe#3       MSI-X    492    enbl  0x1b  0x15    1    6      170   5  1
 2/ixgbe#3       MSI-X    493    enbl  0x1a  0x14    1    6      162   4  1
 2/ixgbe#3       MSI-X    494    enbl  0x19  0x13    1    6      154   3  1
 2/ixgbe#2       MSI-X    496    enbl  0x17  0x11    1    6      138   1  1
 2/ixgbe#2       MSI-X    497    enbl  0x16  0x10    1    6      129   0  1
 2/ixgbe#2       MSI-X    498    enbl  0x15  0x0f    1    6      249  15  1
 2/ixgbe#2       MSI-X    499    enbl  0x14  0x0e    1    6      241  14  1
 2/ixgbe#2       MSI-X    500    enbl  0x13  0x0d    1    6      233  13  1
 2/ixgbe#2       MSI-X    501    enbl  0x12  0x0c    1    6      225  12  1
 2/ixgbe#2       MSI-X    502    enbl  0x11  0x0b    1    6      217  11  1
 2/ixgbe#2       MSI-X    503    enbl  0x10  0x0a    1    6      209  10  1
 2/ixgbe#2       MSI-X    504    enbl  0x0f  0x09    1    6      201   9  1
 2/ixgbe#2       MSI-X    505    enbl  0x0e  0x08    1    6      193   8  1
 2/ixgbe#2       MSI-X    506    enbl  0x0d  0x07    1    6      185   7  1
 2/ixgbe#2       MSI-X    507    enbl  0x0c  0x06    1    6      177   6  1
 2/ixgbe#2       MSI-X    508    enbl  0x0b  0x05    1    6      169   5  1
 2/ixgbe#2       MSI-X    509    enbl  0x0a  0x04    1    6      161   4  1
 2/ixgbe#2       MSI-X    510    enbl  0x09  0x03    1    6      153   3  1
 2/ixgbe#3       MSI-X    495    enbl  0x08  0x02    1    6      145   2  1
 2/pcieb#13      MSI        0    enbl  0x07  0x01    1    9      136   1  1
 2/ixgbe#2       MSI-X    511    enbl  0x06  0x00    1    6      128   0  1
 3/px#3          PCIe      27    enbl  0x3d  0x37    1    1        0   0  0
 3/px#3          PCIe      51    enbl  0x3c  0x36    1    9        0   0  0
 3/px#3          PCIe      49    enbl  0x3b  0x35    1    9        0   0  0
 3/px#3          PCIe      48    enbl  0x3a  0x34    1    9        0   0  0
 3/pcieb#16      MSI        0    enbl  0x08  0x02    1    9      144   2  1
 4/px#4          PCIe      27    enbl  0x3d  0x37    1    1        0   0  0
 4/px#4          PCIe      51    enbl  0x3c  0x36    1    9        0   0  0
 4/px#4          PCIe      49    enbl  0x3b  0x35    1    9        0   0  0
 4/px#4          PCIe      48    enbl  0x3a  0x34    1    9        0   0  0
 4/emlxs#2       MSI-X    511    enbl  0x24  0x1e    1    6      369  14  2
 4/pcieb#19      MSI        0    enbl  0x16  0x10    1    9      258   0  2
 4/emlxs#3       MSI-X    496    enbl  0x15  0x0f    1    6      376  15  2
 4/emlxs#3       MSI-X    497    enbl  0x14  0x0e    1    6      368  14  2
 4/emlxs#3       MSI-X    498    enbl  0x13  0x0d    1    6      360  13  2
 4/emlxs#3       MSI-X    499    enbl  0x11  0x0b    1    6      347  11  2
 4/emlxs#3       MSI-X    500    enbl  0x10  0x0a    1    6      339  10  2
 4/emlxs#3       MSI-X    501    enbl  0x0f  0x09    1    6      331   9  2
 4/emlxs#3       MSI-X    502    enbl  0x0e  0x08    1    6      323   8  2
 4/emlxs#3       MSI-X    503    enbl  0x0d  0x07    1    6      315   7  2
 4/emlxs#2       MSI-X    504    enbl  0x0c  0x06    1    6      307   6  2
 4/emlxs#2       MSI-X    505    enbl  0x0b  0x05    1    6      299   5  2
 4/emlxs#2       MSI-X    506    enbl  0x0a  0x04    1    6      291   4  2
 4/emlxs#2       MSI-X    507    enbl  0x09  0x03    1    6      283   3  2
 4/emlxs#2       MSI-X    508    enbl  0x08  0x02    1    6      275   2  2
 4/emlxs#2       MSI-X    509    enbl  0x07  0x01    1    6      267   1  2
 4/emlxs#2       MSI-X    510    enbl  0x06  0x00    1    6      259   0  2
 5/px#5          PCIe      27    enbl  0x3d  0x37    1    1        0   0  0
 5/px#5          PCIe      51    enbl  0x3c  0x36    1    9        0   0  0
 5/px#5          PCIe      49    enbl  0x3b  0x35    1    9        0   0  0
 5/px#5          PCIe      48    enbl  0x3a  0x34    1    9        0   0  0
 5/igb#3         MSI-X    500    enbl  0x13  0x0d    1    6      361  13  2
 5/igb#3         MSI-X    501    enbl  0x12  0x0c    1    6      355  12  2
 5/igb#3         MSI-X    502    enbl  0x11  0x0b    1    6      346  11  2
 5/igb#2         MSI-X    503    enbl  0x10  0x0a    1    6      340  10  2
 5/igb#2         MSI-X    504    enbl  0x0f  0x09    1    6      332   9  2
 5/igb#2         MSI-X    505    enbl  0x0e  0x08    1    6      322   8  2
 5/igb#1         MSI-X    506    enbl  0x0d  0x07    1    6      316   7  2
 5/igb#1         MSI-X    507    enbl  0x0c  0x06    1    6      308   6  2
 5/igb#1         MSI-X    508    enbl  0x0b  0x05    1    6      298   5  2
 5/igb#0         MSI-X    509    enbl  0x0a  0x04    1    6      292   4  2
 5/igb#0         MSI-X    510    enbl  0x09  0x03    1    6      284   3  2
 5/igb#0         MSI-X    511    enbl  0x08  0x02    1    6      274   2  2
 5/pcieb#22      MSI        0    enbl  0x07  0x01    1    9      266   1  2
 6/px#6          PCIe      27    enbl  0x3d  0x37    1    1        0   0  0
 6/px#6          PCIe      51    enbl  0x3c  0x36    1    9        0   0  0
 6/px#6          PCIe      49    enbl  0x3b  0x35    1    9        0   0  0
 6/px#6          PCIe      48    enbl  0x3a  0x34    1    9        0   0  0
 6/pcieb#25      MSI        0    enbl  0x18  0x12    1    9      401   2  3
 6/emlxs#5       MSI-X    496    enbl  0x15  0x0f    1    6      504  15  3
 6/emlxs#5       MSI-X    497    enbl  0x14  0x0e    1    6      496  14  3
 6/emlxs#5       MSI-X    498    enbl  0x13  0x0d    1    6      488  13  3
 6/emlxs#5       MSI-X    499    enbl  0x12  0x0c    1    6      480  12  3
 6/emlxs#5       MSI-X    500    enbl  0x11  0x0b    1    6      472  11  3
 6/emlxs#5       MSI-X    501    enbl  0x10  0x0a    1    6      464  10  3
 6/emlxs#5       MSI-X    502    enbl  0x0f  0x09    1    6      456   9  3
 6/emlxs#5       MSI-X    503    enbl  0x0e  0x08    1    6      448   8  3
 6/emlxs#4       MSI-X    504    enbl  0x0d  0x07    1    6      440   7  3
 6/emlxs#4       MSI-X    505    enbl  0x0c  0x06    1    6      432   6  3
 6/emlxs#4       MSI-X    506    enbl  0x0b  0x05    1    6      424   5  3
 6/emlxs#4       MSI-X    507    enbl  0x0a  0x04    1    6      416   4  3
 6/emlxs#4       MSI-X    508    enbl  0x09  0x03    1    6      408   3  3
 6/emlxs#4       MSI-X    509    enbl  0x08  0x02    1    6      400   2  3
 6/emlxs#4       MSI-X    510    enbl  0x07  0x01    1    6      392   1  3
 6/emlxs#4       MSI-X    511    enbl  0x06  0x00    1    6      384   0  3
 7/px#7          PCIe      27    enbl  0x3d  0x37    1    1        0   0  0
 7/px#7          PCIe      51    enbl  0x3c  0x36    1    9        0   0  0
 7/px#7          PCIe      49    enbl  0x3b  0x35    1    9        0   0  0
 7/px#7          PCIe      48    enbl  0x3a  0x34    1    9        0   0  0
 7/pcieb#28      MSI        0    enbl  0x07  0x01    1    9      393   1  3
 8/px#8          PCIe      27    enbl  0x3d  0x37    1    1        0   0  0
 8/px#8          PCIe      51    enbl  0x3c  0x36    1    9        0   0  0
 8/px#8          PCIe      49    enbl  0x3b  0x35    1    9        0   0  0
 8/px#8          PCIe      48    enbl  0x3a  0x34    1    9        0   0  0
 8/pcieb#31      MSI        0    enbl  0x06  0x00    1    9      512   0  4
 9/px#9          PCIe      27    enbl  0x3d  0x37    1    1        0   0  0
 9/px#9          PCIe      51    enbl  0x3c  0x36    1    9        0   0  0
 9/px#9          PCIe      49    enbl  0x3b  0x35    1    9        0   0  0
 9/px#9          PCIe      48    enbl  0x3a  0x34    1    9        0   0  0
 9/ixgbe#4       MSI-X    480    enbl  0x27  0x21    1    6      521   1  4
 9/ixgbe#4       MSI-X    482    enbl  0x25  0x1f    1    6      632  15  4
 9/ixgbe#4       MSI-X    483    enbl  0x24  0x1e    1    6      624  14  4
 9/ixgbe#4       MSI-X    484    enbl  0x23  0x1d    1    6      616  13  4
 9/ixgbe#4       MSI-X    485    enbl  0x22  0x1c    1    6      608  12  4
 9/ixgbe#4       MSI-X    486    enbl  0x21  0x1b    1    6      600  11  4
 9/ixgbe#4       MSI-X    487    enbl  0x20  0x1a    1    6      592  10  4
 9/ixgbe#4       MSI-X    488    enbl  0x1f  0x19    1    6      584   9  4
 9/ixgbe#4       MSI-X    489    enbl  0x1e  0x18    1    6      576   8  4
 9/ixgbe#4       MSI-X    490    enbl  0x1d  0x17    1    6      568   7  4
 9/ixgbe#4       MSI-X    491    enbl  0x1c  0x16    1    6      560   6  4
 9/ixgbe#4       MSI-X    492    enbl  0x1b  0x15    1    6      552   5  4
 9/ixgbe#4       MSI-X    493    enbl  0x1a  0x14    1    6      544   4  4
 9/ixgbe#4       MSI-X    494    enbl  0x19  0x13    1    6      536   3  4
 9/ixgbe#4       MSI-X    495    enbl  0x18  0x12    1    6      528   2  4
 9/ixgbe#5       MSI-X    496    enbl  0x17  0x11    1    6      523   1  4
 9/ixgbe#4       MSI-X    481    enbl  0x16  0x10    1    6      513   0  4
 9/ixgbe#5       MSI-X    498    enbl  0x15  0x0f    1    6      634  15  4
 9/ixgbe#5       MSI-X    499    enbl  0x14  0x0e    1    6      626  14  4
 9/ixgbe#5       MSI-X    500    enbl  0x13  0x0d    1    6      618  13  4
 9/ixgbe#5       MSI-X    501    enbl  0x12  0x0c    1    6      610  12  4
 9/ixgbe#5       MSI-X    502    enbl  0x11  0x0b    1    6      602  11  4
 9/ixgbe#5       MSI-X    503    enbl  0x10  0x0a    1    6      594  10  4
 9/ixgbe#5       MSI-X    504    enbl  0x0f  0x09    1    6      586   9  4
 9/ixgbe#5       MSI-X    505    enbl  0x0e  0x08    1    6      578   8  4
 9/ixgbe#5       MSI-X    506    enbl  0x0d  0x07    1    6      570   7  4
 9/ixgbe#5       MSI-X    507    enbl  0x0c  0x06    1    6      562   6  4
 9/ixgbe#5       MSI-X    508    enbl  0x0b  0x05    1    6      554   5  4
 9/ixgbe#5       MSI-X    509    enbl  0x0a  0x04    1    6      546   4  4
 9/ixgbe#5       MSI-X    510    enbl  0x09  0x03    1    6      538   3  4
 9/ixgbe#5       MSI-X    511    enbl  0x08  0x02    1    6      530   2  4
 9/pcieb#34      MSI        0    enbl  0x07  0x01    1    9      520   1  4
 9/ixgbe#5       MSI-X    497    enbl  0x06  0x00    1    6      515   0  4
 10/px#10        PCIe      27    enbl  0x3d  0x37    1    1        0   0  0
 10/px#10        PCIe      51    enbl  0x3c  0x36    1    9        0   0  0
 10/px#10        PCIe      49    enbl  0x3b  0x35    1    9        0   0  0
 10/px#10        PCIe      48    enbl  0x3a  0x34    1    9        0   0  0
 10/pcieb#37     MSI        0    enbl  0x18  0x12    1    9      657   2  5
 10/emlxs#7      MSI-X    496    enbl  0x15  0x0f    1    6      760  15  5
 10/emlxs#7      MSI-X    497    enbl  0x14  0x0e    1    6      752  14  5
 10/emlxs#7      MSI-X    498    enbl  0x13  0x0d    1    6      744  13  5
 10/emlxs#7      MSI-X    499    enbl  0x12  0x0c    1    6      736  12  5
 10/emlxs#7      MSI-X    500    enbl  0x11  0x0b    1    6      728  11  5
 10/emlxs#7      MSI-X    501    enbl  0x10  0x0a    1    6      720  10  5
 10/emlxs#7      MSI-X    502    enbl  0x0f  0x09    1    6      712   9  5
 10/emlxs#7      MSI-X    503    enbl  0x0e  0x08    1    6      704   8  5
 10/emlxs#6      MSI-X    504    enbl  0x0d  0x07    1    6      696   7  5
 10/emlxs#6      MSI-X    505    enbl  0x0c  0x06    1    6      688   6  5
 10/emlxs#6      MSI-X    506    enbl  0x0b  0x05    1    6      680   5  5
 10/emlxs#6      MSI-X    507    enbl  0x0a  0x04    1    6      672   4  5
 10/emlxs#6      MSI-X    508    enbl  0x09  0x03    1    6      664   3  5
 10/emlxs#6      MSI-X    509    enbl  0x08  0x02    1    6      656   2  5
 10/emlxs#6      MSI-X    510    enbl  0x07  0x01    1    6      648   1  5
 10/emlxs#6      MSI-X    511    enbl  0x06  0x00    1    6      640   0  5
 11/px#11        PCIe      27    enbl  0x3d  0x37    1    1        0   0  0
 11/px#11        PCIe      51    enbl  0x3c  0x36    1    9        0   0  0
 11/px#11        PCIe      49    enbl  0x3b  0x35    1    9        0   0  0
 11/px#11        PCIe      48    enbl  0x3a  0x34    1    9        0   0  0
 11/pcieb#40     MSI        0    enbl  0x07  0x01    1    9      649   1  5
 12/px#12        PCIe      27    enbl  0x3d  0x37    1    1        0   0  0
 12/px#12        PCIe      51    enbl  0x3c  0x36    1    9        0   0  0
 12/px#12        PCIe      49    enbl  0x3b  0x35    1    9        0   0  0
 12/px#12        PCIe      48    enbl  0x3a  0x34    1    9        0   0  0
 12/pcieb#43     MSI        0    enbl  0x06  0x00    1    9      768   0  6
 13/px#13        PCIe      27    enbl  0x3d  0x37    1    1        0   0  0
 13/px#13        PCIe      51    enbl  0x3c  0x36    1    9        0   0  0
 13/px#13        PCIe      49    enbl  0x3b  0x35    1    9        0   0  0
 13/px#13        PCIe      48    enbl  0x3a  0x34    1    9        0   0  0
 13/ixgbe#7      MSI-X    480    enbl  0x27  0x21    1    6      779   1  6
 13/ixgbe#7      MSI-X    482    enbl  0x25  0x1f    1    6      890  15  6
 13/ixgbe#7      MSI-X    483    enbl  0x24  0x1e    1    6      882  14  6
 13/ixgbe#7      MSI-X    484    enbl  0x23  0x1d    1    6      874  13  6
 13/ixgbe#7      MSI-X    485    enbl  0x22  0x1c    1    6      866  12  6
 13/ixgbe#7      MSI-X    486    enbl  0x21  0x1b    1    6      858  11  6
 13/ixgbe#7      MSI-X    487    enbl  0x20  0x1a    1    6      850  10  6
 13/ixgbe#7      MSI-X    488    enbl  0x1f  0x19    1    6      842   9  6
 13/ixgbe#7      MSI-X    489    enbl  0x1e  0x18    1    6      834   8  6
 13/ixgbe#7      MSI-X    490    enbl  0x1d  0x17    1    6      826   7  6
 13/ixgbe#7      MSI-X    491    enbl  0x1c  0x16    1    6      818   6  6
 13/ixgbe#7      MSI-X    492    enbl  0x1b  0x15    1    6      810   5  6
 13/ixgbe#7      MSI-X    493    enbl  0x1a  0x14    1    6      802   4  6
 13/ixgbe#7      MSI-X    494    enbl  0x19  0x13    1    6      794   3  6
 13/ixgbe#7      MSI-X    495    enbl  0x18  0x12    1    6      786   2  6
 13/ixgbe#6      MSI-X    496    enbl  0x17  0x11    1    6      778   1  6
 13/ixgbe#7      MSI-X    481    enbl  0x16  0x10    1    6      771   0  6
 13/ixgbe#6      MSI-X    498    enbl  0x15  0x0f    1    6      889  15  6
 13/ixgbe#6      MSI-X    499    enbl  0x14  0x0e    1    6      881  14  6
 13/ixgbe#6      MSI-X    500    enbl  0x13  0x0d    1    6      873  13  6
 13/ixgbe#6      MSI-X    501    enbl  0x12  0x0c    1    6      865  12  6
 13/ixgbe#6      MSI-X    502    enbl  0x11  0x0b    1    6      857  11  6
 13/ixgbe#6      MSI-X    503    enbl  0x10  0x0a    1    6      849  10  6
 13/ixgbe#6      MSI-X    504    enbl  0x0f  0x09    1    6      841   9  6
 13/ixgbe#6      MSI-X    505    enbl  0x0e  0x08    1    6      833   8  6
 13/ixgbe#6      MSI-X    506    enbl  0x0d  0x07    1    6      825   7  6
 13/ixgbe#6      MSI-X    507    enbl  0x0c  0x06    1    6      817   6  6
 13/ixgbe#6      MSI-X    508    enbl  0x0b  0x05    1    6      809   5  6
 13/ixgbe#6      MSI-X    509    enbl  0x0a  0x04    1    6      801   4  6
 13/ixgbe#6      MSI-X    510    enbl  0x09  0x03    1    6      793   3  6
 13/ixgbe#6      MSI-X    511    enbl  0x08  0x02    1    6      785   2  6
 13/pcieb#46     MSI        0    enbl  0x07  0x01    1    9      776   1  6
 13/ixgbe#6      MSI-X    497    enbl  0x06  0x00    1    6      770   0  6
 14/px#14        PCIe      27    enbl  0x3d  0x37    1    1        0   0  0
 14/px#14        PCIe      51    enbl  0x3c  0x36    1    9        0   0  0
 14/px#14        PCIe      49    enbl  0x3b  0x35    1    9        0   0  0
 14/px#14        PCIe      48    enbl  0x3a  0x34    1    9        0   0  0
 14/emlxs#8      MSI-X    511    enbl  0x1e  0x18    1    6      964   8  7
 14/pcieb#49     MSI        0    enbl  0x17  0x11    1    9      904   1  7
 14/emlxs#9      MSI-X    498    enbl  0x15  0x0f    1    6      1016  15  7
 14/emlxs#9      MSI-X    499    enbl  0x14  0x0e    1    6      1008  14  7
 14/emlxs#9      MSI-X    500    enbl  0x13  0x0d    1    6      1000  13  7
 14/emlxs#9      MSI-X    501    enbl  0x12  0x0c    1    6      992  12  7
 14/emlxs#9      MSI-X    502    enbl  0x11  0x0b    1    6      984  11  7
 14/emlxs#9      MSI-X    503    enbl  0x10  0x0a    1    6      976  10  7
 14/emlxs#8      MSI-X    504    enbl  0x0f  0x09    1    6      968   9  7
 14/emlxs#8      MSI-X    505    enbl  0x0e  0x08    1    6      960   8  7
 14/emlxs#8      MSI-X    506    enbl  0x0d  0x07    1    6      952   7  7
 14/emlxs#8      MSI-X    507    enbl  0x0c  0x06    1    6      944   6  7
 14/emlxs#8      MSI-X    508    enbl  0x0b  0x05    1    6      936   5  7
 14/emlxs#8      MSI-X    509    enbl  0x0a  0x04    1    6      928   4  7
 14/emlxs#8      MSI-X    510    enbl  0x09  0x03    1    6      920   3  7
 14/emlxs#9      MSI-X    496    enbl  0x07  0x01    1    6      905   1  7
 14/emlxs#9      MSI-X    497    enbl  0x06  0x00    1    6      897   0  7
 15/px#15        PCIe      27    enbl  0x3d  0x37    1    1        0   0  0
 15/px#15        PCIe      51    enbl  0x3c  0x36    1    9        0   0  0
 15/px#15        PCIe      49    enbl  0x3b  0x35    1    9        0   0  0
 15/px#15        PCIe      48    enbl  0x3a  0x34    1    9        0   0  0
 15/ixgbe#9      MSI-X    466    enbl  0x39  0x33    1    6      932   4  7
 15/mpt_sas#1    MSI-X    499    enbl  0x38  0x32    1    5      924   3  7
 15/mpt_sas#1    MSI-X    502    enbl  0x37  0x31    1    5      917   2  7
 15/mpt_sas#1    MSI-X    506    enbl  0x36  0x30    1    5      908   1  7
 15/ixgbe#9      MSI-X    467    enbl  0x35  0x2f    1    6      1019  15  7
 15/ixgbe#9      MSI-X    468    enbl  0x34  0x2e    1    6      1011  14  7
 15/ixgbe#9      MSI-X    469    enbl  0x33  0x2d    1    6      1003  13  7
 15/ixgbe#9      MSI-X    470    enbl  0x32  0x2c    1    6      995  12  7
 15/ixgbe#9      MSI-X    471    enbl  0x31  0x2b    1    6      987  11  7
 15/ixgbe#9      MSI-X    472    enbl  0x30  0x2a    1    6      979  10  7
 15/ixgbe#9      MSI-X    473    enbl  0x2f  0x29    1    6      971   9  7
 15/ixgbe#9      MSI-X    474    enbl  0x2e  0x28    1    6      963   8  7
 15/ixgbe#9      MSI-X    475    enbl  0x2d  0x27    1    6      955   7  7
 15/ixgbe#9      MSI-X    464    enbl  0x2c  0x26    1    6      947   6  7
 15/ixgbe#9      MSI-X    477    enbl  0x2b  0x25    1    6      939   5  7
 15/mpt_sas#1    MSI-X    496    enbl  0x2a  0x24    1    5      931   4  7
 15/mpt_sas#1    MSI-X    500    enbl  0x29  0x23    1    5      923   3  7
 15/mpt_sas#1    MSI-X    503    enbl  0x28  0x22    1    5      916   2  7
 15/mpt_sas#1    MSI-X    507    enbl  0x27  0x21    1    5      907   1  7
 15/mpt_sas#1    MSI-X    510    enbl  0x26  0x20    1    5      899   0  7
 15/ixgbe#9      MSI-X    478    enbl  0x25  0x1f    1    6      1018  15  7
 15/ixgbe#9      MSI-X    479    enbl  0x24  0x1e    1    6      1010  14  7
 15/ixgbe#8      MSI-X    480    enbl  0x23  0x1d    1    6      1002  13  7
 15/ixgbe#8      MSI-X    481    enbl  0x22  0x1c    1    6      994  12  7
 15/ixgbe#8      MSI-X    482    enbl  0x21  0x1b    1    6      986  11  7
 15/ixgbe#8      MSI-X    483    enbl  0x20  0x1a    1    6      978  10  7
 15/ixgbe#8      MSI-X    484    enbl  0x1f  0x19    1    6      970   9  7
 15/ixgbe#8      MSI-X    485    enbl  0x1e  0x18    1    6      962   8  7
 15/ixgbe#8      MSI-X    486    enbl  0x1d  0x17    1    6      954   7  7
 15/ixgbe#9      MSI-X    476    enbl  0x1c  0x16    1    6      946   6  7
 15/ixgbe#8      MSI-X    487    enbl  0x1b  0x15    1    6      938   5  7
 15/mpt_sas#1    MSI-X    497    enbl  0x1a  0x14    1    5      930   4  7
 15/mpt_sas#1    MSI-X    501    enbl  0x19  0x13    1    5      922   3  7
 15/mpt_sas#1    MSI-X    504    enbl  0x18  0x12    1    5      915   2  7
 15/mpt_sas#1    MSI-X    508    enbl  0x17  0x11    1    5      906   1  7
 15/mpt_sas#1    MSI-X    511    enbl  0x16  0x10    1    5      898   0  7
 15/ixgbe#8      MSI-X    488    enbl  0x15  0x0f    1    6      1017  15  7
 15/ixgbe#8      MSI-X    489    enbl  0x14  0x0e    1    6      1009  14  7
 15/ixgbe#8      MSI-X    490    enbl  0x13  0x0d    1    6      1001  13  7
 15/ixgbe#8      MSI-X    491    enbl  0x12  0x0c    1    6      993  12  7
 15/ixgbe#8      MSI-X    492    enbl  0x11  0x0b    1    6      985  11  7
 15/ixgbe#8      MSI-X    493    enbl  0x10  0x0a    1    6      977  10  7
 15/ixgbe#8      MSI-X    494    enbl  0x0f  0x09    1    6      969   9  7
 15/ixgbe#8      MSI-X    495    enbl  0x0e  0x08    1    6      961   8  7
 15/pcieb#56     MSI        5    enbl  0x0d  0x07    2    9      953   7  7
 15/pcieb#53     MSI        0    enbl  0x0d  0x07    2    9      953   7  7
 15/pcieb#55     MSI        4    enbl  0x0c  0x06    2    9      945   6  7
 15/xhci#1       MSI-X    463    enbl  0x0c  0x06    2    9      945   6  7
 15/ixgbe#9      MSI-X    465    enbl  0x0b  0x05    2    6      937   5  7
 15/pcieb#52     MSI        3    enbl  0x0b  0x05    2    9      937   5  7
 15/mpt_sas#1    MSI-X    498    enbl  0x0a  0x04    1    5      929   4  7
 15/pcieb#57     MSI        2    enbl  0x08  0x02    2    9      914   2  7
 15/mpt_sas#1    MSI-X    505    enbl  0x08  0x02    2    5      914   2  7
 15/pcieb#58     MSI        1    enbl  0x06  0x00    2    9      896   0  7
 15/mpt_sas#1    MSI-X    509    enbl  0x06  0x00    2    5      896   0  7
